addRecipe('10x fluid:electronics', '20x placeholder:ticks', ['exnihilocreatio:block_barrel0:0', 'mekanism:robit:0'])
addRecipe('excompressum:iron_mesh:0', 'exnihilocreatio:item_mesh:3')
addRecipe('2x tconstruct:shard:0:{Material:"fusewood"}', 'botania:shimmerwoodplanks:0', 'tconstruct:tooltables:2:*')
addRecipe('2x tconstruct:shard:0:{Material:"bloodwood"}', 'animus:blockbloodwood:0', 'tconstruct:tooltables:2:*')
addRecipe('rftools:shape_card:0', 'fluid:ic2uu_matter', ['ic2:crystal_memory:0:{Pattern:{id:"rftools:shape_card",Count:1b,Damage:0s}}', 'ic2:te:63'])
addRecipe('teslacorelib:base_addon:0', 'fluid:ic2uu_matter', ['ic2:crystal_memory:0:{Pattern:{id:"teslacorelib:base_addon",Count:1b,Damage:0s}}', 'ic2:te:63'])
addRecipe('cyclicmagic:soulstone:0', ['cyclicmagic:ender_pearl_mounted:0', 'cyclicmagic:crystallized_obsidian:0', '4020x placeholder:xp'], 'minecraft:anvil:0')
addRecipe('conarm:boots_core:0:{Material:"ma.supremium"}', ['contenttweaker:supremium_boots_base:0', '496595x placeholder:xp'], ['minecraft:anvil:0', 'mysticalagriculture:master_infusion_crystal:0'])
addRecipe('conarm:leggings_core:0:{Material:"ma.supremium"}', ['contenttweaker:supremium_leggings_base:0', '496595x placeholder:xp'], ['minecraft:anvil:0', 'mysticalagriculture:master_infusion_crystal:0'])
addRecipe('conarm:chest_core:0:{Material:"ma.supremium"}', ['contenttweaker:supremium_chest_base:0', '496595x placeholder:xp'], ['minecraft:anvil:0', 'mysticalagriculture:master_infusion_crystal:0'])
addRecipe('conarm:helmet_core:0:{Material:"ma.supremium"}', ['contenttweaker:supremium_helmet_base:0', '496595x placeholder:xp'], ['minecraft:anvil:0', 'mysticalagriculture:master_infusion_crystal:0'])
addRecipe('rats:feral_rat_claw:0', '300x actuallyadditions:item_hairy_ball:0')
addRecipe('quark:soul_bead:0', '1000x actuallyadditions:item_hairy_ball:0')
addRecipe('rats:marbled_cheese_rat_head:0', '1300x actuallyadditions:item_hairy_ball:0')
addRecipe('64x contenttweaker:compressed_garbage_pile:0', ['rats:contaminated_food:0', 'minecraft:coal:1', 'thermalfoundation:storage_resource:0', 'additionalcompression:charcoal_compressed:1', 'additionalcompression:charcoal_compressed:2', 'minecraft:coal_block:0', 'additionalcompression:logwood_compressed:0', 'additionalcompression:logwood_compressed:1', 'additionalcompression:logwood_compressed:2'], 'minecraft:crafting_table:0')
addRecipe('placeholder:pickaxe:0', 'tconstruct:pick_head:0:{Material:"flint"}')
addRecipe('placeholder:pickaxe:1', 'tconstruct:pick_head:0:{Material:"copper"}')
addRecipe('placeholder:pickaxe:2', 'tconstruct:pick_head:0:{Material:"certus_quartz"}')
addRecipe('placeholder:pickaxe:3', 'tconstruct:pick_head:0:{Material:"iron"}')
addRecipe('placeholder:pickaxe:4', 'tconstruct:pick_head:0:{Material:"lead"}')
addRecipe('placeholder:pickaxe:5', 'tconstruct:pick_head:0:{Material:"osmium"}')
addRecipe('placeholder:pickaxe:6', 'tconstruct:pick_head:0:{Material:"obsidian"}')
addRecipe('placeholder:pickaxe:7', 'tconstruct:pick_head:0:{Material:"cobalt"}')
addRecipe('placeholder:pickaxe:8', 'tconstruct:pick_head:0:{Material:"manyullyn"}')
addRecipe('placeholder:pickaxe:9', 'tconstruct:pick_head:0:{Material:"osgloglas"}')
addRecipe('placeholder:pickaxe:10', 'tconstruct:pick_head:0:{Material:"enderium"}')
addRecipe('placeholder:pickaxe:11', 'tconstruct:pick_head:0:{Material:"terrasteel"}')
addRecipe('placeholder:pickaxe:12', 'tconstruct:pick_head:0:{Material:"ma.supremium"}')
addRecipe('placeholder:pickaxe:13', 'tconstruct:pick_head:0:{Material:"draconic_metal"}')
addRecipe('placeholder:pickaxe:14', 'tconstruct:pick_head:0:{Material:"chaotic_metal"}')
addRecipe('placeholder:pickaxe:15', 'tconstruct:pick_head:0:{Material:"infinity_metal"}')
addRecipe('placeholder:axe:0', 'tconstruct:axe_head:0:{Material:"flint"}')
addRecipe('placeholder:axe:1', 'tconstruct:axe_head:0:{Material:"copper"}')
addRecipe('placeholder:axe:2', 'tconstruct:axe_head:0:{Material:"certus_quartz"}')
addRecipe('placeholder:axe:3', 'tconstruct:axe_head:0:{Material:"iron"}')
addRecipe('placeholder:axe:4', 'tconstruct:axe_head:0:{Material:"lead"}')
addRecipe('placeholder:axe:5', 'tconstruct:axe_head:0:{Material:"osmium"}')
addRecipe('placeholder:axe:6', 'tconstruct:axe_head:0:{Material:"obsidian"}')
addRecipe('placeholder:axe:7', 'tconstruct:axe_head:0:{Material:"cobalt"}')
addRecipe('placeholder:axe:8', 'tconstruct:axe_head:0:{Material:"manyullyn"}')
addRecipe('placeholder:axe:9', 'tconstruct:axe_head:0:{Material:"osgloglas"}')
addRecipe('placeholder:axe:10', 'tconstruct:axe_head:0:{Material:"enderium"}')
addRecipe('placeholder:axe:11', 'tconstruct:axe_head:0:{Material:"terrasteel"}')
addRecipe('placeholder:axe:12', 'tconstruct:axe_head:0:{Material:"ma.supremium"}')
addRecipe('placeholder:axe:13', 'tconstruct:axe_head:0:{Material:"draconic_metal"}')
addRecipe('placeholder:axe:14', 'tconstruct:axe_head:0:{Material:"chaotic_metal"}')
addRecipe('placeholder:axe:15', 'tconstruct:axe_head:0:{Material:"infinity_metal"}')
addRecipe('placeholder:shears:0', 'tconstruct:kama_head:0:{Material:"flint"}')
addRecipe('placeholder:shears:1', 'tconstruct:kama_head:0:{Material:"copper"}')
addRecipe('placeholder:shears:2', 'tconstruct:kama_head:0:{Material:"certus_quartz"}')
addRecipe('placeholder:shears:3', 'tconstruct:kama_head:0:{Material:"iron"}')
addRecipe('placeholder:shears:4', 'tconstruct:kama_head:0:{Material:"lead"}')
addRecipe('placeholder:shears:5', 'tconstruct:kama_head:0:{Material:"osmium"}')
addRecipe('placeholder:shears:6', 'tconstruct:kama_head:0:{Material:"obsidian"}')
addRecipe('placeholder:shears:7', 'tconstruct:kama_head:0:{Material:"cobalt"}')
addRecipe('placeholder:shears:8', 'tconstruct:kama_head:0:{Material:"manyullyn"}')
addRecipe('placeholder:shears:9', 'tconstruct:kama_head:0:{Material:"osgloglas"}')
addRecipe('placeholder:shears:10', 'tconstruct:kama_head:0:{Material:"enderium"}')
addRecipe('placeholder:shears:11', 'tconstruct:kama_head:0:{Material:"terrasteel"}')
addRecipe('placeholder:shears:12', 'tconstruct:kama_head:0:{Material:"ma.supremium"}')
addRecipe('placeholder:shears:13', 'tconstruct:kama_head:0:{Material:"draconic_metal"}')
addRecipe('placeholder:shears:14', 'tconstruct:kama_head:0:{Material:"chaotic_metal"}')
addRecipe('placeholder:shears:15', 'tconstruct:kama_head:0:{Material:"infinity_metal"}')
addRecipe('placeholder:shovel:0', 'tconstruct:shovel_head:0:{Material:"flint"}')
addRecipe('placeholder:shovel:1', 'tconstruct:shovel_head:0:{Material:"copper"}')
addRecipe('placeholder:shovel:2', 'tconstruct:shovel_head:0:{Material:"certus_quartz"}')
addRecipe('placeholder:shovel:3', 'tconstruct:shovel_head:0:{Material:"iron"}')
addRecipe('placeholder:shovel:4', 'tconstruct:shovel_head:0:{Material:"lead"}')
addRecipe('placeholder:shovel:5', 'tconstruct:shovel_head:0:{Material:"osmium"}')
addRecipe('placeholder:shovel:6', 'tconstruct:shovel_head:0:{Material:"obsidian"}')
addRecipe('placeholder:shovel:7', 'tconstruct:shovel_head:0:{Material:"cobalt"}')
addRecipe('placeholder:shovel:8', 'tconstruct:shovel_head:0:{Material:"manyullyn"}')
addRecipe('placeholder:shovel:9', 'tconstruct:shovel_head:0:{Material:"osgloglas"}')
addRecipe('placeholder:shovel:10', 'tconstruct:shovel_head:0:{Material:"enderium"}')
addRecipe('placeholder:shovel:11', 'tconstruct:shovel_head:0:{Material:"terrasteel"}')
addRecipe('placeholder:shovel:12', 'tconstruct:shovel_head:0:{Material:"ma.supremium"}')
addRecipe('placeholder:shovel:13', 'tconstruct:shovel_head:0:{Material:"draconic_metal"}')
addRecipe('placeholder:shovel:14', 'tconstruct:shovel_head:0:{Material:"chaotic_metal"}')
addRecipe('placeholder:shovel:15', 'tconstruct:shovel_head:0:{Material:"infinity_metal"}')
addRecipe('mysticalagriculture:crafting:0', ['8x ic2:crop_res:5', 'ore:seed', '1000x placeholder:ticks'])
addRecipe('botania_tweaks:compressed_tiny_potato_8:0', ['43046721x placeholder:mana', 'minecraft:potato:0'], 'botania:pool:0')
