
"Spectre (-343800852)": {
  15 randomthings:spectreblock:0
  426 randomthings:spectrecore:0
  },
"RFTools Dimension": {
  9131 rftoolsdim:block_blockdimensionalshard:0
  9131 rftoolsdim:dimensional_blank_block:0
  9131 rftoolsdim:dimensional_block:0
  9131 rftoolsdim:dimensional_cross2_block:0
  9131 rftoolsdim:dimensional_cross_block:0
  9131 rftoolsdim:dimensional_pattern1_block:0
  9131 rftoolsdim:dimensional_pattern2_block:0
  9131 rftoolsdim:dimensional_small_blocks:0
  },
"Overworld (0)": {
  1 minecraft:stone:0
  3 minecraft:air:0
  15 minecraft:bedrock:0
  31 minecraft:dirt:0
  43 minecraft:gravel:0
  63 chisel:basalt2:7
  65 minecraft:coal_ore:0
  66 minecraft:iron_ore:0
  71 quark:slate:0
  73 thermalfoundation:ore:0
  83 chisel:marble2:7
  86 minecraft:redstone_ore:0
  107 minecraft:clay:0
  117 minecraft:stone:5
  118 minecraft:stone:1
  118 minecraft:stone:3
  156 quark:biome_cobblestone:1
  163 chisel:limestone2:7
  171 minecraft:grass:0
  205 quark:stone_speleothem:0
  246 minecraft:sand:0
  265 quark:jasper:0
  279 thermalfoundation:ore:1
  285 minecraft:gold_ore:0
  305 minecraft:leaves:0
  309 immersiveengineering:ore:5
  312 minecraft:diamond_ore:0
  317 biomesoplenty:dirt:0
  362 appliedenergistics2:quartz_ore:0
  366 minecraft:sandstone:0
  381 actuallyadditions:block_misc:3
  384 biomesoplenty:leaves_1:10
  407 quark:roots:0
  417 thermalfoundation:ore:4
  426 thermalfoundation:ore:3
  429 thermalfoundation:ore:5
  462 biomesoplenty:mud:0
  468 minecraft:lapis_ore:0
  475 mekanism:oreblock:0
  492 quark:elder_prismarine:0
  545 biomesoplenty:dirt:2
  572 minecraft:leaves:1
  598 minecraft:cobblestone:0
  691 thaumcraft:ore_amber:0
  721 minecraft:snow:0
  737 thaumcraft:ore_cinnabar:0
  799 minecraft:snow_layer:0
  896 biomesoplenty:leaves_4:10
  1007 minecraft:leaves:2
  1060 biomesoplenty:grass:2
  1171 minecraft:mossy_cobblestone:0
  1204 quark:biome_cobblestone:0
  1263 nuclearcraft:ore:5
  1312 iceandfire:chared_stone:0
  1357 minecraft:tallgrass:1
  1420 minecraft:stonebrick:0
  1458 nuclearcraft:ore:3
  1487 minecraft:planks:0
  1530 iceandfire:chared_cobblestone:0
  1616 minecraft:log:0
  1625 minecraft:vine:0
  1641 astralsorcery:blockmarble:0
  1724 biomesoplenty:log_0:7
  1795 minecraft:stonebrick:2
  1912 minecraft:stonebrick:1
  2010 biomesoplenty:dirt:1
  2016 minecraft:packed_ice:0
  2084 nuclearcraft:ore:6
  2234 biomesoplenty:grass:4
  2239 biomesoplenty:leaves_3:11
  2295 forestry:resources:0
  2312 biomesoplenty:dried_sand:0
  2478 thermalfoundation:ore_fluid:1
  2594 minecraft:dirt:1
  2642 nuclearcraft:dry_earth:0
  2645 minecraft:log:1
  2707 nuclearcraft:ore:7
  2907 minecraft:leaves:3
  3041 minecraft:stained_hardened_clay:1
  3073 biomesoplenty:grass:1
  3081 biomesoplenty:leaves_2:11
  3118 biomesoplenty:plant_0:1
  3124 minecraft:hardened_clay:0
  3227 biomesoplenty:ash_block:0
  3407 quark:biome_cobblestone:2
  3493 minecraft:tallgrass:2
  3573 biomesoplenty:hard_ice:0
  3916 biomesoplenty:plant_0:0
  4149 biomesoplenty:mushroom:3
  4157 minecraft:log:2
  4325 biomesoplenty:log_2:4
  4675 appliedenergistics2:charged_quartz_ore:0
  5032 thaumcraft:crystal_terra:0
  5178 thermalfoundation:ore:6
  5399 thaumcraft:crystal_perditio:0
  5434 thaumcraft:crystal_aer:0
  5513 tconstruct:slime_dirt:0
  5521 thaumcraft:crystal_ordo:0
  5538 biomesoplenty:leaves_4:11
  5544 minecraft:stained_hardened_clay:13
  5557 minecraft:planks:1
  5614 minecraft:leaves2:1
  5633 minecraft:stained_hardened_clay:5
  5644 thaumcraft:crystal_aqua:0
  5659 quark:glowcelium:0
  5945 iceandfire:frozen_stone:0
  6064 iceandfire:frozen_cobblestone:0
  6299 astralsorcery:blockmarble:1
  6494 minecraft:red_sandstone:0
  6670 minecraft:log:3
  6777 iceandfire:goldpile:0
  6814 biomesoplenty:log_2:5
  6991 minecraft:emerald_ore:0
  7109 thaumcraft:crystal_ignis:0
  7584 minecraft:dirt:2
  7890 quark:roots_black_flower:0
  8166 minecraft:fence:0
  8196 biomesoplenty:grass:3
  8243 biomesoplenty:plant_0:12
  8376 thaumcraft:leaves_greatwood:0
  8449 quark:roots_blue_flower:0
  8463 quark:slate_speleothem:0
  8624 minecraft:log2:1
  8642 ic2:leaves:0
  8679 biomesoplenty:seaweed:0
  8823 quark:roots_white_flower:0
  9564 biomesoplenty:willow_vine:0
  9695 minecraft:web:0
  9876 minecraft:rail:0
  10328 biomesoplenty:leaves_5:9
  11179 biomesoplenty:coral:2
  11382 minecraft:ice:0
  12290 biomesoplenty:leaves_0:8
  13106 biomesoplenty:log_1:6
  13307 biomesoplenty:leaves_2:9
  13320 biomesoplenty:leaves_1:8
  13938 biomesoplenty:coral:3
  14249 minecraft:stone_brick_stairs:0
  14273 biomesoplenty:coral:4
  14546 minecraft:stained_hardened_clay:14
  14655 minecraft:obsidian:0
  14945 biomesoplenty:plant_0:11
  15063 thermalfoundation:ore_fluid:0
  15201 astralsorcery:blockmarble:2
  15319 biomesoplenty:leaves_1:9
  15400 minecraft:double_plant:0
  15572 minecraft:planks:4
  16124 minecraft:stained_hardened_clay:3
  17049 rustic:leaves:0
  17376 minecraft:brown_mushroom:0
  17717 biomesoplenty:coral:0
  19761 quark:diorite_speleothem:0
  20183 biomesoplenty:leaves_2:10
  20580 minecraft:leaves2:0
  21180 quark:andesite_speleothem:0
  21369 biomesoplenty:coral:1
  21536 biomesoplenty:flower_1:3
  21878 minecraft:red_mushroom:0
  22451 tconstruct:slime_dirt:2
  23206 minecraft:planks:3
  23529 astralsorcery:blockmarble:3
  23545 quark:granite_speleothem:0
  23885 biomesoplenty:leaves_5:8
  25326 biomesoplenty:log_3:5
  25764 quark:crystal:1
  26142 minecraft:double_plant:3
  28319 minecraft:double_plant:2
  28534 minecraft:log2:0
  28735 appliedenergistics2:sky_stone_block:0
  29476 quark:jasper_speleothem:0
  30901 minecraft:stained_hardened_clay:0
  31405 minecraft:stonebrick:3
  32294 biomesoplenty:dirt:8
  32964 minecraft:spruce_fence:0
  33076 quark:crystal:7
  33309 iceandfire:silverpile:0
  33392 tconstruct:slime_dirt:1
  33843 minecraft:stone_slab:5
  35822 minecraft:waterlily:0
  36034 minecraft:bone_block:0
  38299 quark:crystal:8
  38441 iceandfire:chared_dirt:0
  39522 biomesoplenty:leaves_0:9
  40323 minecraft:monster_egg:0
  40655 minecraft:yellow_flower:0
  40935 astralsorcery:blockmarble:4
  41625 thaumcraft:log_greatwood:0
  42299 minecraft:sand:1
  43561 quark:crystal:4
  44088 thaumcraft:leaves_silverwood:0
  44350 quark:crystal:3
  44825 minecraft:chest:0
  44934 biomesoplenty:leaves_3:9
  46917 biomesoplenty:log_0:6
  47439 biomesoplenty:plant_1:11
  48994 biomesoplenty:plant_0:10
  49015 quark:crystal:0
  49742 astralsorcery:blockcustomore:0
  50245 quark:crystal:6
  51333 biomesoplenty:dirt:9
  53164 biomesoplenty:double_plant:0
  53764 minecraft:slime:0
  53883 minecraft:sandstone:1
  53895 minecraft:bookshelf:0
  53924 biomesoplenty:waterlily:0
  55899 quark:crystal:5
  56039 minecraft:red_flower:0
  56428 rustic:leaves:1
  56611 biomesoplenty:leaves_0:10
  57788 ic2:rubber_wood:0
  58580 biomesoplenty:plant_0:3
  59474 biomesoplenty:plant_1:9
  63513 biomesoplenty:waterlily:2
  65058 biomesoplenty:leaves_4:8
  65110 extrautils2:redorchid:0
  65500 biomesoplenty:waterlily:1
  65593 biomesoplenty:flower_0:8
  65990 minecraft:stone:6
  66240 tconstruct:slime_grass:1
  71237 minecraft:wooden_slab:0
  71592 astralsorcery:blockmarblestairs:0
  71982 minecraft:stained_hardened_clay:12
  72741 biomesoplenty:log_0:5
  72869 quark:variant_leaves:0
  74463 minecraft:oak_stairs:0
  74526 biomesoplenty:bamboo:0
  76911 biomesoplenty:flower_1:0
  78393 rustic:core_root:0
  78650 rustic:mooncap_mushroom:0
  78652 biomesoplenty:plant_1:8
  79202 quark:elder_sea_lantern:0
  79723 biomesoplenty:plant_0:2
  81914 quark:glowshroom:0
  83442 harvestcraft:pammaple:0
  86629 minecraft:acacia_fence:0
  86727 biomesoplenty:plant_1:4
  88290 biomesoplenty:log_2:6
  89819 astralsorcery:blockcustomsandore:0
  98985 minecraft:stained_hardened_clay:8
  100471 thaumcraft:log_silverwood:0
  102308 minecraft:red_flower:4
  111796 endreborn:block_entropy_end_stone:0
  113349 minecraft:stone:2
  113900 minecraft:sandstone:2
  114653 minecraft:red_flower:6
  115007 biomesoplenty:flower_0:0
  115279 iceandfire:chared_gravel:0
  117180 biomesoplenty:leaves_3:10
  120372 minecraft:torch:0
  122081 biomesoplenty:log_4:5
  122418 rustic:log:0
  122895 minecraft:ladder:0
  123401 biomesoplenty:flower_0:5
  126400 biomesoplenty:leaves_5:11
  126533 quark:crystal:2
  130985 biomesoplenty:flower_0:9
  130990 minecraft:nether_brick:0
  131399 minecraft:grass_path:0
  132198 astralsorcery:blockmarble:6
  132307 minecraft:red_flower:8
  133738 minecraft:red_flower:5
  134547 iceandfire:chared_grass:0
  135328 biomesoplenty:leaves_0:11
  137796 biomesoplenty:leaves_5:10
  138097 botania:mushroom:12
  138808 rustic:horsetail:0
  141571 minecraft:jungle_fence:0
  144589 biomesoplenty:mushroom:0
  145682 minecraft:red_flower:3
  148163 minecraft:iron_bars:0
  148265 minecraft:stone:4
  149326 botania:mushroom:4
  150965 integrateddynamics:menril_leaves:0
  156297 minecraft:stone_slab:0
  157258 astralsorcery:blockcustomflower:0
  157334 tconstruct:slime_grass:8
  158195 minecraft:stone_stairs:0
  159510 rustic:wildberry_bush:0
  159920 botania:mushroom:2
  159945 botania:mushroom:6
  159961 botania:mushroom:13
  160869 tconstruct:slime_vine_blue:0
  162685 botania:mushroom:1
  162903 botania:mushroom:9
  162986 botania:mushroom:15
  164564 botania:mushroom:3
  164680 biomesoplenty:waterlily:3
  165686 biomesoplenty:flower_0:7
  165743 biomesoplenty:ivy:0
  166376 minecraft:reeds:0
  166862 botania:mushroom:8
  166971 botania:mushroom:11
  167986 botania:mushroom:5
  169213 botania:mushroom:0
  170930 minecraft:red_flower:2
  172207 botania:mushroom:14
  175619 harvestcraft:shadedgarden:0
  176259 minecraft:stone_slab:1
  177324 botania:mushroom:10
  177797 tconstruct:slime_vine_blue_mid:0
  178194 thaumcraft:grass_ambient:0
  179064 minecraft:sandstone_stairs:0
  179815 botania:mushroom:7
  186773 minecraft:red_flower:1
  190841 biomesoplenty:plant_0:9
  193526 rustic:chamomile:0
  196489 biomesoplenty:plant_0:5
  198692 thermalfoundation:fluid_crude_oil:0
  199274 minecraft:wool:0
  200326 harvestcraft:beehive:0
  202825 minecraft:iron_door:0
  203409 minecraft:wooden_button:0
  211978 rustic:ginseng:0
  212111 minecraft:bed:0
  214099 minecraft:sea_lantern:0
  215802 minecraft:planks:5
  218222 biomesoplenty:log_3:6
  226069 rustic:log:1
  226604 rustic:cohosh:0
  235766 nuclearcraft:glowing_mushroom:0
  237211 minecraft:double_plant:4
  238479 minecraft:wooden_slab:4
  257894 minecraft:red_flower:7
  258301 tconstruct:slime_leaves:1
  268318 biomesoplenty:plant_0:14
  268584 minecraft:deadbush:0
  273602 tconstruct:slime_congealed:0
  273784 biomesoplenty:flower_0:1
  275961 minecraft:carpet:14
  285147 biomesoplenty:flower_1:2
  290714 thermalfoundation:fluid_petrotheum:0
  290991 minecraft:crafting_table:0
  293006 minecraft:stone_button:0
  294978 minecraft:end_stone:0
  303975 biomesoplenty:double_plant:3
  306298 tconstruct:slime_vine_blue_end:0
  314248 actuallyadditions:item_canola_seed:0
  314914 iceandfire:ash:0
  318269 biomesoplenty:log_3:7
  321398 quark:variant_leaves:1
  326131 thaumcraft:vishroom:0
  354404 astralsorcery:blockmarble:5
  357815 integrateddynamics:menril_log:0
  363479 minecraft:wooden_slab:1
  377618 tconstruct:slime_vine_purple_mid:0
  395905 biomesoplenty:mushroom:2
  409880 mia:flower_dead:0
  410974 minecraft:glass_pane:0
  413825 minecraft:double_plant:5
  418607 rustic:wind_thistle:0
  420070 tconstruct:slime_congealed:1
  422395 minecraft:skull:0
  438019 minecraft:dye:3
  446749 minecraft:farmland:0
  446975 actuallyadditions:item_coffee_seed:0
  463777 harvestcraft:pamgooseberry:0
  470885 harvestcraft:pamchestnut:0
  475687 biomesoplenty:mushroom:4
  479933 minecraft:double_plant:1
  494111 botania:flower:8
  496066 floralchemy:hedge:0
  496592 botania:flower:15
  497130 harvestcraft:pamsoursop:0
  499220 biomesoplenty:plant_1:3
  499439 botania:flower:5
  500750 harvestcraft:pamavocado:0
  508649 harvestcraft:pampear:0
  512132 harvestcraft:pamspiderweb:0
  516462 betteranimalsplus:trillium:0
  519614 harvestcraft:pamwalnut:0
  525976 minecraft:trapdoor:0
  527764 biomesoplenty:plant_1:2
  530761 rustic:aloe_vera:0
  536162 botania:flower:13
  552989 harvestcraft:windygarden:0
  557943 botania:flower:9
  558317 minecraft:acacia_stairs:0
  560327 botania:flower:3
  562205 biomesoplenty:flower_0:6
  573564 harvestcraft:pamcherry:0
  593954 minecraft:redstone:0
  605609 botania:flower:12
  606238 botania:flower:11
  614507 botania:flower:14
  618195 minecraft:furnace:0
  622618 harvestcraft:pamplum:0
  642324 harvestcraft:pamhazelnut:0
  643157 forestry:planks.fireproof.0:5
  647423 botania:flower:4
  650618 tconstruct:slime_grass_tall:4
  660594 harvestcraft:pampawpaw:0
  666881 biomesoplenty:flower_0:4
  677588 botania:flower:0
  679050 tconstruct:slime_grass_tall:5
  684224 tconstruct:slime_congealed:2
  686735 harvestcraft:pamapple:0
  695385 botania:flower:1
  695662 minecraft:glowstone:0
  699159 botania:flower:10
  702551 biomesoplenty:plant_1:0
  705385 tconstruct:slime_vine_purple:0
  727798 harvestcraft:pamnutmeg:0
  739877 minecraft:netherrack:0
  748178 actuallyadditions:block_treasure_chest:0
  752070 forestry:stairs.fireproof.wenge:0
  757082 harvestcraft:frostgarden:0
  758570 biomesoplenty:plant_1:10
  763158 minecraft:wooden_door:0
  770327 botania:flower:6
  773412 astralsorcery:blockportalnode:0
  808526 minecraft:sticky_piston:0
  846877 minecraft:nether_brick_fence:0
  858775 rustic:marsh_mallow:0
  867790 minecraft:wool:15
  880313 minecraft:stone_slab:3
  888981 minecraft:stained_hardened_clay:4
  897428 biomesoplenty:mushroom:1
  900684 biomesoplenty:log_1:5
  933432 minecraft:potato:0
  959385 harvestcraft:soggygarden:0
  968762 botania:flower:2
  1003131 minecraft:cobblestone_wall:0
  1019245 biomesoplenty:flower_0:2
  1025513 rustic:cloudsbluff:0
  1029980 botania:flower:7
  1046816 rustic:beehive:0
  1048404 minecraft:bed:14
  1049296 biomesoplenty:log_3:4
  1144297 biomesoplenty:plant_1:5
  1158544 biomesoplenty:flower_0:3
  1163062 forestry:beehives:5
  1166433 biomesoplenty:flower_1:1
  1172039 biomesoplenty:flower_0:14
  1188605 minecraft:gold_block:0
  1198457 biomesoplenty:bramble_plant:0
  1205118 minecraft:cactus:0
  1219435 minecraft:spruce_stairs:0
  1220239 minecraft:sign:0
  1301753 minecraft:dark_oak_fence:0
  1320492 minecraft:lapis_block:0
  1332489 forestry:beehives:1
  1373989 botania:doubleflower2:7
  1442019 minecraft:wooden_pressure_plate:0
  1530647 botania:doubleflower1:5
  1554400 harvestcraft:tropicalgarden:0
  1570052 minecraft:monster_egg:2
  1594496 minecraft:tallgrass:0
  1600559 tconstruct:slime_grass_tall:1
  1615533 minecraft:repeater:0
  1621077 minecraft:stained_glass_pane:7
  1637593 minecraft:pumpkin:0
  1656798 biomesoplenty:log_1:7
  1670138 minecraft:birch_stairs:0
  1678701 forestry:fences.fireproof.0:5
  1710952 tconstruct:slime_grass_tall:0
  1719172 tconstruct:slime_vine_purple_end:0
  1723817 minecraft:ender_chest:0
  1760595 minecraft:wooden_slab:2
  1761949 minecraft:bed:15
  1794330 botania:doubleflower2:2
  1797222 botania:doubleflower2:3
  1908799 botania:doubleflower1:0
  1918189 minecraft:wooden_slab:5
  1966228 minecraft:wheat_seeds:0
  1989097 minecraft:stained_glass:4
  2010815 biomesoplenty:plant_0:15
  2048845 endreborn:block_essence_ore:0
  2056560 biomesoplenty:leaves_4:9
  2062407 immersiveengineering:treated_wood:0
  2104627 minecraft:wool:13
  2118955 minecraft:anvil:0
  2218068 biomesoplenty:plant_1:6
  2218068 thaumcraft:cinderpearl:0
  2239186 forestry:slabs.fireproof.0:5
  2378196 minecraft:lever:0
  2461003 forestry:logs.fireproof.1:1
  2557883 botania:doubleflower2:1
  2610798 minecraft:enchanting_table:0
  2633005 botania:doubleflower1:2
  2685594 thaumcraft:shimmerleaf:0
  2708757 harvestcraft:pamlime:0
  2722342 harvestcraft:pamjackfruit:0
  2777581 botania:doubleflower2:6
  2824409 botania:doubleflower1:4
  2841080 rustic:iron_lantern:0
  2952328 minecraft:end_portal_frame:0
  2954498 minecraft:dispenser:0
  2982835 minecraft:glass:0
  3006863 minecraft:acacia_door:0
  3085619 forestry:slabs.fireproof.0:13
  3107183 iceandfire:pixie_house:0
  3124929 harvestcraft:pampomegranate:0
  3130449 botania:doubleflower2:4
  3130786 botania:doubleflower1:1
  3132913 minecraft:wooden_slab:3
  3135977 forestry:beehives:6
  3206241 integrateddynamics:menril_log_filled:0
  3216756 minecraft:comparator:0
  3216756 minecraft:jukebox:0
  3306962 harvestcraft:pamlemon:0
  3308367 immersiveengineering:wooden_decoration:0
  3315050 astralsorcery:blockcollectorcrystal:0:{astralsorcery:{constellationName:"astralsorcery.constellation.armara",crystalProperties:{collectiveCapability:100,size:400,fract:0,purity:100,sizeOverride:-1},collectorType:0}}
  3381465 minecraft:piston:0
  3468553 botania:doubleflower1:7
  3490729 minecraft:wool:14
  3661852 harvestcraft:pampistachio:0
  3664672 harvestcraft:pampapaya:0
  3797601 forestry:beehives:0
  3799153 botania:doubleflower1:3
  3878110 botania:doubleflower2:0
  3919405 minecraft:banner:0:{BlockEntityTag:{Patterns:[{Pattern:"sku",Color:15}]}}
  4094475 minecraft:redstone_torch:0
  4156887 harvestcraft:pamcashew:0
  4166970 harvestcraft:pamstarfruit:0
  4208686 harvestcraft:pamrambutan:0
  4284290 harvestcraft:pamalmond:0
  4392258 botania:doubleflower1:6
  4598054 minecraft:stone_slab:4
  4734577 forestry:beehives:3
  4739807 minecraft:cauldron:0
  4773252 biomesoplenty:plant_0:13
  4904260 minecraft:carpet:15
  5024795 minecraft:dark_oak_door:0
  5227085 harvestcraft:pampecan:0
  5379280 harvestcraft:pamguava:0
  5392682 harvestcraft:pamdragonfruit:0
  5411556 astralsorcery:blockcollectorcrystal:0:{astralsorcery:{constellationName:"astralsorcery.constellation.vicio",crystalProperties:{collectiveCapability:100,size:400,fract:0,purity:100,sizeOverride:-1},collectorType:0}}
  5415429 minecraft:lit_pumpkin:0
  5424574 rustic:golden_lantern:0
  5514440 minecraft:brick_stairs:0
  5623145 minecraft:stained_glass:1
  5643425 astralsorcery:blockcollectorcrystal:0:{astralsorcery:{constellationName:"astralsorcery.constellation.aevitas",crystalProperties:{collectiveCapability:100,size:400,fract:0,purity:100,sizeOverride:-1},collectorType:0}}
  5657259 botania:doubleflower2:5
  5759893 harvestcraft:pamdate:0
  5760085 harvestcraft:pampeppercorn:0
  5789608 engineersdoors:door_treated:0
  5829970 astralsorcery:blockcollectorcrystal:0:{astralsorcery:{constellationName:"astralsorcery.constellation.evorsio",crystalProperties:{collectiveCapability:100,size:400,fract:0,purity:100,sizeOverride:-1},collectorType:0}}
  6174059 minecraft:nether_brick_stairs:0
  6197391 harvestcraft:pamcoconut:0
  6205090 harvestcraft:pampeach:0
  6312209 minecraft:string:0
  6313951 harvestcraft:pamtamarind:0
  6629079 minecraft:melon_block:0
  7793009 harvestcraft:pamfig:0
  8416650 minecraft:dark_oak_stairs:0
  8578772 minecraft:flower_pot:0
  8581567 minecraft:birch_fence:0
  8584701 forestry:fruits:6
  8881446 minecraft:quartz_block:1
  8891460 minecraft:bed:13
  8892618 forestry:doors.wenge:0
  8991517 harvestcraft:pambanana:0
  9283706 minecraft:redstone_block:0
  9509951 harvestcraft:pamdurian:0
  9529451 harvestcraft:pammango:0
  9529451 minecraft:tripwire_hook:0
  9531224 minecraft:pumpkin_seeds:0
  10594129 astralsorcery:blockcollectorcrystal:0:{astralsorcery:{constellationName:"astralsorcery.constellation.discidia",crystalProperties:{collectiveCapability:100,size:400,fract:0,purity:100,sizeOverride:-1},collectorType:0}}
  11055122 harvestcraft:pamcinnamon:0
  11571646 harvestcraft:aridgarden:0
  11579063 forestry:beehives:2
  12328744 harvestcraft:pambreadfruit:0
  12341532 minecraft:hopper:0
  12347000 minecraft:monster_egg:4
  12347912 biomesoplenty:flower_0:12
  12347912 forestry:fence.gates.fireproof.wenge:0
  15276092 biomesoplenty:log_1:4
  15276092 biomesoplenty:leaves_1:11
  16580652 harvestcraft:pamvanillabean:0
  16581672 harvestcraft:pampaperbark:0
  16587764 minecraft:brick_block:0
  16593897 forestry:fruits:5
  16595101 minecraft:acacia_fence_gate:0
  17766398 iceandfire:frost_lily:0
  17776703 minecraft:fence_gate:0
  17776703 minecraft:stained_glass:7
  17784579 minecraft:monster_egg:3
  17785892 forestry:bee_house:0
  17785892 minecraft:carpet:7
  29233466 biomesoplenty:log_4:4
  29233466 biomesoplenty:leaves_6:8
  29233466 biomesoplenty:leaves_6:9
  32904837 harvestcraft:pampersimmon:0
  33140186 biomesoplenty:flower_0:11
  33140186 minecraft:stone_slab:7
  33153270 minecraft:quartz_block:2
  33164186 rustic:blood_orchid:0
  33165374 minecraft:carpet:0
  33165374 rats:garbage_pile:0
  33185158 immersiveengineering:wooden_device0:0
  33187197 rats:rattrap:0
  33188598 minecraft:stone_slab:2
  33190754 harvestcraft:pamapricot:0
  },
"Nether (-1)": {
  1 minecraft:air:0
  1 minecraft:netherrack:0
  7 biomesoplenty:flesh:0
  10 minecraft:soul_sand:0
  14 minecraft:bedrock:0
  29 minecraft:quartz_ore:0
  48 minecraft:magma:0
  59 biomesoplenty:ash_block:0
  87 minecraft:nether_brick:0
  109 netherendingores:ore_nether_vanilla:0
  200 biomesoplenty:grass:6
  224 netherendingores:ore_nether_vanilla:6
  310 netherendingores:ore_nether_modded_1:9
  331 netherendingores:ore_nether_vanilla:3
  331 netherendingores:ore_nether_vanilla:5
  342 netherendingores:ore_nether_vanilla:1
  377 biomesoplenty:ivy:0
  397 netherendingores:ore_nether_modded_1:1
  421 netherendingores:ore_nether_vanilla:4
  445 quark:netherrack_speleothem:0
  494 netherendingores:ore_nether_modded_1:8
  526 netherendingores:ore_nether_modded_1:10
  557 tconstruct:ore:1
  565 tconstruct:ore:0
  583 netherendingores:ore_nether_modded_1:0
  655 biomesoplenty:bramble_plant:0
  672 netherendingores:ore_nether_modded_1:6
  691 biomesoplenty:grass:8
  764 netherendingores:ore_nether_modded_1:11
  773 netherendingores:ore_nether_modded_1:12
  809 netherendingores:ore_nether_modded_1:3
  811 netherendingores:ore_nether_modded_1:5
  967 minecraft:red_mushroom:0
  971 netherendingores:ore_nether_vanilla:2
  1222 tconstruct:slime_dirt:3
  1376 biomesoplenty:plant_1:7
  1608 minecraft:glowstone:0
  1838 minecraft:leaves:0
  2545 minecraft:obsidian:0
  2740 minecraft:gravel:0
  2963 minecraft:nether_wart_block:0
  2968 biomesoplenty:hive:0
  2996 minecraft:nether_brick_fence:0
  3195 biomesoplenty:leaves_3:8
  3693 minecraft:brown_mushroom:0
  4618 thermalfoundation:fluid_pyrotheum:0
  5574 minecraft:bone_block:0
  6005 biomesoplenty:log_2:7
  8079 tconstruct:slime_grass:14
  9516 biomesoplenty:plant_0:13
  13282 biomesoplenty:hive:3
  13472 biomesoplenty:hive:1
  14971 biomesoplenty:plant_1:2
  15040 biomesoplenty:jar_filled:1
  15232 biomesoplenty:hive:2
  16303 biomesoplenty:mushroom:0
  18115 tconstruct:slime_leaves:2
  21696 biomesoplenty:mushroom:3
  27197 biomesoplenty:flower_0:15
  27200 biomesoplenty:mushroom:4
  28846 tconstruct:slime_congealed:4
  29702 rustic:deathstalk_mushroom:0
  31146 biomesoplenty:double_plant:2
  32764 minecraft:nether_brick_stairs:0
  36914 biomesoplenty:honey_block:0
  37511 quark:smoker:0
  40349 thaumicaugmentation:stone:0
  63478 nuclearcraft:glowing_mushroom:0
  91316 tconstruct:slime_grass_tall:9
  97750 tconstruct:slime_grass_tall:8
  98371 minecraft:nether_wart:0
  153601 tconstruct:slime_congealed:3
  320424 thaumicaugmentation:stone:2
  413018 minecraft:chest:0
  438993 botania:mushroom:5
  462733 botania:mushroom:9
  464673 botania:mushroom:8
  468097 botania:mushroom:14
  491982 botania:mushroom:10
  495939 botania:mushroom:4
  500662 botania:mushroom:2
  526802 botania:mushroom:11
  532281 botania:mushroom:15
  532925 botania:mushroom:1
  534133 botania:mushroom:7
  562315 botania:mushroom:12
  569303 botania:mushroom:0
  611281 botania:mushroom:13
  644024 botania:mushroom:6
  754347 botania:mushroom:3
  1770091 quark:blaze_lantern:0
  },
"The End (1)": {
  3 minecraft:air:0
  5 minecraft:end_stone:0
  108 endreborn:block_lormyte_crystal:0
  890 biomesoplenty:crystal:0
  1166 endreborn:block_wolframium_ore:0
  2230 biomesoplenty:biome_block:0
  3073 minecraft:obsidian:0
  4194 minecraft:chorus_plant:0
  7959 endreborn:block_entropy_end_stone:0
  14815 minecraft:purpur_block:0
  19813 thaumcraft:crystal_perditio:0
  20212 thaumcraft:crystal_aer:0
  20699 thaumcraft:crystal_ordo:0
  33600 minecraft:purpur_pillar:0
  37130 minecraft:purpur_stairs:0
  37170 thaumcraft:crystal_terra:0
  37904 thaumcraft:crystal_aqua:0
  40051 extrautils2:enderlilly:0
  41669 thaumcraft:crystal_ignis:0
  42520 minecraft:end_bricks:0
  59703 minecraft:chorus_flower:0
  127710 endreborn:block_essence_ore:0
  163439 minecraft:purpur_slab:0
  181790 minecraft:stained_glass:2
  343737 biomesoplenty:gem_ore:0
  343737 endreborn:dragon_essence:0
  348723 minecraft:end_rod:0
  594341 forestry:beehives:4
  1625776 minecraft:iron_bars:0
  2461317 minecraft:ladder:0
  3405000 minecraft:banner:13:{BlockEntityTag:{Patterns:[{Pattern:"tt",Color:0},{Pattern:"bt",Color:0}]}}
  4042399 minecraft:bedrock:0
  21302118 minecraft:chest:0
  61574728 minecraft:ender_chest:0
  },
"Twilight Forest (7)": {
  2 minecraft:air:0
  2 minecraft:stone:0
  9 minecraft:dirt:0
  12 twilightforest:deadrock:2
  15 minecraft:bedrock:0
  52 minecraft:grass:0
  61 chisel:basalt2:7
  75 twilightforest:twilight_leaves:0
  78 minecraft:ice:0
  82 minecraft:redstone_ore:0
  88 minecraft:gravel:0
  90 twilightforest:root:0
  90 twilightforest:root:1
  101 minecraft:iron_ore:0
  105 minecraft:leaves:0
  109 twilightforest:dark_leaves:0
  142 chisel:marble2:7
  164 minecraft:coal_ore:0
  188 minecraft:stone:1
  189 minecraft:stone:5
  190 minecraft:stone:3
  200 twilightforest:castle_brick:0
  207 twilightforest:twilight_log:0
  217 twilightforest:twilight_leaves:1
  224 twilightforest:deadrock:1
  244 minecraft:leaves:1
  273 minecraft:gold_ore:0
  294 immersiveengineering:ore:5
  308 minecraft:clay:0
  320 minecraft:diamond_ore:0
  411 minecraft:tallgrass:1
  418 minecraft:lapis_ore:0
  445 minecraft:sand:0
  449 thermalfoundation:ore:3
  477 mekanism:oreblock:0
  477 thermalfoundation:ore:5
  512 twilightforest:twilight_log:1
  551 minecraft:vine:0
  562 actuallyadditions:block_misc:3
  571 minecraft:tallgrass:2
  594 twilightforest:thorns:0
  614 minecraft:snow_layer:0
  652 minecraft:stonebrick:0
  738 minecraft:leaves:2
  804 minecraft:red_mushroom:0
  852 thaumcraft:ore_cinnabar:0
  876 twilightforest:twilight_log:3
  894 minecraft:log:1
  960 minecraft:log:0
  966 thermalfoundation:ore:1
  974 twilightforest:deadrock:0
  999 minecraft:stonebrick:1
  1145 twilightforest:tower_wood:0
  1178 twilightforest:twilight_plant:8
  1251 nuclearcraft:ore:5
  1411 twilightforest:maze_stone:0
  1440 nuclearcraft:ore:3
  1499 twilightforest:maze_stone:6
  1505 minecraft:stonebrick:2
  1556 minecraft:brown_mushroom:0
  1767 twilightforest:underbrick:0
  1837 twilightforest:twilight_leaves:2
  1913 twilightforest:twilight_plant:5
  1978 twilightforest:trollsteinn:0
  2060 nuclearcraft:ore:6
  2169 thermalfoundation:ore:0
  2351 quark:variant_leaves:0
  2393 minecraft:cobblestone:0
  2471 minecraft:planks:2
  2522 twilightforest:twilight_plant:1
  2630 nuclearcraft:ore:7
  2701 chisel:limestone2:7
  2734 twilightforest:tower_wood:1
  2749 minecraft:dirt:2
  2837 twilightforest:underbrick:1
  3018 appliedenergistics2:quartz_ore:0
  3071 twilightforest:maze_stone:3
  3100 minecraft:double_plant:2
  3366 thaumcraft:leaves_greatwood:0
  3387 ic2:leaves:0
  3402 twilightforest:twilight_log:2
  3774 minecraft:fence:0
  4063 twilightforest:underbrick:2
  4742 minecraft:log:2
  4945 twilightforest:huge_lilypad:0
  5101 minecraft:yellow_flower:0
  5145 twilightforest:fluffy_cloud:0
  5338 thermalfoundation:ore:6
  5344 twilightforest:trollvidr:0
  5465 twilightforest:maze_stone:1
  5713 minecraft:dirt:1
  5872 minecraft:monster_egg:2
  6099 minecraft:mossy_cobblestone:0
  6166 minecraft:stone_brick_stairs:0
  6314 minecraft:wooden_slab:2
  6501 twilightforest:aurora_block:0
  6542 minecraft:packed_ice:0
  6679 minecraft:double_plant:3
  6845 minecraft:cobblestone_wall:0
  6890 twilightforest:firefly:0
  6985 twilightforest:twilight_leaves_3:0
  7357 minecraft:stone_slab:0
  7780 thermalfoundation:ore:4
  8011 twilightforest:castle_rune_brick:1
  8817 minecraft:red_flower:0
  9116 minecraft:obsidian:0
  9368 minecraft:stone:6
  9578 twilightforest:castle_brick:1
  9664 twilightforest:twilight_plant:7
  9893 twilightforest:castle_brick:2
  9939 twilightforest:tower_wood:2
  10003 twilightforest:tower_wood:3
  10303 twilightforest:hedge:0
  10788 thaumcraft:ore_amber:0
  10916 twilightforest:maze_stone:4
  10937 thermalfoundation:ore_fluid:1
  11310 twilightforest:wispy_cloud:0
  11442 thaumcraft:crystal_terra:0
  11506 minecraft:planks:0
  11590 twilightforest:thorns:1
  11718 biomesoplenty:mushroom:3
  11720 appliedenergistics2:charged_quartz_ore:0
  11950 minecraft:bookshelf:0
  12388 twilightforest:castle_brick:3
  13424 minecraft:mycelium:0
  14191 twilightforest:etched_nagastone:0
  14582 thaumcraft:crystal_ordo:0
  14833 thaumcraft:crystal_perditio:0
  15921 thaumcraft:crystal_aqua:0
  15932 minecraft:spruce_stairs:0
  16250 minecraft:brick_block:0
  16271 twilightforest:maze_stone:5
  16416 thaumcraft:log_greatwood:0
  17509 minecraft:waterlily:0
  17730 thaumcraft:crystal_ignis:0
  17935 twilightforest:giant_leaves:0
  18214 twilightforest:twilight_plant:6
  18677 twilightforest:maze_stone:2
  18731 thaumcraft:crystal_aer:0
  19894 twilightforest:uberous_soil:0
  20926 twilightforest:twilight_plant:4
  20962 twilightforest:twilight_leaves:3
  20978 biomesoplenty:plant_1:9
  21226 twilightforest:force_field:4
  23170 twilightforest:cicada:0
  23194 twilightforest:castle_rune_brick:0
  23219 twilightforest:castle_rune_brick:2
  23613 draconicevolution:draconium_ore:0
  24141 thaumcraft:leaves_silverwood:0
  24597 ic2:rubber_wood:0
  26464 twilightforest:etched_nagastone_weathered:0
  26729 twilightforest:etched_nagastone_mossy:0
  28728 minecraft:glass_pane:0
  29255 twilightforest:castle_brick:5
  31057 twilightforest:giant_obsidian:0
  31167 minecraft:birch_stairs:0
  33094 minecraft:iron_bars:0
  34223 twilightforest:tower_wood:4
  34893 harvestcraft:shadedgarden:0
  35400 minecraft:netherrack:0
  35716 minecraft:quartz_block:1
  35737 minecraft:cobblestone_wall:1
  36753 twilightforest:spiral_bricks:0
  37382 twilightforest:unripe_trollber:0
  37387 twilightforest:force_field:3
  37472 minecraft:ladder:0
  38097 minecraft:planks:3
  39231 minecraft:torch:0
  40956 twilightforest:twilight_plant:9
  41755 minecraft:stone_slab:5
  43953 minecraft:web:0
  44854 twilightforest:castle_stairs_brick:0
  44936 minecraft:log:3
  45913 twilightforest:castle_pillar:0
  46629 minecraft:oak_stairs:0
  47512 twilightforest:maze_stone:7
  48160 twilightforest:castle_pillar:2
  49395 twilightforest:giant_cobblestone:0
  50445 twilightforest:twilight_plant:3
  53327 minecraft:stone_stairs:0
  54163 biomesoplenty:flower_1:3
  55390 minecraft:brick_stairs:0
  55505 twilightforest:tower_device:2
  55513 forestry:resources:0
  56458 twilightforest:force_field:1
  56649 minecraft:chest:0
  57005 twilightforest:firefly_jar:0
  65000 twilightforest:naga_stone:1
  65418 twilightforest:giant_log:0
  65670 minecraft:planks:5
  65678 twilightforest:sort_planks:0
  65781 minecraft:stone_slab:3
  65911 minecraft:reeds:0
  65977 minecraft:pumpkin:0
  66308 twilightforest:twilight_oak_planks:0
  66397 twilightforest:sort_stairs:0
  67957 twilightforest:nagastone_pillar:0
  67968 twilightforest:mine_planks:0
  70820 thaumcraft:log_silverwood:0
  72100 twilightforest:mine_stairs:0
  74142 minecraft:dark_oak_stairs:0
  87035 minecraft:double_plant:5
  87746 minecraft:wooden_slab:0
  88487 twilightforest:dark_planks:0
  88527 twilightforest:twilight_oak_stairs:0
  89412 twilightforest:dark_stairs:0
  89839 minecraft:double_plant:4
  93808 integrateddynamics:menril_leaves:0
  95049 twilightforest:time_planks:0
  97756 minecraft:dark_oak_fence:0
  104312 minecraft:double_plant:1
  104798 twilightforest:canopy_planks:0
  105976 twilightforest:mangrove_planks:0
  108006 twilightforest:trans_planks:0
  108032 twilightforest:tower_device:0
  108829 minecraft:planks:4
  109206 minecraft:jungle_stairs:0
  109309 minecraft:planks:1
  110354 minecraft:redstone_lamp:0
  121725 betteranimalsplus:trillium:0
  123859 minecraft:glass:0
  127774 twilightforest:nagastone_pillar_mossy:0
  131239 twilightforest:time_stairs:0
  131832 twilightforest:canopy_stairs:0
  132701 minecraft:glowstone:0
  134773 twilightforest:nagastone_pillar_weathered:0
  137410 twilightforest:trans_stairs:0
  143407 minecraft:redstone:0
  145200 minecraft:acacia_stairs:0
  145908 actuallyadditions:item_canola_seed:0
  148797 botania:flower:8
  153058 twilightforest:mangrove_stairs:0
  155977 minecraft:leaves:3
  158633 botania:flower:1
  160397 botania:flower:12
  162253 botania:flower:9
  164751 botania:flower:0
  169028 twilightforest:twilight_plant:0
  169935 botania:flower:3
  170649 botania:flower:13
  171909 botania:flower:10
  174831 botania:flower:14
  176297 twilightforest:sort_slab:0
  182092 twilightforest:mine_slab:0
  182315 botania:flower:11
  182834 extrautils2:redorchid:0
  190113 minecraft:wooden_slab:5
  190230 botania:flower:15
  191168 botania:flower:6
  192946 twilightforest:twilight_oak_slab:0
  193151 botania:flower:4
  197325 botania:flower:7
  197791 twilightforest:castle_door:3
  198816 minecraft:wooden_slab:3
  207433 botania:flower:5
  210359 twilightforest:huge_waterlily:0
  211026 minecraft:stonebrick:3
  212880 botania:flower:2
  218364 minecraft:tnt:0
  228876 integrateddynamics:menril_log:0
  230287 actuallyadditions:item_coffee_seed:0
  234734 twilightforest:dark_slab:0
  234775 twilightforest:trans_slab:0
  239245 twilightforest:thorn_rose:0
  239514 minecraft:lever:0
  242740 minecraft:wooden_pressure_plate:0
  247103 botania:mushroom:0
  261709 minecraft:wooden_slab:1
  266183 botania:mushroom:13
  268456 twilightforest:aurora_pillar:0
  269163 botania:mushroom:3
  271512 botania:mushroom:14
  275704 randomthings:pitcherplant:0
  278579 botania:mushroom:2
  280742 botania:mushroom:12
  281190 botania:mushroom:5
  282003 botania:mushroom:4
  286527 harvestcraft:soggygarden:0
  286642 minecraft:deadbush:0
  288284 mysticalagriculture:prosperity_ore:0
  290955 minecraft:wooden_slab:4
  293478 botania:mushroom:15
  293761 harvestcraft:frostgarden:0
  294741 twilightforest:castle_door:2
  299092 twilightforest:time_slab:0
  300216 harvestcraft:beehive:0
  302668 botania:mushroom:6
  313820 botania:mushroom:11
  314769 botania:mushroom:10
  315734 botania:mushroom:7
  320684 botania:mushroom:8
  357118 twilightforest:nagastone_stairs:8
  368630 botania:mushroom:1
  381159 botania:mushroom:9
  391480 twilightforest:canopy_slab:0
  393657 twilightforest:mangrove_slab:0
  413112 minecraft:carpet:14
  413525 thermalfoundation:fluid_crude_oil:0
  450102 minecraft:sticky_piston:0
  457379 minecraft:soul_sand:0
  465949 minecraft:trapped_chest:0
  501774 twilightforest:castle_door:0
  536611 minecraft:red_flower:2
  547473 twilightforest:castle_rune_brick:3
  555948 botania:doubleflower1:1
  560573 botania:doubleflower1:3
  567581 twilightforest:naga_stone:0
  589118 minecraft:flower_pot:0
  597945 minecraft:red_flower:3
  611686 botania:doubleflower2:3
  652534 botania:doubleflower1:4
  660227 botania:doubleflower2:1
  676724 botania:doubleflower1:7
  680465 botania:doubleflower2:5
  684157 minecraft:spruce_door:0
  686003 botania:doubleflower1:0
  694718 minecraft:redstone_torch:0
  703779 thermalfoundation:ore:8
  704437 botania:doubleflower2:4
  724862 minecraft:lit_pumpkin:0
  733491 minecraft:red_flower:5
  752498 botania:doubleflower2:6
  763652 twilightforest:dark_fence:0
  766030 botania:doubleflower1:6
  776733 botania:doubleflower2:0
  780935 twilightforest:nagastone_stairs_weathered:8
  811793 minecraft:string:0
  816280 twilightforest:tower_device:6
  844113 minecraft:red_flower:6
  854943 minecraft:dispenser:0
  866529 twilightforest:iron_ladder:0
  883109 botania:doubleflower2:2
  897532 botania:doubleflower2:7
  914347 minecraft:stone_slab:4
  923007 twilightforest:nagastone_stairs_mossy:8
  925214 minecraft:trapdoor:0
  991251 minecraft:lapis_block:0
  1011075 minecraft:red_flower:4
  1011786 minecraft:cactus:0
  1037878 minecraft:nether_wart:0
  1095503 minecraft:tripwire_hook:0
  1104061 minecraft:repeater:0
  1113860 botania:doubleflower1:5
  1157695 twilightforest:castle_door:1
  1199582 minecraft:jungle_fence:0
  1222034 botania:doubleflower1:2
  1240859 minecraft:redstone_block:0
  1307884 harvestcraft:windygarden:0
  1374138 minecraft:stained_hardened_clay:15
  1395498 twilightforest:tower_device:9
  1666505 minecraft:piston:0
  1728635 minecraft:furnace:0
  1800350 twilightforest:mine_fence:0
  1871647 minecraft:spruce_fence:0
  1875743 integrateddynamics:menril_log_filled:0
  1900859 twilightforest:sort_fence:0
  1901252 minecraft:emerald_ore:0
  1920407 twilightforest:canopy_fence:0
  2039172 twilightforest:boss_spawner:0
  2133322 twilightforest:tower_device:4
  2220614 twilightforest:fire_jet:3
  2511491 twilightforest:nagastone_stairs:0
  2513381 thaumcraft:shimmerleaf:0
  2595242 minecraft:carpet:0
  2598878 twilightforest:stronghold_shield:0
  2641476 minecraft:carpet:8
  2829982 minecraft:anvil:0
  3069795 minecraft:cauldron:0
  3313096 minecraft:iron_block:0
  3853171 minecraft:red_flower:7
  4241153 minecraft:crafting_table:0
  6284177 twilightforest:tower_device:10
  6401568 minecraft:brewing_stand:0
  6663979 twilightforest:fire_jet:0
  7257346 minecraft:skull:1
  7973557 minecraft:anvil:1
  8910074 twilightforest:trans_fence:0
  9716549 twilightforest:tower_device:12
  10099196 minecraft:sign:0
  11024348 minecraft:sapling:4
  15757084 minecraft:sapling:1
  15825166 minecraft:birch_fence:0
  16011619 twilightforest:twilight_oak_fence:0
  16221988 minecraft:sapling:5
  16743627 minecraft:sapling:0
  16743627 minecraft:sapling:2
  28596444 minecraft:red_flower:8
  30217312 twilightforest:trophy_pedestal:0
  31026679 harvestcraft:tropicalgarden:0
  31244714 minecraft:sapling:3
  },
"Ratlantis (-8)": {
  1 minecraft:air:0
  1 minecraft:stone:0
  15 minecraft:bedrock:0
  28 minecraft:dirt:0
  33 minecraft:sand:0
  41 minecraft:gravel:0
  43 rats:marbled_cheese_raw:0
  48 minecraft:sandstone:0
  53 minecraft:coal_ore:0
  64 minecraft:leaves:0
  80 chisel:basalt2:7
  83 minecraft:iron_ore:0
  97 minecraft:grass:0
  107 chisel:marble2:7
  110 minecraft:redstone_ore:0
  131 minecraft:stone:5
  132 minecraft:stone:3
  135 minecraft:stone:1
  144 minecraft:leaves:3
  156 minecraft:clay:0
  163 minecraft:vine:0
  164 rats:block_of_cheese:0
  188 chisel:limestone2:7
  195 thermalfoundation:ore:0
  206 mekanism:oreblock:0
  349 minecraft:log:3
  366 thermalfoundation:ore:1
  379 minecraft:gold_ore:0
  386 minecraft:diamond_ore:0
  400 immersiveengineering:ore:5
  424 actuallyadditions:block_misc:3
  449 appliedenergistics2:quartz_ore:0
  461 thermalfoundation:ore:4
  492 rats:marbled_cheese:0
  520 thermalfoundation:ore:5
  573 thermalfoundation:ore:3
  615 minecraft:lapis_ore:0
  617 minecraft:tallgrass:1
  659 rats:marbled_cheese_brick_mossy:0
  844 thaumcraft:ore_amber:0
  857 rats:marbled_cheese_brick_cracked:0
  859 rats:marbled_cheese_brick:0
  955 thaumcraft:ore_cinnabar:0
  1297 forestry:resources:0
  1386 rats:marbled_cheese_pillar:0
  1400 minecraft:log:0
  1646 minecraft:tallgrass:2
  1794 nuclearcraft:ore:5
  2085 nuclearcraft:ore:3
  2170 rats:marbled_cheese_brick_stairs:0
  3028 nuclearcraft:ore:6
  3251 rats:marbled_cheese_brick_chiseled:0
  3733 appliedenergistics2:charged_quartz_ore:0
  3796 rats:marbled_cheese_stairs:0
  3817 rats:marbled_cheese_tile:0
  3841 thaumcraft:crystal_terra:0
  3914 nuclearcraft:ore:7
  3949 thaumcraft:crystal_ordo:0
  4075 thaumcraft:crystal_aqua:0
  4139 thaumcraft:crystal_ignis:0
  4567 tconstruct:slime_dirt:0
  4706 biomesoplenty:mushroom:3
  4759 minecraft:cobblestone:0
  5010 rats:marbled_cheese_brick_slab:0
  6686 thaumcraft:crystal_aer:0
  6688 thermalfoundation:ore:6
  7100 thaumcraft:crystal_perditio:0
  9417 rats:ratglove_flower:0
  10750 minecraft:mossy_cobblestone:0
  12784 ic2:leaves:0
  15169 rats:marbled_cheese_chiseled:0
  17078 tconstruct:slime_dirt:1
  18534 minecraft:yellow_flower:0
  20842 minecraft:dye:3
  21624 biomesoplenty:flower_1:3
  23074 draconicevolution:draconium_ore:0
  36339 minecraft:brown_mushroom:0
  36576 tconstruct:slime_grass:1
  36997 minecraft:red_flower:0
  68296 minecraft:gold_block:0
  70122 harvestcraft:tropicalgarden:0
  70698 minecraft:red_mushroom:0
  73295 extrautils2:redorchid:0
  87118 harvestcraft:beehive:0
  105630 ic2:rubber_wood:0
  108668 tconstruct:slime_vine_blue:0
  113806 tconstruct:slime_grass:2
  116947 tconstruct:slime_congealed:0
  122662 tconstruct:slime_leaves:1
  124076 minecraft:lapis_block:0
  124479 minecraft:obsidian:0
  126849 botania:mushroom:13
  133633 botania:mushroom:4
  134352 botania:mushroom:10
  136666 botania:mushroom:3
  142531 botania:mushroom:8
  142742 botania:mushroom:9
  143439 botania:mushroom:6
  146088 botania:mushroom:15
  146103 botania:mushroom:12
  146982 botania:mushroom:1
  147629 tconstruct:slime_congealed:1
  149434 botania:mushroom:2
  156310 botania:mushroom:5
  159255 botania:mushroom:11
  162424 botania:mushroom:7
  168119 botania:mushroom:14
  172291 rats:marbled_cheese_slab:0
  172918 biomesoplenty:plant_1:9
  207441 botania:mushroom:0
  213494 tconstruct:slime_vine_blue_mid:0
  241130 minecraft:chest:0
  251467 forestry:beehives:3
  274935 tconstruct:slime_grass_tall:5
  275854 actuallyadditions:item_canola_seed:0
  309438 forestry:beehives:6
  326627 tconstruct:slime_grass_tall:4
  335015 minecraft:reeds:0
  345281 tconstruct:slime_vine_blue_end:0
  549832 integrateddynamics:menril_leaves:0
  553105 actuallyadditions:item_coffee_seed:0
  614894 tconstruct:slime_vine_purple_mid:0
  996867 integrateddynamics:menril_log:0
  2199328 botania:flower:9
  2505815 minecraft:pumpkin:0
  2635909 botania:flower:3
  2697482 botania:flower:8
  2800623 botania:flower:6
  3022745 botania:flower:10
  3758306 botania:flower:15
  4376975 botania:flower:5
  5726705 botania:flower:12
  5734568 botania:flower:2
  5892332 botania:flower:1
  5912373 botania:flower:7
  5919034 botania:flower:0
  8303640 botania:doubleflower2:7
  8834380 botania:flower:11
  8877685 botania:doubleflower1:1
  8881701 integrateddynamics:menril_log_filled:0
  8882870 botania:flower:14
  17724993 botania:flower:13
  17772884 botania:flower:4
  },
"Deep Dark (-11325)": {
  0 minecraft:stone:0
  1 minecraft:air:0
  1 minecraft:cobblestone:0
  12 minecraft:gravel:0
  15 minecraft:bedrock:0
  17 minecraft:dirt:0
  32 minecraft:iron_ore:0
  32 thermalfoundation:ore:0
  33 minecraft:coal_ore:0
  35 chisel:basalt2:7
  41 actuallyadditions:block_misc:3
  45 chisel:marble2:7
  46 minecraft:redstone_ore:0
  64 minecraft:stone:1
  64 minecraft:stone:3
  64 minecraft:stone:5
  65 minecraft:clay:0
  67 chisel:limestone2:7
  146 thermalfoundation:ore:1
  161 minecraft:gold_ore:0
  163 thermalfoundation:ore:4
  175 immersiveengineering:ore:5
  179 appliedenergistics2:quartz_ore:0
  222 thermalfoundation:ore:3
  224 minecraft:diamond_ore:0
  269 minecraft:lapis_ore:0
  320 thaumcraft:ore_amber:0
  332 thermalfoundation:ore:5
  402 thaumcraft:ore_cinnabar:0
  765 nuclearcraft:ore:5
  874 nuclearcraft:ore:3
  1082 forestry:resources:0
  1203 minecraft:planks:0
  1253 nuclearcraft:ore:6
  1257 thermalfoundation:ore_fluid:1
  1635 nuclearcraft:ore:7
  2086 thaumcraft:crystal_aqua:0
  2472 appliedenergistics2:charged_quartz_ore:0
  2485 minecraft:fence:0
  2872 thermalfoundation:ore:6
  3539 thaumcraft:crystal_terra:0
  3720 thaumcraft:crystal_ordo:0
  3751 thaumcraft:crystal_aer:0
  3851 thaumcraft:crystal_perditio:0
  4722 thaumcraft:crystal_ignis:0
  5290 minecraft:rail:0
  5577 minecraft:web:0
  5756 minecraft:emerald_ore:0
  6741 biomesoplenty:mushroom:3
  8220 minecraft:mossy_cobblestone:0
  8810 thermalfoundation:ore_fluid:0
  10028 draconicevolution:draconium_ore:0
  21539 extrautils2:redorchid:0
  21669 minecraft:sandstone:0
  22996 minecraft:planks:5
  24486 minecraft:monster_egg:0
  32897 biomesoplenty:flower_1:3
  39330 minecraft:brown_mushroom:0
  55885 minecraft:red_mushroom:0
  56599 minecraft:bone_block:0
  82596 botania:mushroom:3
  83032 botania:mushroom:13
  83229 botania:mushroom:5
  83907 botania:mushroom:11
  85057 botania:mushroom:6
  85575 botania:mushroom:7
  85788 botania:mushroom:10
  87103 botania:mushroom:15
  87626 botania:mushroom:4
  89453 botania:mushroom:1
  91179 botania:mushroom:9
  91398 botania:mushroom:2
  92632 botania:mushroom:8
  92796 botania:mushroom:14
  95481 botania:mushroom:0
  98116 botania:mushroom:12
  179901 minecraft:chest:0
  207570 thermalfoundation:fluid_crude_oil:0
  228037 minecraft:sandstone:2
  455783 minecraft:torch:0
  577827 minecraft:tallgrass:1
  759416 minecraft:stained_hardened_clay:1
  772023 minecraft:waterlily:0
  814705 nuclearcraft:glowing_mushroom:0
  1072776 minecraft:sandstone:1
  1319134 minecraft:sand:0
  1583377 minecraft:ice:0
  2120644 betteranimalsplus:trillium:0
  2359130 minecraft:yellow_flower:0
  2743029 minecraft:sandstone_stairs:0
  3642506 minecraft:red_flower:0
  4097352 minecraft:red_flower:6
  4540996 minecraft:tnt:0
  4906224 minecraft:red_flower:1
  5563832 minecraft:tallgrass:2
  10206657 minecraft:red_flower:8
  15271041 minecraft:double_plant:3
  16390443 minecraft:double_plant:2
  17780729 minecraft:stone_slab:1
  29735001 minecraft:red_flower:2
  32899230 minecraft:stone_pressure_plate:0
  33164186 minecraft:stained_hardened_clay:11
  },
"Luna (100)": {
  1 minecraft:stone:0
  3 minecraft:air:0
  15 minecraft:bedrock:0
  21 libvulpes:ore0:0
  51 minecraft:coal_ore:0
  51 minecraft:gravel:0
  56 minecraft:iron_ore:0
  63 chisel:basalt2:7
  79 chisel:marble2:7
  81 advancedrocketry:moonturf:0
  84 minecraft:redstone_ore:0
  96 minecraft:stone:1
  96 minecraft:stone:3
  97 minecraft:stone:5
  118 minecraft:clay:0
  120 chisel:limestone2:7
  135 thermalfoundation:ore:0
  168 libvulpes:ore0:8
  248 thermalfoundation:ore:1
  268 thermalfoundation:ore:4
  276 advancedrocketry:moonturf_dark:0
  282 minecraft:gold_ore:0
  301 appliedenergistics2:quartz_ore:0
  315 immersiveengineering:ore:5
  392 thermalfoundation:ore:3
  395 minecraft:diamond_ore:0
  459 actuallyadditions:block_misc:3
  471 minecraft:lapis_ore:0
  554 thermalfoundation:ore:5
  563 thaumcraft:ore_amber:0
  701 thaumcraft:ore_cinnabar:0
  1308 nuclearcraft:ore:5
  1391 forestry:resources:0
  1510 nuclearcraft:ore:3
  1633 thaumcraft:crystal_perditio:0
  1894 mekanism:oreblock:0
  2142 nuclearcraft:ore:6
  2524 appliedenergistics2:charged_quartz_ore:0
  2559 thaumcraft:crystal_ordo:0
  2698 nuclearcraft:ore:7
  2732 biomesoplenty:mushroom:3
  4402 thaumcraft:crystal_terra:0
  4483 thaumcraft:crystal_aqua:0
  4632 thaumcraft:crystal_aer:0
  5198 thermalfoundation:ore:6
  5603 thaumcraft:crystal_ignis:0
  14406 biomesoplenty:flower_1:3
  18700 draconicevolution:draconium_ore:0
  25053 minecraft:brown_mushroom:0
  33785 minecraft:red_mushroom:0
  57723 extrautils2:redorchid:0
  83132 botania:mushroom:1
  87950 botania:mushroom:3
  90465 botania:mushroom:9
  91504 botania:mushroom:6
  98399 botania:mushroom:2
  115924 botania:mushroom:0
  124224 botania:mushroom:7
  125342 botania:mushroom:10
  125758 botania:mushroom:11
  127688 botania:mushroom:5
  127789 botania:mushroom:13
  131138 botania:mushroom:4
  140649 botania:mushroom:14
  141188 botania:mushroom:12
  149746 botania:mushroom:8
  156253 botania:mushroom:15
  },
"Mercury (101)": {
  1 minecraft:stone:0
  2 minecraft:air:0
  11 thermalfoundation:ore:4
  15 minecraft:bedrock:0
  19 thermalfoundation:ore:1
  28 minecraft:coal_ore:0
  54 environmentalmaterials:alabaster:0
  57 minecraft:iron_ore:0
  62 chisel:basalt2:7
  77 chisel:marble2:7
  81 draconicevolution:draconium_ore:1
  82 minecraft:stone:1
  82 minecraft:stone:5
  83 minecraft:redstone_ore:0
  83 minecraft:stone:3
  103 thermalfoundation:ore:0
  112 minecraft:clay:0
  118 chisel:limestone2:7
  146 biomesoplenty:white_sand:0
  276 minecraft:gold_ore:0
  299 appliedenergistics2:quartz_ore:0
  304 immersiveengineering:ore:5
  372 thermalfoundation:ore:3
  381 minecraft:diamond_ore:0
  454 minecraft:lapis_ore:0
  465 actuallyadditions:block_misc:3
  525 minecraft:magma:0
  540 thermalfoundation:ore:5
  556 thaumcraft:ore_amber:0
  577 forestry:resources:0
  699 thaumcraft:ore_cinnabar:0
  1142 thermalfoundation:ore_fluid:3
  1214 nuclearcraft:ore:5
  1397 nuclearcraft:ore:3
  1746 mekanism:oreblock:0
  1990 nuclearcraft:ore:6
  2453 appliedenergistics2:charged_quartz_ore:0
  2615 nuclearcraft:ore:7
  2697 thaumcraft:crystal_perditio:0
  4183 thaumcraft:crystal_aqua:0
  4280 thaumcraft:crystal_ignis:0
  4400 thaumcraft:crystal_aer:0
  4504 biomesoplenty:mushroom:3
  5140 thermalfoundation:ore:6
  5267 minecraft:bone_block:0
  6463 thaumcraft:crystal_terra:0
  6592 thaumcraft:crystal_ordo:0
  17200 draconicevolution:draconium_ore:0
  21511 biomesoplenty:flower_1:3
  37464 minecraft:brown_mushroom:0
  51752 extrautils2:redorchid:0
  69275 minecraft:red_mushroom:0
  100911 botania:mushroom:2
  103008 botania:mushroom:4
  103119 botania:mushroom:9
  103599 botania:mushroom:6
  104054 botania:mushroom:13
  105261 botania:mushroom:10
  107951 botania:mushroom:15
  108294 botania:mushroom:1
  109579 botania:mushroom:14
  111691 botania:mushroom:7
  113342 botania:mushroom:3
  114348 botania:mushroom:8
  114974 botania:mushroom:0
  118281 botania:mushroom:5
  118883 botania:mushroom:12
  118955 botania:mushroom:11
  },
"Venus (102)": {
  1 minecraft:air:0
  1 minecraft:stone:0
  3 biomesoplenty:ash_block:0
  15 minecraft:bedrock:0
  15 thermalfoundation:fluid_pyrotheum:0
  19 minecraft:magma:0
  25 minecraft:gold_ore:0
  29 minecraft:coal_ore:0
  54 minecraft:iron_ore:0
  60 chisel:basalt2:7
  76 draconicevolution:draconium_ore:1
  77 chisel:marble2:7
  79 minecraft:redstone_ore:0
  85 minecraft:stone:1
  85 minecraft:stone:3
  85 minecraft:stone:5
  102 thermalfoundation:ore:0
  114 minecraft:clay:0
  115 chisel:limestone2:7
  251 thermalfoundation:ore:1
  270 thermalfoundation:ore:4
  300 immersiveengineering:ore:5
  309 appliedenergistics2:quartz_ore:0
  378 minecraft:diamond_ore:0
  389 thermalfoundation:ore:3
  453 actuallyadditions:block_misc:3
  457 minecraft:lapis_ore:0
  522 minecraft:nether_wart_block:0
  536 thermalfoundation:ore:5
  537 thaumcraft:ore_amber:0
  615 forestry:resources:0
  751 thaumcraft:ore_cinnabar:0
  1039 nuclearcraft:ore:5
  1185 nuclearcraft:ore:3
  1236 thermalfoundation:ore_fluid:3
  1618 mekanism:oreblock:0
  1641 nuclearcraft:ore:6
  1982 minecraft:cobblestone:0
  2207 nuclearcraft:ore:7
  2676 thaumcraft:crystal_perditio:0
  3075 appliedenergistics2:charged_quartz_ore:0
  4007 thaumcraft:crystal_aqua:0
  4108 thaumcraft:crystal_ignis:0
  4516 thaumcraft:crystal_aer:0
  4552 minecraft:mossy_cobblestone:0
  5126 thermalfoundation:ore:6
  5760 minecraft:bone_block:0
  6355 thaumcraft:crystal_ordo:0
  6953 thaumcraft:crystal_terra:0
  7022 biomesoplenty:mushroom:3
  16402 draconicevolution:draconium_ore:0
  28886 minecraft:brown_mushroom:0
  55261 biomesoplenty:flower_1:3
  72358 minecraft:red_mushroom:0
  105258 minecraft:chest:0
  184130 botania:mushroom:11
  200429 botania:mushroom:4
  222164 botania:mushroom:5
  242770 extrautils2:redorchid:0
  243619 botania:mushroom:8
  246889 botania:mushroom:13
  264411 botania:mushroom:2
  278192 botania:mushroom:0
  295026 botania:mushroom:10
  304332 botania:mushroom:9
  308032 botania:mushroom:6
  318306 botania:mushroom:1
  326373 botania:mushroom:7
  356200 botania:mushroom:3
  416927 botania:mushroom:15
  428778 botania:mushroom:12
  748345 botania:mushroom:14
  },
"Mars (103)": {
  0 minecraft:stone:0
  3 minecraft:air:0
  3 minecraft:end_stone:0
  7 minecraft:iron_ore:0
  15 minecraft:bedrock:0
  17 minecraft:gravel:0
  24 minecraft:coal_ore:0
  32 draconicevolution:draconium_ore:2
  45 libvulpes:ore0:0
  63 chisel:basalt2:7
  80 chisel:marble2:7
  82 minecraft:redstone_ore:0
  97 minecraft:stone:3
  98 minecraft:stone:5
  100 minecraft:stone:1
  105 thermalfoundation:ore:0
  123 chisel:limestone2:7
  128 minecraft:clay:0
  135 advancedrocketry:hotturf:0
  258 thermalfoundation:ore:1
  284 thermalfoundation:ore:4
  304 minecraft:gold_ore:0
  325 immersiveengineering:ore:5
  331 appliedenergistics2:quartz_ore:0
  397 thermalfoundation:ore:3
  402 minecraft:diamond_ore:0
  474 actuallyadditions:block_misc:3
  494 forestry:resources:0
  500 minecraft:lapis_ore:0
  565 thermalfoundation:ore:5
  567 thaumcraft:ore_amber:0
  703 thaumcraft:ore_cinnabar:0
  1443 nuclearcraft:ore:5
  1497 thermalfoundation:ore_fluid:4
  1596 nuclearcraft:ore:3
  1815 mekanism:oreblock:0
  2306 nuclearcraft:ore:6
  2535 appliedenergistics2:charged_quartz_ore:0
  2986 nuclearcraft:ore:7
  3528 thaumcraft:crystal_perditio:0
  4435 thaumcraft:crystal_ignis:0
  5315 thermalfoundation:ore:6
  5852 biomesoplenty:mushroom:3
  9351 thaumcraft:crystal_ordo:0
  9381 thaumcraft:crystal_terra:0
  10179 thaumcraft:crystal_aqua:0
  10284 thaumcraft:crystal_aer:0
  16280 draconicevolution:draconium_ore:0
  27046 biomesoplenty:flower_1:3
  49278 minecraft:brown_mushroom:0
  55383 extrautils2:redorchid:0
  60875 minecraft:red_mushroom:0
  95955 botania:mushroom:1
  96152 botania:mushroom:7
  104990 botania:mushroom:0
  106833 botania:mushroom:3
  111725 botania:mushroom:6
  112334 botania:mushroom:8
  115078 botania:mushroom:14
  120101 botania:mushroom:10
  122198 botania:mushroom:11
  123849 botania:mushroom:12
  125981 botania:mushroom:13
  132893 botania:mushroom:5
  143571 botania:mushroom:15
  147622 botania:mushroom:9
  167612 botania:mushroom:2
  172497 botania:mushroom:4
  },
"Io (105)": {
  1 minecraft:stone:0
  4 minecraft:air:0
  15 minecraft:bedrock:0
  21 libvulpes:ore0:0
  50 minecraft:coal_ore:0
  50 minecraft:gravel:0
  55 minecraft:iron_ore:0
  62 chisel:basalt2:7
  72 minecraft:dirt:0
  81 chisel:marble2:7
  82 minecraft:redstone_ore:0
  94 minecraft:stone:5
  97 minecraft:stone:1
  101 minecraft:stone:3
  116 advancedrocketry:moonturf:0
  117 minecraft:clay:0
  120 chisel:limestone2:7
  137 thermalfoundation:ore:0
  176 enderio:block_alloy:9
  182 libvulpes:ore0:8
  268 thermalfoundation:ore:1
  284 thermalfoundation:ore:4
  302 minecraft:gold_ore:0
  328 appliedenergistics2:quartz_ore:0
  329 enderio:block_alloy:3
  329 enderio:block_alloy:0
  331 immersiveengineering:ore:5
  361 advancedrocketry:moonturf_dark:0
  373 enderio:block_alloy:4
  409 minecraft:diamond_ore:0
  417 thermalfoundation:ore:3
  480 enderio:block_alloy:7
  482 actuallyadditions:block_misc:3
  487 enderio:block_alloy:1
  502 minecraft:lapis_ore:0
  506 enderio:block_alloy:5
  543 enderio:block_alloy:8
  552 thaumcraft:ore_amber:0
  553 thermalfoundation:ore:5
  719 thaumcraft:ore_cinnabar:0
  762 enderio:block_alloy:2
  806 enderio:block_alloy:6
  1171 nuclearcraft:ore:5
  1392 nuclearcraft:ore:3
  1468 forestry:resources:0
  1769 mekanism:oreblock:0
  1819 thaumcraft:crystal_perditio:0
  1888 nuclearcraft:ore:6
  2445 nuclearcraft:ore:7
  2565 thaumcraft:crystal_ordo:0
  2616 appliedenergistics2:charged_quartz_ore:0
  3008 biomesoplenty:mushroom:3
  5038 thaumcraft:crystal_ignis:0
  5063 thaumcraft:crystal_aqua:0
  5152 thaumcraft:crystal_aer:0
  5282 thermalfoundation:ore:6
  5301 thaumcraft:crystal_terra:0
  6081 enderio:block_alloy_endergy:1
  13720 biomesoplenty:flower_1:3
  19113 draconicevolution:draconium_ore:0
  27355 enderio:block_alloy_endergy:4
  28094 minecraft:brown_mushroom:0
  43555 thermalfoundation:ore_fluid:1
  47262 extrautils2:redorchid:0
  47502 minecraft:red_mushroom:0
  85670 thermalfoundation:fluid_crude_oil:0
  100392 botania:mushroom:12
  100987 botania:mushroom:11
  105156 botania:mushroom:14
  107033 botania:mushroom:9
  118663 botania:mushroom:4
  122190 botania:mushroom:13
  124589 botania:mushroom:8
  124593 botania:mushroom:7
  126327 botania:mushroom:3
  133076 botania:mushroom:5
  137168 botania:mushroom:10
  138286 botania:mushroom:2
  138569 botania:mushroom:1
  141215 enderio:block_alloy_endergy:2
  201343 botania:mushroom:0
  204039 botania:mushroom:6
  232785 botania:mushroom:15
  },
"Europa (106)": {
  1 minecraft:air:0
  1 minecraft:stone:0
  15 minecraft:bedrock:0
  25 minecraft:dirt:0
  27 thermalfoundation:ore:0
  28 minecraft:gravel:0
  50 libvulpes:ore0:0
  56 minecraft:coal_ore:0
  62 chisel:basalt2:7
  71 minecraft:iron_ore:0
  74 minecraft:grass:0
  86 minecraft:redstone_ore:0
  92 chisel:marble2:7
  118 minecraft:snow_layer:0
  121 minecraft:stone:5
  123 minecraft:stone:1
  131 minecraft:stone:3
  156 libvulpes:ore0:8
  166 minecraft:clay:0
  238 chisel:limestone2:7
  252 thermalfoundation:ore:7
  283 minecraft:gold_ore:0
  305 immersiveengineering:ore:5
  319 minecraft:ice:0
  352 thermalfoundation:ore:1
  365 minecraft:diamond_ore:0
  410 thermalfoundation:ore:3
  468 appliedenergistics2:quartz_ore:0
  485 minecraft:lapis_ore:0
  549 thermalfoundation:ore:4
  582 thermalfoundation:ore:5
  608 actuallyadditions:block_misc:3
  754 thaumcraft:ore_cinnabar:0
  938 thaumcraft:ore_amber:0
  1062 minecraft:sand:0
  1231 thermalfoundation:ore_fluid:2
  1453 nuclearcraft:ore:5
  1542 thermalfoundation:ore_fluid:1
  1687 nuclearcraft:ore:3
  1695 forestry:resources:0
  1741 mekanism:oreblock:0
  2424 nuclearcraft:ore:6
  3189 nuclearcraft:ore:7
  3996 minecraft:tallgrass:1
  5127 thermalfoundation:ore:6
  5536 minecraft:leaves:0
  21125 minecraft:yellow_flower:0
  25511 thaumcraft:crystal_ordo:0
  26667 thaumcraft:crystal_aqua:0
  27832 draconicevolution:draconium_ore:0
  42844 thaumcraft:crystal_perditio:0
  45362 thaumcraft:crystal_ignis:0
  48259 minecraft:red_flower:0
  52267 biomesoplenty:plant_1:9
  55567 thaumcraft:crystal_terra:0
  58923 harvestcraft:tropicalgarden:0
  61532 minecraft:log:0
  66373 harvestcraft:frostgarden:0
  86535 thaumcraft:crystal_aer:0
  101130 appliedenergistics2:charged_quartz_ore:0
  295932 minecraft:reeds:0
  340611 actuallyadditions:item_canola_seed:0
  445556 actuallyadditions:item_coffee_seed:0
  622195 minecraft:red_mushroom:0
  695764 minecraft:brown_mushroom:0
  780787 botania:flower:14
  823989 actuallyadditions:block_treasure_chest:0
  1019948 botania:flower:13
  1062195 botania:flower:4
  1118599 botania:doubleflower2:6
  1241283 botania:flower:1
  1382677 botania:flower:15
  1976081 botania:flower:6
  2202205 botania:flower:12
  2236657 botania:doubleflower1:6
  3607668 botania:flower:7
  4057285 botania:flower:3
  4173749 botania:flower:0
  4176933 botania:flower:2
  4177116 botania:flower:10
  },
"Titan (108)": {
  1 minecraft:stone:0
  4 minecraft:air:0
  12 immersiveengineering:ore:5
  15 minecraft:bedrock:0
  21 libvulpes:ore0:0
  48 minecraft:gravel:0
  49 minecraft:coal_ore:0
  58 minecraft:iron_ore:0
  62 chisel:basalt2:7
  73 minecraft:dirt:0
  79 chisel:marble2:7
  84 minecraft:redstone_ore:0
  95 nuclearcraft:dry_earth:0
  98 minecraft:stone:1
  98 minecraft:stone:3
  103 minecraft:stone:5
  117 biomesoplenty:dried_sand:0
  118 chisel:limestone2:7
  118 minecraft:clay:0
  138 thermalfoundation:ore:0
  167 libvulpes:ore0:8
  248 thermalfoundation:ore:1
  266 thermalfoundation:ore:4
  273 minecraft:gold_ore:0
  302 appliedenergistics2:quartz_ore:0
  370 thermalfoundation:ore:3
  384 minecraft:diamond_ore:0
  457 minecraft:lapis_ore:0
  471 actuallyadditions:block_misc:3
  555 thermalfoundation:ore:5
  561 thaumcraft:ore_amber:0
  706 thaumcraft:ore_cinnabar:0
  1347 nuclearcraft:ore:5
  1454 forestry:resources:0
  1603 nuclearcraft:ore:3
  1786 thaumcraft:crystal_perditio:0
  1814 mekanism:oreblock:0
  2246 nuclearcraft:ore:6
  2512 appliedenergistics2:charged_quartz_ore:0
  2629 thaumcraft:crystal_ordo:0
  2791 biomesoplenty:mushroom:3
  2821 nuclearcraft:ore:7
  4979 thaumcraft:crystal_ignis:0
  5086 thaumcraft:crystal_terra:0
  5184 thaumcraft:crystal_aqua:0
  5292 thermalfoundation:ore:6
  5549 thaumcraft:crystal_aer:0
  14354 biomesoplenty:flower_1:3
  22996 draconicevolution:draconium_ore:0
  31562 minecraft:brown_mushroom:0
  34505 minecraft:red_mushroom:0
  47466 extrautils2:redorchid:0
  90378 botania:mushroom:15
  93783 botania:mushroom:4
  102566 botania:mushroom:0
  104306 botania:mushroom:14
  106458 botania:mushroom:1
  111043 botania:mushroom:5
  111602 botania:mushroom:13
  117083 botania:mushroom:11
  123688 botania:mushroom:8
  126206 botania:mushroom:7
  128359 botania:mushroom:6
  130287 botania:mushroom:10
  134931 botania:mushroom:9
  136059 botania:mushroom:2
  138948 botania:mushroom:3
  141241 thermalfoundation:ore_fluid:1
  147353 botania:mushroom:12
  216846 thermalfoundation:fluid_crude_oil:0
  },
"Uranus (109)": {
  0 minecraft:stone:0
  2 minecraft:air:0
  4 minecraft:packed_ice:0
  14 minecraft:ice:0
  15 minecraft:bedrock:0
  15 minecraft:snow:0
  22 minecraft:gravel:0
  30 minecraft:coal_ore:0
  30 thermalfoundation:ore:5
  42 libvulpes:ore0:0
  55 ic2:coolant:0
  58 minecraft:iron_ore:0
  65 chisel:basalt2:7
  76 astralsorcery:blockcustomore:0
  80 chisel:marble2:7
  84 minecraft:redstone_ore:0
  96 minecraft:stone:3
  97 minecraft:stone:1
  97 minecraft:stone:5
  98 mysticalagriculture:prosperity_ore:0
  116 thermalfoundation:ore:0
  120 minecraft:clay:0
  125 chisel:limestone2:7
  141 minecraft:snow_layer:0
  162 thermalfoundation:ore:8
  212 ic2:hot_coolant:0
  214 astralsorcery:blockcustomore:1
  257 thermalfoundation:ore:1
  292 minecraft:gold_ore:0
  302 thermalfoundation:ore:4
  323 immersiveengineering:ore:5
  324 appliedenergistics2:quartz_ore:0
  327 rftools:dimensional_shard_ore:0
  411 minecraft:diamond_ore:0
  412 thermalfoundation:ore:3
  481 actuallyadditions:block_misc:3
  504 minecraft:lapis_ore:0
  565 thaumcraft:ore_amber:0
  637 forestry:resources:0
  707 thaumcraft:ore_cinnabar:0
  931 minecraft:emerald_ore:0
  961 thermalfoundation:ore_fluid:1
  1463 nuclearcraft:ore:5
  1662 nuclearcraft:ore:3
  1925 mekanism:oreblock:0
  2307 appliedenergistics2:charged_quartz_ore:0
  2353 nuclearcraft:ore:6
  2589 minecraft:concrete_powder:9
  3141 nuclearcraft:ore:7
  3500 thaumcraft:crystal_perditio:0
  3900 thaumcraft:crystal_ordo:0
  4691 biomesoplenty:mushroom:3
  5219 thermalfoundation:ore:6
  5707 thaumcraft:crystal_aer:0
  6775 thaumcraft:crystal_aqua:0
  8419 thaumcraft:crystal_ignis:0
  9298 thaumcraft:crystal_terra:0
  22746 biomesoplenty:flower_1:3
  33187 draconicevolution:draconium_ore:0
  38450 extrautils2:redorchid:0
  45514 minecraft:red_mushroom:0
  48584 minecraft:brown_mushroom:0
  69759 botania:mushroom:14
  70291 botania:mushroom:2
  74965 botania:mushroom:9
  78349 botania:mushroom:15
  80758 botania:mushroom:12
  81593 botania:mushroom:8
  84967 botania:mushroom:10
  86094 botania:mushroom:11
  88077 botania:mushroom:13
  88132 botania:mushroom:6
  88790 botania:mushroom:5
  89602 botania:mushroom:1
  94311 botania:mushroom:3
  98217 botania:mushroom:7
  122950 botania:mushroom:4
  135244 botania:mushroom:0
  205142 thermalfoundation:fluid_cryotheum:0
  258389 nuclearcraft:block_ice:0
  },
"Neptune (110)": {
  1 biomesoplenty:hard_ice:0
  2 minecraft:air:0
  2 minecraft:stone:0
  13 forestry:fluid.ice:0
  15 minecraft:bedrock:0
  24 minecraft:lapis_ore:0
  79 libvulpes:ore0:0
  92 chisel:basalt2:7
  99 astralsorcery:blockcustomore:0
  107 minecraft:gravel:0
  113 minecraft:iron_ore:0
  117 minecraft:snow_layer:0
  125 chisel:marble2:7
  131 minecraft:redstone_ore:0
  134 minecraft:coal_ore:0
  212 mysticalagriculture:prosperity_ore:0
  216 minecraft:stone:5
  218 minecraft:stone:1
  223 minecraft:stone:3
  254 minecraft:clay:0
  276 thermalfoundation:ore:8
  307 chisel:limestone2:7
  411 thermalfoundation:ore:0
  428 thermalfoundation:ore:1
  440 astralsorcery:blockcustomore:1
  453 immersiveengineering:ore:5
  493 minecraft:gold_ore:0
  511 minecraft:diamond_ore:0
  533 appliedenergistics2:quartz_ore:0
  540 rftools:dimensional_shard_ore:0
  643 thermalfoundation:ore:3
  807 actuallyadditions:block_misc:3
  847 thermalfoundation:ore:5
  1115 thaumcraft:ore_cinnabar:0
  1167 thermalfoundation:ore:4
  1214 thaumcraft:ore_amber:0
  1647 mekanism:oreblock:0
  2022 minecraft:emerald_ore:0
  2194 nuclearcraft:ore:5
  2529 nuclearcraft:ore:3
  2732 thermalfoundation:ore_fluid:1
  2896 appliedenergistics2:charged_quartz_ore:0
  2929 thaumcraft:crystal_ordo:0
  3524 biomesoplenty:mushroom:3
  3577 nuclearcraft:ore:6
  3605 thaumcraft:crystal_perditio:0
  4693 nuclearcraft:ore:7
  5036 thaumcraft:crystal_terra:0
  5802 thaumcraft:crystal_aer:0
  6568 thermalfoundation:ore:6
  6716 thaumcraft:crystal_aqua:0
  7330 thaumcraft:crystal_ignis:0
  8554 forestry:resources:0
  21813 biomesoplenty:flower_1:3
  23925 draconicevolution:draconium_ore:0
  28565 extrautils2:redorchid:0
  31843 minecraft:brown_mushroom:0
  66142 botania:mushroom:12
  66474 botania:mushroom:13
  68136 botania:mushroom:15
  70716 botania:mushroom:0
  71332 botania:mushroom:2
  72879 botania:mushroom:11
  73646 botania:mushroom:1
  74568 botania:mushroom:3
  77078 botania:mushroom:5
  77193 botania:mushroom:7
  77265 botania:mushroom:14
  77996 botania:mushroom:8
  83763 botania:mushroom:6
  90254 botania:mushroom:4
  90398 botania:mushroom:9
  98868 minecraft:red_mushroom:0
  99061 botania:mushroom:10
  },
"Proxima B (111)": {
  1 iceandfire:frozen_stone:0
  3 minecraft:air:0
  4 minecraft:stone:0
  6 minecraft:packed_ice:0
  10 chisel:marble2:7
  10 iceandfire:frozen_dirt:0
  11 minecraft:ice:0
  12 iceandfire:frozen_cobblestone:0
  15 minecraft:bedrock:0
  26 iceandfire:frozen_gravel:0
  30 ic2:heavy_water:0
  42 forestry:fluid.ice:0
  62 appliedenergistics2:quartz_ore:0
  65 advancedrocketry:crystal:2
  69 appliedenergistics2:charged_quartz_ore:0
  80 advancedrocketry:crystal:1
  86 minecraft:snow:0
  99 advancedrocketry:crystal:5
  114 advancedrocketry:crystal:4
  138 advancedrocketry:crystal:3
  139 minecraft:diamond_ore:0
  147 libvulpes:ore0:0
  168 minecraft:snow_layer:0
  186 rftools:dimensional_shard_ore:0
  192 biomesoplenty:gem_ore:6
  194 advancedrocketry:crystal:0
  239 mysticalagriculture:prosperity_ore:0
  267 minecraft:emerald_ore:0
  392 nuclearcraft:block_ice:0
  448 astralsorcery:blockcustomore:0
  646 quark:crystal:6
  706 quark:crystal:5
  737 minecraft:clay:0
  970 actuallyadditions:block_crystal_cluster_lapis:0
  1039 actuallyadditions:block_crystal_cluster_iron:0
  1098 actuallyadditions:block_crystal_cluster_emerald:0
  1114 actuallyadditions:block_crystal_cluster_coal:0
  1248 actuallyadditions:block_crystal_cluster_redstone:0
  1335 actuallyadditions:block_crystal_cluster_diamond:0
  1865 mekanism:oreblock:0
  2245 thaumcraft:crystal_ordo:0
  2275 thaumcraft:crystal_aer:0
  2653 actuallyadditions:block_misc:3
  3224 minecraft:cobblestone:0
  4874 thaumcraft:crystal_perditio:0
  4924 thaumcraft:crystal_aqua:0
  4986 thaumcraft:crystal_ignis:0
  5168 thaumcraft:crystal_terra:0
  5829 libvulpes:ore0:8
  7036 minecraft:mossy_cobblestone:0
  7662 thermalfoundation:ore:7
  7983 thermalfoundation:ore:5
  22096 minecraft:brown_mushroom:0
  41165 thermalfoundation:ore_fluid:2
  53399 draconicevolution:draconium_ore:0
  57406 minecraft:red_mushroom:0
  66066 extendedcrafting:storage:2
  79701 biomesoplenty:mushroom:3
  87521 botania:mushroom:14
  96079 botania:mushroom:5
  97223 botania:mushroom:15
  105494 botania:mushroom:9
  108878 botania:mushroom:12
  108996 botania:mushroom:10
  109391 botania:mushroom:13
  114718 botania:mushroom:3
  117381 botania:mushroom:0
  120016 botania:mushroom:11
  137929 botania:mushroom:8
  138284 botania:mushroom:1
  144530 botania:mushroom:6
  149083 botania:mushroom:2
  154042 botania:mushroom:4
  160078 minecraft:chest:0
  160659 botania:mushroom:7
  174014 avaritia:block_resource:2
  348842 minecraft:obsidian:0
  673281 biomesoplenty:flower_1:3
  },
"Terra Nova (112)": {
  1 minecraft:air:0
  1 minecraft:stone:0
  15 minecraft:bedrock:0
  26 minecraft:gravel:0
  50 minecraft:dirt:0
  55 quark:slate:0
  65 biomesoplenty:mud:0
  79 netherendingores:ore_other_1:4
  94 biomesoplenty:dirt:0
  112 minecraft:clay:0
  126 libvulpes:ore0:8
  190 biomesoplenty:grass:1
  210 thermalfoundation:ore:7
  220 bigreactors:blockcyanite:0
  393 biomesoplenty:grass:2
  437 appliedenergistics2:quartz_ore:0
  553 minecraft:cobblestone:0
  879 minecraft:lapis_ore:0
  1053 thermalfoundation:ore_fluid:2
  1199 minecraft:emerald_ore:0
  1702 biomesoplenty:plant_0:0
  1848 mekanism:oreblock:0
  2217 thaumcraft:crystal_perditio:0
  2535 minecraft:tallgrass:1
  2546 actuallyadditions:block_misc:3
  2676 thermalfoundation:ore_fluid:1
  2786 thermalfoundation:ore:6
  2895 quark:variant_leaves:1
  2939 biomesoplenty:plant_0:1
  3297 biomesoplenty:mushroom:3
  3647 thaumcraft:crystal_aer:0
  3662 thaumcraft:crystal_aqua:0
  3928 thaumcraft:crystal_ordo:0
  4882 thaumcraft:crystal_ignis:0
  5124 thaumcraft:crystal_terra:0
  5314 minecraft:mossy_cobblestone:0
  6046 botania:shinyflower:3
  6284 ic2:leaves:0
  6705 thaumcraft:leaves_greatwood:0
  7614 thermalfoundation:ore:5
  8063 minecraft:coal_ore:0
  8199 minecraft:diamond_ore:0
  9803 minecraft:stone:5
  10485 minecraft:bone_block:0
  13811 minecraft:grass:0
  15880 biomesoplenty:flower_1:3
  16260 draconicevolution:draconium_ore:0
  21882 minecraft:brown_mushroom:0
  23869 minecraft:leaves:0
  27658 minecraft:log:1
  34299 thaumcraft:log_greatwood:0
  48962 ic2:rubber_wood:0
  50292 minecraft:vine:0
  50530 thaumcraft:log_silverwood:0
  51208 minecraft:red_mushroom:0
  51317 thaumcraft:leaves_silverwood:0
  72009 biomesoplenty:plant_1:8
  98034 botania:mushroom:8
  98062 botania:mushroom:9
  98847 biomesoplenty:waterlily:2
  105189 botania:mushroom:7
  109434 botania:mushroom:15
  110298 minecraft:chest:0
  114256 botania:mushroom:13
  116141 botania:mushroom:6
  120239 botania:mushroom:5
  127611 botania:mushroom:2
  128392 botania:mushroom:11
  130044 botania:mushroom:10
  130343 botania:mushroom:1
  137236 botania:mushroom:4
  137338 botania:mushroom:14
  138007 botania:mushroom:12
  143362 botania:mushroom:3
  146513 botania:mushroom:0
  150185 biomesoplenty:plant_0:9
  161237 biomesoplenty:plant_1:9
  165903 biomesoplenty:waterlily:1
  208806 betteranimalsplus:trillium:0
  294882 biomesoplenty:waterlily:0
  321882 minecraft:log:0
  364791 minecraft:waterlily:0
  647181 botania:flower:1
  662062 botania:flower:10
  671499 botania:flower:2
  708223 botania:flower:4
  806338 botania:flower:12
  807092 botania:flower:14
  807563 botania:flower:15
  938221 botania:flower:5
  941387 botania:flower:3
  973127 botania:flower:13
  1208223 botania:flower:7
  1219439 botania:flower:8
  1392590 botania:flower:6
  1552806 minecraft:reeds:0
  1810225 botania:doubleflower1:1
  1812774 botania:doubleflower2:7
  2060817 botania:flower:0
  2066756 botania:doubleflower2:1
  2069353 botania:doubleflower1:2
  2088060 actuallyadditions:item_canola_seed:0
  2239040 minecraft:skull:0
  3607668 botania:doubleflower1:7
  3607668 botania:flower:9
  4173749 botania:doubleflower1:5
  4178329 harvestcraft:beehive:0
  },
"Novus (113)": {
  1 minecraft:stone:0
  1 nuclearcraft:ingot_block:8
  2 minecraft:air:0
  3 biomesoplenty:ash_block:0
  9 minecraft:coal_ore:0
  15 minecraft:bedrock:0
  39 thermalfoundation:fluid_redstone:0
  54 immersiveengineering:stone_decoration:3
  60 minecraft:iron_ore:0
  62 chisel:basalt2:7
  68 minecraft:diamond_ore:0
  78 chisel:marble2:7
  83 draconicevolution:draconium_ore:1
  85 minecraft:redstone_ore:0
  108 minecraft:clay:0
  109 minecraft:stone:5
  110 minecraft:stone:3
  111 minecraft:stone:1
  118 chisel:limestone2:7
  155 thermalfoundation:ore:0
  242 thermalfoundation:ore:1
  276 minecraft:gold_ore:0
  296 appliedenergistics2:quartz_ore:0
  300 immersiveengineering:ore:5
  317 thermalfoundation:ore:4
  411 thermalfoundation:ore:3
  458 minecraft:lapis_ore:0
  460 actuallyadditions:block_misc:3
  525 thermalfoundation:ore:5
  560 thaumcraft:ore_amber:0
  708 thaumcraft:ore_cinnabar:0
  1128 thermalfoundation:ore_fluid:3
  1426 nuclearcraft:ore:5
  1621 mekanism:oreblock:0
  1647 nuclearcraft:ore:3
  2013 forestry:resources:0
  2409 nuclearcraft:ore:6
  2634 appliedenergistics2:charged_quartz_ore:0
  3123 nuclearcraft:ore:7
  3625 thaumcraft:crystal_perditio:0
  4942 biomesoplenty:mushroom:3
  5178 thermalfoundation:ore:6
  5656 thaumcraft:crystal_aer:0
  5764 thaumcraft:crystal_ignis:0
  6055 thaumcraft:crystal_aqua:0
  6097 minecraft:bone_block:0
  7426 minecraft:magma:0
  7434 minecraft:nether_wart_block:0
  8203 thaumcraft:crystal_terra:0
  8535 thaumcraft:crystal_ordo:0
  13194 thermalfoundation:fluid_pyrotheum:0
  15331 draconicevolution:draconium_ore:0
  25212 biomesoplenty:flower_1:3
  35978 minecraft:brown_mushroom:0
  49948 extrautils2:redorchid:0
  79949 minecraft:red_mushroom:0
  95998 botania:mushroom:10
  101540 botania:mushroom:11
  103920 botania:mushroom:8
  104130 botania:mushroom:2
  104398 botania:mushroom:15
  105971 botania:mushroom:4
  107007 botania:mushroom:12
  107119 botania:mushroom:7
  112442 botania:mushroom:14
  112951 botania:mushroom:13
  115582 botania:mushroom:1
  116365 botania:mushroom:0
  119062 botania:mushroom:3
  119443 botania:mushroom:5
  125829 botania:mushroom:6
  127269 botania:mushroom:9
  },
"Stella (114)": {
  1 minecraft:stone:0
  2 minecraft:air:0
  12 biomesoplenty:leaves_3:11
  15 minecraft:bedrock:0
  23 minecraft:dirt:0
  28 biomesoplenty:log_0:4
  32 minecraft:leaves:0
  45 biomesoplenty:dirt:2
  58 minecraft:iron_ore:0
  59 minecraft:gravel:0
  60 minecraft:coal_ore:0
  62 chisel:basalt2:7
  80 chisel:marble2:7
  87 minecraft:redstone_ore:0
  90 minecraft:grass:0
  107 minecraft:stone:1
  107 minecraft:stone:5
  109 minecraft:stone:3
  112 minecraft:clay:0
  114 chisel:limestone2:7
  126 biomesoplenty:leaves_3:9
  150 biomesoplenty:grass:4
  150 libvulpes:ore0:8
  157 thermalfoundation:ore:0
  242 thermalfoundation:ore:7
  251 thermalfoundation:ore:1
  270 minecraft:log:0
  290 minecraft:gold_ore:0
  292 thermalfoundation:ore:4
  305 appliedenergistics2:quartz_ore:0
  308 immersiveengineering:ore:5
  381 minecraft:diamond_ore:0
  388 thermalfoundation:ore:3
  459 actuallyadditions:block_misc:3
  478 minecraft:lapis_ore:0
  541 minecraft:leaves:3
  544 thermalfoundation:ore:5
  560 thaumcraft:ore_amber:0
  708 thaumcraft:ore_cinnabar:0
  1055 biomesoplenty:leaves_0:11
  1171 minecraft:tallgrass:1
  1202 thermalfoundation:ore_fluid:2
  1245 nuclearcraft:ore:5
  1385 biomesoplenty:ivy:0
  1425 nuclearcraft:ore:3
  1870 mekanism:oreblock:0
  2047 nuclearcraft:ore:6
  2128 biomesoplenty:leaves_3:10
  2158 forestry:resources:0
  2289 biomesoplenty:plant_0:1
  2330 biomesoplenty:plant_0:0
  2377 biomesoplenty:plant_0:11
  2552 biomesoplenty:mushroom:3
  2601 nuclearcraft:ore:7
  2740 appliedenergistics2:charged_quartz_ore:0
  2824 thaumcraft:crystal_aqua:0
  2967 thaumcraft:crystal_ordo:0
  3217 thaumcraft:crystal_terra:0
  3774 minecraft:log:3
  4704 biomesoplenty:plant_0:10
  5055 thaumcraft:crystal_ignis:0
  5069 thermalfoundation:ore:6
  5232 thaumcraft:crystal_perditio:0
  5608 thaumcraft:crystal_aer:0
  5831 minecraft:cobblestone:0
  6135 biomesoplenty:log_1:5
  10268 thaumcraft:leaves_greatwood:0
  11579 ic2:leaves:0
  11812 biomesoplenty:log_3:4
  12548 minecraft:red_mushroom:0
  13298 biomesoplenty:flower_0:3
  13867 minecraft:mossy_cobblestone:0
  15140 biomesoplenty:waterlily:3
  15381 biomesoplenty:flower_1:3
  19480 biomesoplenty:flower_0:6
  20090 draconicevolution:draconium_ore:0
  20094 minecraft:brown_mushroom:0
  20650 minecraft:red_flower:3
  21233 biomesoplenty:plant_1:9
  21454 thaumcraft:leaves_silverwood:0
  21679 thermalfoundation:ore_fluid:1
  22864 biomesoplenty:plant_0:3
  24423 biomesoplenty:waterlily:1
  25709 biomesoplenty:waterlily:2
  28248 biomesoplenty:flower_0:4
  29432 minecraft:waterlily:0
  33174 thermalfoundation:fluid_crude_oil:0
  40907 minecraft:red_flower:0
  40924 biomesoplenty:plant_1:10
  41323 minecraft:yellow_flower:0
  43685 minecraft:double_plant:5
  44082 biomesoplenty:waterlily:0
  46854 minecraft:leaves2:1
  47457 minecraft:double_plant:1
  48377 extrautils2:redorchid:0
  50893 biomesoplenty:flower_0:9
  55205 biomesoplenty:mushroom:2
  55942 biomesoplenty:flower_0:0
  59438 minecraft:red_flower:8
  62331 minecraft:grass_path:0
  63313 harvestcraft:beehive:0
  72743 thaumcraft:log_greatwood:0
  81041 thaumcraft:log_silverwood:0
  81398 ic2:rubber_wood:0
  85667 botania:mushroom:12
  87805 harvestcraft:pamdurian:0
  91749 harvestcraft:pamtamarind:0
  99219 botania:mushroom:5
  100110 botania:mushroom:11
  100471 botania:mushroom:8
  102289 botania:mushroom:3
  102591 harvestcraft:pambanana:0
  103220 botania:mushroom:7
  104382 harvestcraft:pampistachio:0
  107065 harvestcraft:pammango:0
  107987 harvestcraft:pamorange:0
  113201 botania:mushroom:13
  113945 harvestcraft:pampeach:0
  114983 harvestcraft:pamvanillabean:0
  115497 harvestcraft:pampapaya:0
  117477 harvestcraft:pambreadfruit:0
  117664 botania:mushroom:1
  119538 harvestcraft:pamlychee:0
  120411 botania:mushroom:14
  120530 minecraft:log2:1
  122237 harvestcraft:shadedgarden:0
  130321 harvestcraft:pamgrapefruit:0
  133852 botania:mushroom:2
  135303 harvestcraft:pamdragonfruit:0
  137230 botania:mushroom:4
  142884 botania:mushroom:15
  143739 harvestcraft:pampomegranate:0
  145857 harvestcraft:pampassionfruit:0
  150150 botania:mushroom:9
  150668 botania:mushroom:0
  157447 botania:mushroom:6
  159137 harvestcraft:pamstarfruit:0
  162975 harvestcraft:pamalmond:0
  163353 biomesoplenty:coral:4
  165933 botania:mushroom:10
  166192 harvestcraft:pampeppercorn:0
  169674 harvestcraft:pamguava:0
  175409 harvestcraft:pamlemon:0
  180416 harvestcraft:pamlime:0
  188485 harvestcraft:pamdate:0
  191719 harvestcraft:pamrambutan:0
  194999 botania:flower:7
  196474 botania:flower:9
  200554 actuallyadditions:item_canola_seed:0
  219151 minecraft:reeds:0
  219968 harvestcraft:pamcashew:0
  220087 harvestcraft:pamapricot:0
  221874 harvestcraft:pampecan:0
  226248 botania:flower:11
  227499 harvestcraft:pamfig:0
  246729 harvestcraft:pamcoconut:0
  248871 botania:flower:5
  258988 harvestcraft:pampersimmon:0
  259123 botania:flower:6
  262083 botania:flower:8
  276063 botania:flower:0
  287547 minecraft:chest:0
  291582 botania:flower:13
  293666 harvestcraft:pampaperbark:0
  300220 botania:flower:4
  325010 botania:flower:3
  333412 botania:flower:14
  382688 iceandfire:pixie_house:0
  400397 botania:doubleflower2:1
  407778 harvestcraft:pamcinnamon:0
  410028 harvestcraft:pamjackfruit:0
  428716 botania:flower:12
  446667 actuallyadditions:item_coffee_seed:0
  491261 botania:flower:2
  676547 botania:flower:15
  761573 botania:doubleflower2:6
  780786 minecraft:vine:0
  882043 botania:flower:10
  931251 botania:flower:1
  980126 minecraft:planks:1
  1118846 botania:doubleflower1:5
  1391872 botania:doubleflower1:0
  2087218 botania:doubleflower2:3
  2087497 botania:doubleflower1:3
  2087497 botania:doubleflower2:4
  2087841 botania:doubleflower1:2
  2087841 botania:doubleflower2:7
  2088222 botania:doubleflower1:7
  2089199 botania:doubleflower1:6
  2236657 botania:doubleflower2:0
  4173749 botania:doubleflower2:2
  4173749 botania:doubleflower2:5
  },
"KELT-2ab (118)": {
  0 minecraft:air:0
  1 minecraft:stone:0
  15 minecraft:bedrock:0
  28 minecraft:gravel:0
  37 minecraft:dirt:0
  43 thermalfoundation:ore:0
  51 libvulpes:ore0:0
  55 minecraft:coal_ore:0
  63 chisel:basalt2:7
  73 minecraft:iron_ore:0
  81 draconicevolution:draconium_ore:1
  85 minecraft:redstone_ore:0
  89 chisel:marble2:7
  93 minecraft:sand:0
  118 minecraft:stone:5
  126 minecraft:stone:1
  127 minecraft:stone:3
  131 minecraft:grass:0
  140 minecraft:clay:0
  262 chisel:limestone2:7
  280 minecraft:gold_ore:0
  304 immersiveengineering:ore:5
  358 thermalfoundation:ore:1
  372 minecraft:diamond_ore:0
  388 thermalfoundation:ore:3
  456 minecraft:lapis_ore:0
  493 appliedenergistics2:quartz_ore:0
  573 thermalfoundation:ore:5
  612 actuallyadditions:block_misc:3
  615 thermalfoundation:ore:4
  754 thaumcraft:ore_cinnabar:0
  1015 thaumcraft:ore_amber:0
  1197 minecraft:ice:0
  1317 thermalfoundation:ore_fluid:1
  1344 thermalfoundation:ore_fluid:3
  1392 nuclearcraft:ore:5
  1543 nuclearcraft:ore:3
  1661 mekanism:oreblock:0
  1745 forestry:resources:0
  2256 nuclearcraft:ore:6
  2977 minecraft:snow_layer:0
  3002 nuclearcraft:ore:7
  5180 thermalfoundation:ore:6
  33216 draconicevolution:draconium_ore:0
  56197 thaumcraft:crystal_aqua:0
  68376 appliedenergistics2:charged_quartz_ore:0
  110411 minecraft:tallgrass:1
  112807 minecraft:leaves:0
  116256 thaumcraft:crystal_terra:0
  131696 thaumcraft:crystal_ordo:0
  156919 thaumcraft:crystal_aer:0
  193066 thaumcraft:crystal_perditio:0
  272977 thaumcraft:crystal_ignis:0
  296233 actuallyadditions:block_treasure_chest:0
  637428 minecraft:brown_mushroom:0
  958369 biomesoplenty:plant_1:9
  1044096 minecraft:red_mushroom:0
  1258518 minecraft:yellow_flower:0
  1767559 minecraft:log:0
  1877253 harvestcraft:frostgarden:0
  3723024 harvestcraft:tropicalgarden:0
  3742506 actuallyadditions:item_canola_seed:0
  3756991 botania:flower:11
  },
"KELT-3 (119)": {
  0 minecraft:stone:1
  3 minecraft:air:0
  8 exnihilocreatio:block_endstone_crushed:0
  15 minecraft:bedrock:0
  16 advancedrocketry:hotturf:0
  30 minecraft:stone:0
  38 libvulpes:ore0:0
  38 nuclearcraft:fluid_sulfur:0
  40 nuclearcraft:fluid_sodium:0
  83 minecraft:stone:5
  86 minecraft:stone:3
  106 minecraft:clay:0
  136 draconicevolution:draconium_ore:2
  136 minecraft:end_stone:0
  199 minecraft:redstone_ore:0
  626 thermalfoundation:ore_fluid:2
  1086 actuallyadditions:block_misc:3
  1124 nuclearcraft:ore:3
  1140 nuclearcraft:ore:6
  1145 nuclearcraft:ore:7
  1174 nuclearcraft:ore:5
  1677 mekanism:oreblock:0
  3242 thaumcraft:crystal_perditio:0
  3997 thaumcraft:ore_cinnabar:0
  5405 thaumcraft:crystal_ignis:0
  7227 biomesoplenty:mushroom:3
  7753 minecraft:diamond_ore:0
  8437 thermalfoundation:ore:5
  10176 thaumcraft:crystal_aer:0
  10216 thaumcraft:crystal_aqua:0
  10620 thaumcraft:crystal_ordo:0
  12055 thaumcraft:crystal_terra:0
  17249 draconicevolution:draconium_ore:0
  34389 biomesoplenty:flower_1:3
  54806 minecraft:brown_mushroom:0
  67416 minecraft:red_mushroom:0
  87128 botania:mushroom:10
  92550 botania:mushroom:15
  93639 botania:mushroom:3
  98723 botania:mushroom:6
  102097 botania:mushroom:4
  102206 botania:mushroom:0
  104975 botania:mushroom:8
  106888 botania:mushroom:11
  127192 botania:mushroom:1
  130092 botania:mushroom:13
  130304 botania:mushroom:5
  131264 botania:mushroom:12
  132422 botania:mushroom:7
  133597 botania:mushroom:14
  163979 botania:mushroom:9
  166588 botania:mushroom:2
  330087 extrautils2:redorchid:0
  },
"KELT-4ab (120)": {
  1 minecraft:stone:0
  2 minecraft:air:0
  6 minecraft:packed_ice:0
  15 biomesoplenty:hard_ice:0
  15 minecraft:bedrock:0
  27 minecraft:snow:0
  28 minecraft:gravel:0
  31 minecraft:ice:0
  35 minecraft:coal_ore:0
  41 libvulpes:ore0:0
  58 minecraft:iron_ore:0
  62 chisel:basalt2:7
  77 astralsorcery:blockcustomore:0
  81 chisel:marble2:7
  83 minecraft:redstone_ore:0
  93 minecraft:stone:1
  93 minecraft:stone:3
  96 minecraft:stone:5
  102 mysticalagriculture:prosperity_ore:0
  107 minecraft:clay:0
  125 chisel:limestone2:7
  128 thermalfoundation:ore:0
  154 minecraft:snow_layer:0
  155 thermalfoundation:ore:8
  204 astralsorcery:blockcustomore:1
  249 biomesoplenty:grass:1
  258 thermalfoundation:ore:1
  282 minecraft:gold_ore:0
  289 thermalfoundation:ore:4
  304 immersiveengineering:ore:5
  309 rftools:dimensional_shard_ore:0
  310 appliedenergistics2:quartz_ore:0
  376 thermalfoundation:ore:3
  379 minecraft:diamond_ore:0
  459 minecraft:lapis_ore:0
  479 actuallyadditions:block_misc:3
  552 thermalfoundation:ore:5
  576 thaumcraft:ore_amber:0
  718 thaumcraft:ore_cinnabar:0
  809 forestry:resources:0
  1030 thermalfoundation:ore_fluid:1
  1307 nuclearcraft:ore:5
  1321 minecraft:emerald_ore:0
  1551 nuclearcraft:ore:3
  1764 mekanism:oreblock:0
  1924 biomesoplenty:leaves_1:10
  2161 nuclearcraft:ore:6
  2511 appliedenergistics2:charged_quartz_ore:0
  2842 thaumcraft:crystal_ordo:0
  2945 nuclearcraft:ore:7
  3057 thaumcraft:crystal_perditio:0
  4159 biomesoplenty:mushroom:3
  5113 thermalfoundation:ore:6
  6259 thaumcraft:crystal_terra:0
  6326 thaumcraft:crystal_aer:0
  6608 thaumcraft:crystal_ignis:0
  7196 thaumcraft:crystal_aqua:0
  12167 biomesoplenty:log_0:7
  21674 biomesoplenty:flower_1:3
  23792 minecraft:brown_mushroom:0
  28171 draconicevolution:draconium_ore:0
  48747 extrautils2:redorchid:0
  74523 thermalfoundation:fluid_cryotheum:0
  81410 thermalfoundation:fluid_crude_oil:0
  82608 minecraft:red_mushroom:0
  87175 nuclearcraft:block_ice:0
  91745 botania:mushroom:8
  93799 botania:mushroom:10
  100439 minecraft:leaves:1
  106348 botania:mushroom:11
  107202 botania:mushroom:2
  108767 botania:mushroom:13
  111375 botania:mushroom:6
  112641 botania:mushroom:7
  115172 botania:mushroom:12
  118938 botania:mushroom:1
  119618 botania:mushroom:9
  141795 botania:mushroom:15
  148781 botania:mushroom:0
  151341 botania:mushroom:3
  158961 botania:mushroom:4
  159155 botania:mushroom:5
  163823 botania:mushroom:14
  505569 biomesoplenty:plant_1:9
  692732 botania:flower:8
  1418393 botania:flower:10
  1513332 botania:flower:15
  1774106 botania:flower:5
  2011464 minecraft:log:1
  2016993 harvestcraft:pammaple:0
  2017008 botania:doubleflower2:2
  2053853 minecraft:tallgrass:1
  4053776 botania:flower:12
  4094019 minecraft:yellow_flower:0
  },
"KELT-6a (121)": {
  1 minecraft:stone:0
  2 minecraft:air:0
  15 minecraft:bedrock:0
  21 minecraft:grass:0
  40 libvulpes:ore0:0
  51 biomesoplenty:dirt:0
  52 minecraft:gravel:0
  55 minecraft:coal_ore:0
  58 minecraft:iron_ore:0
  63 biomesoplenty:leaves_1:8
  63 chisel:basalt2:7
  78 minecraft:dirt:0
  80 chisel:marble2:7
  83 minecraft:redstone_ore:0
  104 minecraft:stone:1
  105 minecraft:stone:3
  106 minecraft:clay:0
  106 minecraft:tallgrass:1
  109 minecraft:stone:5
  119 chisel:limestone2:7
  133 biomesoplenty:grass:2
  148 thermalfoundation:ore:0
  158 libvulpes:ore0:8
  236 biomesoplenty:log_0:6
  244 biomesoplenty:leaves_4:11
  255 thermalfoundation:ore:1
  258 thermalfoundation:ore:7
  283 thermalfoundation:ore:4
  299 minecraft:gold_ore:0
  317 appliedenergistics2:quartz_ore:0
  317 immersiveengineering:ore:5
  399 minecraft:diamond_ore:0
  409 thermalfoundation:ore:3
  467 actuallyadditions:block_misc:3
  480 biomesoplenty:willow_vine:0
  481 minecraft:lapis_ore:0
  561 thaumcraft:ore_amber:0
  561 thermalfoundation:ore:5
  721 thaumcraft:ore_cinnabar:0
  964 biomesoplenty:log_4:5
  1132 biomesoplenty:plant_0:0
  1212 nuclearcraft:ore:5
  1249 minecraft:sand:0
  1295 thermalfoundation:ore_fluid:2
  1403 nuclearcraft:ore:3
  1515 biomesoplenty:plant_0:1
  1534 quark:glowshroom:0
  1719 mekanism:oreblock:0
  1725 forestry:resources:0
  1749 biomesoplenty:leaves_1:9
  1990 nuclearcraft:ore:6
  2119 advancedrocketry:alienleaves:0
  2200 thaumcraft:crystal_ordo:0
  2500 thaumcraft:crystal_terra:0
  2501 advancedrocketry:alienwood:0
  2622 appliedenergistics2:charged_quartz_ore:0
  2672 nuclearcraft:ore:7
  2844 biomesoplenty:mushroom:3
  3021 biomesoplenty:bramble_plant:0
  3652 biomesoplenty:log_2:5
  4300 thaumcraft:crystal_ignis:0
  4478 thaumcraft:crystal_perditio:0
  4526 thaumcraft:crystal_aer:0
  4542 thaumcraft:crystal_aqua:0
  4951 ic2:leaves:0
  5254 thermalfoundation:ore:6
  5903 thaumcraft:leaves_silverwood:0
  8254 minecraft:leaves:0
  8783 biomesoplenty:flower_0:2
  11557 biomesoplenty:plant_0:12
  11999 thaumcraft:leaves_greatwood:0
  13045 biomesoplenty:plant_1:2
  14225 biomesoplenty:flower_1:3
  17615 minecraft:brown_mushroom:0
  22434 thaumcraft:log_silverwood:0
  23360 minecraft:bone_block:0
  30880 biomesoplenty:plant_1:9
  32638 draconicevolution:draconium_ore:0
  36886 minecraft:red_mushroom:0
  38150 ic2:rubber_wood:0
  43733 extrautils2:redorchid:0
  47925 thermalfoundation:ore_fluid:1
  53933 thermalfoundation:fluid_crude_oil:0
  59938 thaumcraft:log_greatwood:0
  63867 harvestcraft:shadedgarden:0
  90883 botania:mushroom:6
  93619 botania:flower:15
  93909 botania:mushroom:8
  94974 botania:mushroom:0
  96572 botania:mushroom:7
  97518 botania:mushroom:5
  99018 harvestcraft:beehive:0
  99174 botania:mushroom:1
  101123 botania:mushroom:9
  105353 botania:mushroom:14
  105881 botania:mushroom:12
  109299 integrateddynamics:menril_leaves:0
  110316 botania:mushroom:4
  121133 botania:mushroom:10
  125693 botania:flower:8
  128387 botania:mushroom:13
  128953 botania:mushroom:2
  134258 actuallyadditions:item_canola_seed:0
  140973 botania:flower:6
  142290 botania:flower:13
  143043 botania:mushroom:3
  145569 biomesoplenty:mud:0
  145793 botania:flower:7
  146231 botania:flower:2
  156906 botania:mushroom:15
  159996 botania:mushroom:11
  173694 botania:flower:10
  176248 actuallyadditions:item_coffee_seed:0
  176689 botania:flower:4
  195734 botania:flower:3
  196020 botania:flower:14
  201314 botania:flower:0
  221639 botania:flower:9
  228217 mysticalagriculture:storage:3
  244015 botania:flower:5
  244186 botania:flower:12
  248735 integrateddynamics:menril_log:0
  295152 botania:flower:1
  345016 botania:doubleflower2:7
  363246 botania:flower:11
  400824 botania:doubleflower2:5
  443244 botania:doubleflower1:6
  445530 minecraft:reeds:0
  458648 botania:doubleflower2:1
  458762 botania:doubleflower2:0
  529855 botania:doubleflower1:2
  695296 botania:doubleflower1:4
  712198 botania:doubleflower1:0
  835349 botania:doubleflower1:7
  1044266 botania:doubleflower2:6
  1385731 integrateddynamics:menril_log_filled:0
  2089058 botania:doubleflower2:2
  2236657 botania:doubleflower1:5
  4173749 botania:doubleflower1:1
  },
"Kepler 0118 (122)": {
  1 nuclearcraft:fluid_boron11:0
  4 minecraft:air:0
  15 minecraft:bedrock:0
  31 minecraft:stone:0
  644 draconicevolution:draconium_ore:1
  687 chisel:basalt2:7
  1169 libvulpes:ore0:0
  1400 minecraft:redstone_ore:0
  1731 mekanism:oreblock:0
  2419 minecraft:diamond_ore:0
  2673 actuallyadditions:block_misc:3
  2974 minecraft:stone:5
  3051 minecraft:stone:1
  3739 immersiveengineering:ore:5
  4080 minecraft:stone:3
  4296 minecraft:iron_ore:0
  5806 minecraft:bone_block:0
  8596 thermalfoundation:ore:5
  28128 nuclearcraft:ore:5
  31950 minecraft:coal_ore:0
  34372 nuclearcraft:ore:3
  37915 thermalfoundation:ore:6
  45689 nuclearcraft:ore:6
  50215 nuclearcraft:ore:7
  58736 draconicevolution:draconium_ore:0
  125102 appliedenergistics2:charged_quartz_ore:0
  1214737 minecraft:lapis_ore:0
  },
"Kepler 0119 (123)": {
  0 minecraft:stone:5
  1 minecraft:air:0
  6 tconstruct:brownstone:0
  12 exnihilocreatio:block_andesite_crushed:0
  15 minecraft:bedrock:0
  24 advancedrocketry:hotturf:0
  47 libvulpes:ore0:0
  111 nuclearcraft:ore:3
  131 actuallyadditions:block_misc:3
  137 minecraft:clay:0
  201 thermalfoundation:ore_fluid:1
  279 minecraft:coal_ore:0
  312 forestry:ash_block_3:0
  447 advancedrocketry:geode:0
  468 nuclearcraft:ore:5
  488 thermalfoundation:ore_fluid:2
  602 immersiveengineering:ore:5
  1369 nuclearcraft:glowing_mushroom:0
  1474 thaumcraft:amber_block:0
  1730 mekanism:oreblock:0
  2604 thermalfoundation:ore:7
  3808 libvulpes:ore0:8
  4826 thaumcraft:crystal_perditio:0
  7087 thaumcraft:crystal_ignis:0
  7600 thermalfoundation:ore:5
  7917 minecraft:diamond_ore:0
  11173 thaumcraft:crystal_terra:0
  12518 thaumcraft:crystal_aqua:0
  13066 thaumcraft:crystal_aer:0
  13636 thaumcraft:crystal_ordo:0
  25077 draconicevolution:draconium_ore:0
  28858 thermalfoundation:fluid_glowstone:0
  29947 biomesoplenty:mushroom:3
  69104 minecraft:brown_mushroom:0
  168505 biomesoplenty:flower_1:3
  257547 minecraft:red_mushroom:0
  2911187 botania:mushroom:14
  },
"Philucka (115)": {
  1 minecraft:stone:0
  3 minecraft:air:0
  5 minecraft:end_stone:0
  12 minecraft:redstone_ore:0
  15 minecraft:bedrock:0
  32 minecraft:dirt:0
  33 draconicevolution:draconium_ore:2
  48 minecraft:coal_ore:0
  56 minecraft:gravel:0
  59 minecraft:iron_ore:0
  66 chisel:basalt2:7
  77 chisel:marble2:7
  82 minecraft:grass:0
  91 minecraft:stone:3
  104 minecraft:stone:5
  108 minecraft:clay:0
  121 minecraft:stone:1
  124 chisel:limestone2:7
  128 thermalfoundation:ore:0
  155 thermalfoundation:ore:4
  256 thermalfoundation:ore:1
  269 minecraft:gold_ore:0
  293 immersiveengineering:ore:5
  322 appliedenergistics2:quartz_ore:0
  365 minecraft:lapis_ore:0
  427 thermalfoundation:ore:3
  452 minecraft:diamond_ore:0
  573 thermalfoundation:ore:5
  579 actuallyadditions:block_misc:3
  582 thaumcraft:ore_amber:0
  677 thaumcraft:ore_cinnabar:0
  840 advancedrocketry:charcoallog:0
  1229 thermalfoundation:ore_fluid:4
  1234 forestry:resources:0
  1751 nuclearcraft:ore:3
  2017 nuclearcraft:ore:5
  2438 thaumcraft:crystal_ignis:0
  2711 appliedenergistics2:charged_quartz_ore:0
  2831 thaumcraft:crystal_aqua:0
  3005 thaumcraft:crystal_perditio:0
  3183 biomesoplenty:mushroom:3
  3474 nuclearcraft:ore:6
  4561 thaumcraft:crystal_aer:0
  4666 nuclearcraft:ore:7
  4755 thermalfoundation:ore:6
  4944 thaumcraft:crystal_terra:0
  6186 mekanism:oreblock:0
  6828 thaumcraft:crystal_ordo:0
  8104 advancedrocketry:electricmushroom:0
  8592 extrautils2:redorchid:0
  23600 biomesoplenty:flower_1:3
  54777 botania:mushroom:9
  67325 botania:mushroom:0
  80825 botania:flower:13
  107593 botania:mushroom:10
  107593 botania:mushroom:7
  109873 botania:mushroom:3
  112085 botania:mushroom:5
  122057 botania:mushroom:11
  125520 botania:mushroom:1
  125520 botania:mushroom:2
  125520 botania:mushroom:14
  148818 minecraft:red_mushroom:0
  150104 botania:flower:4
  150104 botania:flower:12
  150183 actuallyadditions:item_coffee_seed:0
  },
"Emptiness (14676)": {
  3 minecraft:air:0
  8 thaumicaugmentation:stone:0
  88 thaumcraft:stone_ancient:0
  237 thaumicaugmentation:stone:2
  264 thaumcraft:stone_eldritch_tile:0
  305 thaumicaugmentation:stone:10
  410 thaumicaugmentation:stone:3
  533 thaumicaugmentation:stone:8
  619 thaumicaugmentation:stone:1
  685 thaumcraft:stone_ancient_tile:0
  686 thaumicaugmentation:stairs_ancient:0
  938 thaumicaugmentation:stairs_eldritch_tile:0
  1075 thaumcraft:slab_ancient:0
  2014 thaumicaugmentation:stone:6
  2087 thaumcraft:slab_eldritch:0
  2417 thaumicaugmentation:taint_flower:0
  3208 thaumcraft:stone_ancient_glyphed:0
  4472 thaumicaugmentation:stone:9
  5657 thaumicaugmentation:bars:0
  13495 thaumcraft:stone_ancient_doorway:0
  16637 thaumicaugmentation:strange_crystal:0
  16741 minecraft:dirt:0
  16976 thaumicaugmentation:stone:5
  19272 thaumicaugmentation:urn:0
  25685 thaumicaugmentation:stone:7
  28145 minecraft:grass:0
  29434 thaumcraft:stairs_ancient:0
  31225 thaumicaugmentation:slab:0
  36942 thaumicaugmentation:urn:1
  46033 minecraft:netherrack:0
  47634 minecraft:web:0
  49904 minecraft:end_stone:0
  69464 thaumicaugmentation:obelisk_placer:1
  73295 minecraft:obsidian:0
  85204 minecraft:soul_sand:0
  113424 thaumicaugmentation:stone:4
  121414 thaumicaugmentation:stone:11
  140780 thaumicaugmentation:crab_vent:0
  164235 minecraft:sandstone:0
  175443 minecraft:cobblestone:0
  195458 biomesoplenty:flesh:0
  199207 thaumcraft:pedestal_ancient:0
  201652 biomesoplenty:dirt:2
  211103 biomesoplenty:ash_block:0
  248881 thaumicaugmentation:urn:2
  278650 thaumicaugmentation:capstone:1
  350962 biomesoplenty:dirt:0
  389003 thaumicaugmentation:capstone:0
  440510 biomesoplenty:grass:4
  450030 minecraft:stained_hardened_clay:0
  455857 minecraft:stone:0
  474387 thaumicaugmentation:eldritch_lock_impetus:0
  617576 thaumicaugmentation:obelisk_placer:0
  760482 biomesoplenty:grass:2
  802972 thaumcraft:pedestal_eldritch:0
  1046437 minecraft:red_sandstone:0
  1400427 biomesoplenty:grass:6
  2065836 thaumicaugmentation:eldritch_lock:3
  2219207 thaumicaugmentation:eldritch_lock:2
  2280620 thaumicaugmentation:eldritch_lock:0
  2378202 thaumicaugmentation:eldritch_lock:1
  2443794 thaumicaugmentation:capstone:2
  }