minecraft:bucket
mekanism:nugget:2
botania:manainkwell:150
botania:exchangerod:0
botania:lens:0
botania:blackholetalisman:0
botania:managun:0
botania:manamirror:0
botania:manamirror:1000
ic2:misc_resource:5
entity:cow
entity:minecraft:skeleton
entity:minecraft:creeper
entity:minecraft:slime
entity:minecraft:spider
entity:minecraft:squid
entity:minecraft:villager
entity:minecraft:pig
entity:minecraft:zombie
entity:minecraft:enderman
entity:minecraft:wolf
entity:minecraft:cow
entity:minecraft:ocelot
entity:minecraft:sheep
entity:minecraft:chicken
entity:iceandfire:if_cockatrice
entity:betteranimalsplus:feralwolf
entity:betteranimalsplus:walrus
entity:betteranimalsplus:hirschgeist
entity:rats:marbled_cheese_golem
entity:rats:rat
entity:rats:neo_ratlantean
entity:emberroot:timberwolf
entity:emberroot:rainbow_golem
entity:emberroot:skeleton_frozen
entity:excompressum:angry_chicken
entity:mekanism:robit
entity:endreborn:watcher
entity:industrialforegoing:pink_slime
entity:openblocks:mini_me
entity:randomthings:goldenchicken
appliedenergistics2:biometric_card:0
astralsorcery:blockcollectorcrystal:0:{astralsorcery:{constellationName:"astralsorcery.constellation.aevitas",crystalProperties:{collectiveCapability:100,size:400,fract:0,purity:100,sizeOverride:-1},collectorType:0}}
astralsorcery:blockcollectorcrystal:0:{astralsorcery:{constellationName:"astralsorcery.constellation.armara",crystalProperties:{collectiveCapability:100,size:400,fract:0,purity:100,sizeOverride:-1},collectorType:0}}
astralsorcery:blockcollectorcrystal:0:{astralsorcery:{constellationName:"astralsorcery.constellation.discidia",crystalProperties:{collectiveCapability:100,size:400,fract:0,purity:100,sizeOverride:-1},collectorType:0}}
astralsorcery:blockcollectorcrystal:0:{astralsorcery:{constellationName:"astralsorcery.constellation.evorsio",crystalProperties:{collectiveCapability:100,size:400,fract:0,purity:100,sizeOverride:-1},collectorType:0}}
astralsorcery:blockcollectorcrystal:0:{astralsorcery:{constellationName:"astralsorcery.constellation.vicio",crystalProperties:{collectiveCapability:100,size:400,fract:0,purity:100,sizeOverride:-1},collectorType:0}}
astralsorcery:blockportalnode:0
bloodmagic:component:23
bloodmagic:component:24
bloodmagic:sentient_armour_leggings:0
bloodmagic:sentient_armour_helmet:0
bloodmagic:sentient_armour_boots:0
forestry:leaves:*
forestry:leaves.default.0:*
forestry:leaves.default.1:*
forestry:leaves.default.2:*
forestry:leaves.default.3:*
forestry:leaves.default.4:*
forestry:leaves.default.5:*
forestry:leaves.default.6:*
forestry:leaves.default.7:*
forestry:leaves.default.8:*
forestry:leaves.default.fruit.0:*
forestry:leaves.default.fruit.1:*
forestry:chipsets:3
forestry:stairs.fireproof.acacia:*
forestry:fence.gates.fireproof.acacia:*
randomthings:spectrekey
thaumcraft:infernal_furnace:0
thaumcraft:primordial_pearl:1
thaumcraft:primordial_pearl:4
immersiveengineering:metal_multiblock:0
immersiveengineering:metal_multiblock:1
immersiveengineering:metal_multiblock:6
immersiveengineering:metal_multiblock:7
immersiveengineering:metal_multiblock:8
immersiveengineering:metal_multiblock:9
immersiveengineering:metal_multiblock:11
immersiveengineering:metal_multiblock:13
immersiveengineering:metal_multiblock:15
immersiveengineering:stone_device:0
immersiveengineering:stone_device:1
immersiveengineering:stone_device:7
immersiveengineering:storage:6
immersivepetroleum:metal_multiblock:2
immersivepetroleum:metal_multiblock:3
multiblock:tile.immersivetech.metal_multiblock1.melting_crucible8
multiblock:tile.immersivetech.metal_multiblock.boiler4
multiblock:tile.immersivetech.metal_multiblock.cooling_tower14
multiblock:tile.immersivetech.metal_multiblock.distiller0
multiblock:tile.immersivetech.metal_multiblock.solar_tower1
multiblock:tile.immersivetech.metal_multiblock.steam_turbine3
multiblock:tile.immersivetech.metal_multiblock1.electrolytic_crucible_battery6
multiblock:tile.immersivetech.metal_multiblock1.gas_turbine0
multiblock:tile.immersivetech.metal_multiblock1.heat_exchanger2
multiblock:tile.immersivetech.metal_multiblock1.high_pressure_steam_turbine4
multiblock:tile.immersivetech.metal_multiblock1.radiator10
industrialwires:hv_multiblock:0
openblocks:trophy:9:{entity_id:"minecraft:villager"}
openblocks:dev_null
psi:cad:0
pyrotech:bucket_stone:0
rats:plague_tome:0
rftoolsdim:dimension_enscriber:0
rftoolsdim:block_blockdimensionalshard:0
tcomplement:sledge_hammer:0
thaumicaugmentation:obelisk_placer:0
thaumicaugmentation:obelisk_placer:1
libvulpes:productplate:10
opencomputers:material:29
thermalexpansion:reservoir:1
thermalexpansion:reservoir:2
thermalexpansion:reservoir:3
thermalexpansion:reservoir:4
thermalexpansion:reservoir:32000
modularmachinery:blockcontroller:0
environmentaltech:laser_lens_crystal:0
bonsaitrees:bonsaipot:0
