placeholder:trade
entity:cow
immersiveengineering:metal_multiblock:0
immersiveengineering:metal_multiblock:1
immersiveengineering:metal_multiblock:6
immersiveengineering:metal_multiblock:7
immersiveengineering:metal_multiblock:8
immersiveengineering:metal_multiblock:9
immersiveengineering:metal_multiblock:11
immersiveengineering:metal_multiblock:13
immersiveengineering:metal_multiblock:15
immersiveengineering:metal_multiblock:*
immersivepetroleum:metal_multiblock:2
multiblock:tile.immersivetech.metal_multiblock1.melting_crucible8
multiblock:tile.immersivetech.metal_multiblock.boiler4
multiblock:tile.immersivetech.metal_multiblock.cooling_tower14
multiblock:tile.immersivetech.metal_multiblock.distiller0
multiblock:tile.immersivetech.metal_multiblock.solar_tower1
multiblock:tile.immersivetech.metal_multiblock.steam_turbine3
multiblock:tile.immersivetech.metal_multiblock1.electrolytic_crucible_battery6
multiblock:tile.immersivetech.metal_multiblock1.gas_turbine0
multiblock:tile.immersivetech.metal_multiblock1.heat_exchanger2
multiblock:tile.immersivetech.metal_multiblock1.high_pressure_steam_turbine4
multiblock:tile.immersivetech.metal_multiblock1.radiator10
rftoolsdim:block_blockdimensionalshard:0
industrialwires:hv_multiblock:0
aspect:Vacuos
aspect:Aer
aspect:Perditio
aspect:Lux
aspect:Ignis
aspect:Motus
aspect:Ordo
aspect:Gelum
aspect:Vitreus
aspect:Terra
aspect:Metallum
aspect:Victus
aspect:Aqua
aspect:Mortuus
aspect:Potentia
aspect:Permutatio
aspect:Praecantatio
aspect:Auram
aspect:Alkimia
aspect:Vitium
aspect:Tenebrae
aspect:Alienis
aspect:Volatus
aspect:Herba
aspect:Instrumentum
aspect:Fabrico
aspect:Machina
aspect:Vinculum
aspect:Spiritus
aspect:Cognitio
aspect:Sensus
aspect:Aversio
aspect:Praemunio
aspect:Desiderium
aspect:Exanimis
aspect:Bestia
aspect:Humanus
aspect:Fluctus
aspect:Sonus
aspect:Exitium
aspect:Caeles
aspect:Draco
aspect:Infernum
aspect:Ventus
aspect:Visum
aspect:Imperium
aspect:Mythus
aspect:Rattus
bonsaitrees:bonsaipot:0
