⚠️ 1 Recipes not added in bioreactor_accepted_items
⚠️ 1 Recipes not added in forestry__farming
⚠️ 1 Recipes not added in ie__crusher
⚠️ 1 Recipes not added in requious__nether_portal_spread
⚠️ 2 Recipes not added in jehc__presser
⚠️ 2 Recipes not added in THAUMCRAFT_INFUSION
⚠️ 3 Recipes not added in solidifier
⚠️ 7 Recipes not added in chisel__chiseling
⚠️ 9 Recipes not added in jeresources__mob
⚠️ 11 Recipes not added in jehc__grinder
⚠️ 11 Recipes not added in thermalexpansion__pulverizer
⚠️ 62 Recipes not added in DraconicEvolution__Fusion
⭕ Recipes not added in actuallyadditions__booklet
⭕ Recipes not added in cookingforblockheads__cowjar
⭕ Recipes not added in deepmoblearningbm__digital_agonizer
⭕ Recipes not added in deepmoblearningbm__digital_agonizer_catalyst
⭕ Recipes not added in EIOWO
⭕ Recipes not added in electrolyzer
⭕ Recipes not added in exnihilocreatio__heat_sources
⭕ Recipes not added in extrautils2__blockPatterns
⭕ Recipes not added in extrautils2__terraformer
⭕ Recipes not added in forestry__rainmaker
⭕ Recipes not added in GrindingBall
⭕ Recipes not added in ie__blastfurnace__fuel
⭕ Recipes not added in if_manual_category
⭕ Recipes not added in it__boilerFuel
⭕ Recipes not added in it__electrolyticCrucibleBattery
⭕ Recipes not added in justenoughreactors__reactor
⭕ Recipes not added in justenoughreactors__turbine
⭕ Recipes not added in lx__jei__banner__pattern__shapes
⭕ Recipes not added in lx__jei__banner__pattern__symbols
⭕ Recipes not added in modularmachinery__preview
⭕ Recipes not added in nuclearcraft_active_cooler
⭕ Recipes not added in oc__api
⭕ Recipes not added in petrified_burn_time
⭕ Recipes not added in plethora-core__modules
⭕ Recipes not added in plethora-core__peripherals
⭕ Recipes not added in requious__forestry_farm
⭕ Recipes not added in thermalexpansion__compression
⭕ Recipes not added in thermalexpansion__coolant
⭕ Recipes not added in thermalexpansion__enervation
⭕ Recipes not added in thermalexpansion__magmatic
⭕ Recipes not added in thermalexpansion__numismatic
⭕ Recipes not added in thermalexpansion__numismatic_gem
⭕ Recipes not added in thermalexpansion__reactant
⭕ Recipes not added in thermalexpansion__reactant_elemental
⭕ Recipes not added in thermalexpansion__steam
⭕ Recipes not added in tweakedexcavation__excavator
⭕ Recipes not added in xu2_machine_extrautils2__generator_culinary
⭕ Recipes not added in xu2_machine_extrautils2__generator_death
⭕ Recipes not added in xu2_machine_extrautils2__generator_dragonsbreath
⭕ Recipes not added in xu2_machine_extrautils2__generator_enchant
⭕ Recipes not added in xu2_machine_extrautils2__generator_ender
⭕ Recipes not added in xu2_machine_extrautils2__generator_ice
⭕ Recipes not added in xu2_machine_extrautils2__generator_lava
⭕ Recipes not added in xu2_machine_extrautils2__generator_netherstar
⭕ Recipes not added in xu2_machine_extrautils2__generator_overclock
⭕ Recipes not added in xu2_machine_extrautils2__generator_pink
⭕ Recipes not added in xu2_machine_extrautils2__generator_potion
⭕ Recipes not added in xu2_machine_extrautils2__generator_slime
⭕ Recipes not added in xu2_machine_extrautils2__generator_tnt