minecraft:farmland:0
enderio:item_soul_vial:0
simple_trophies:trophy:0:{TrophyVariant:"gold",TrophyItem:{id:"mekanism:gastank",Count:1b,Damage:0s},display:{Lore:["Craft with 9 DIFFERENT gases"]},TrophyName:"Creative Gas Tank Frame"}
dimension:overworld_0
dimension:nether_-1
dimension:the_end_1
dimension:twilight_forest_7
dimension:deep_dark_-11325
dimension:spectre_-343800852
dimension:ratlantis_-8
dimension:rftools_dimension
dimension:luna_100
dimension:europa_106
dimension:io_105
dimension:mars_103
dimension:mercury_101
dimension:neptune_110
dimension:titan_108
dimension:uranus_109
dimension:venus_102
dimension:kelt-2ab_118
dimension:kelt-3_119
dimension:kelt-4ab_120
dimension:kelt-6a_121
dimension:kepler_0118_122
dimension:kepler_0119_123
dimension:novus_113
dimension:proxima_b_111
dimension:stella_114
dimension:terra_nova_112
dimension:emptiness_14676
entity:cow
randomthings:spectrecore:0
rftoolsdim:block_blockdimensionalshard:0
astralsorcery:blockportalnode:0
forestry:slabs.fireproof.0:13
minecraft:air:0
minecraft:grass_path:0
minecraft:stone_slab:2
minecraft:tallgrass:0
thermalfoundation:fluid_crude_oil:0
thermalfoundation:fluid_petrotheum:0
thermalfoundation:fluid_pyrotheum:0
forestry:bee_combs:8
thermalfoundation:fluid_cryotheum:0
forestry:fluid.ice:0
thermalfoundation:fluid_redstone:0
nuclearcraft:fluid_sodium:0
nuclearcraft:fluid_sulfur:0
nuclearcraft:fluid_boron11:0
forestry:ash_block_3:0
thermalfoundation:fluid_glowstone:0
extrautils2:crafter:0
botania:laputashard:18
botania:laputashard:6
botania:laputashard:5
botania:laputashard:3
botania:laputashard:2
botania:laputashard:1
botania:laputashard:11
botania:laputashard:10
botania:laputashard:17
botania:laputashard:16
botania:laputashard:7
botania:laputashard:15
botania:laputashard:13
botania:laputashard:12
botania:manamirror:1000
botania:laputashard:8
tconstruct:slime:5
engineersdecor:treated_wood_pole:0
engineersdecor:treated_wood_pole_support:0
engineersdecor:treated_wood_pole_head:0
engineersdecor:treated_wood_broad_windowsill:0
engineersdecor:treated_wood_windowsill:0
engineersdecor:thin_steel_pole:0
engineersdecor:thin_steel_pole_head:0
engineersdecor:thick_steel_pole:0
engineersdecor:thick_steel_pole_head:0
engineersdecor:straight_pipe_valve_redstone:0
engineersdecor:straight_pipe_valve_redstone_analog:0
engineersdecor:steel_table:0
engineersdecor:steel_floor_grating:0
engineersdecor:steel_mesh_fence:0
engineersdecor:steel_mesh_fence_gate:0
engineersdecor:steel_double_t_support:0
engineersdecor:slag_brick_block:0
engineersdecor:slag_brick_wall:0
engineersdecor:slag_brick_stairs:0
engineersdecor:slag_brick_slab:0
engineersdecor:sign_laser:0
engineersdecor:sign_radioactive:0
engineersdecor:sign_magneticfield:0
engineersdecor:sign_hotsurface:0
engineersdecor:sign_magichazard:0
engineersdecor:sign_caution:0
engineersdecor:sign_exit:0
engineersdecor:sign_hotwire:0
engineersdecor:sign_frost:0
engineersdecor:sign_firehazard:0
engineersdecor:sign_factoryarea:0
engineersdecor:sign_defense:0
engineersdecor:sign_danger:0
engineersdecor:rebar_concrete:0
engineersdecor:rebar_concrete_wall:0
engineersdecor:rebar_concrete_tile:0
engineersdecor:rebar_concrete_tile_stairs:0
engineersdecor:rebar_concrete_tile_slab:0
engineersdecor:rebar_concrete_stairs:0
engineersdecor:rebar_concrete_slab:0
engineersdecor:iron_inset_light:0
engineersdecor:iron_floor_edge_light:0
engineersdecor:halfslab_rebar_concrete:0
engineersdecor:gas_concrete_slab:0
engineersdecor:halfslab_gas_concrete:0
engineersdecor:gas_concrete:0
engineersdecor:gas_concrete_wall:0
engineersdecor:gas_concrete_stairs:0
engineersdecor:clinker_brick_block:0
engineersdecor:clinker_brick_wall:0
engineersdecor:clinker_brick_stairs:0
engineersdecor:clinker_brick_stained_block:0
engineersdecor:clinker_brick_stained_stairs:0
engineersdecor:clinker_brick_stained_slab:0
engineersdecor:clinker_brick_slab:0
engineersdecor:treated_wood_window:0
engineersdecor:treated_wood_table:0
engineersdecor:treated_wood_stool:0
engineersdecor:treated_wood_side_table:0
engineersdecor:treated_wood_ladder:0
engineersdecor:treated_wood_crafting_table:0
engineersdecor:straight_pipe_valve:0
engineersdecor:steel_framed_window:0
engineersdecor:small_waste_incinerator:0
engineersdecor:small_tree_cutter:0
engineersdecor:small_solar_panel:0
engineersdecor:small_mineral_smelter:0
engineersdecor:panzerglass_block:0
engineersdecor:small_milking_machine:0
engineersdecor:small_lab_furnace:0
engineersdecor:small_fluid_funnel:0
engineersdecor:small_electrical_furnace:0
engineersdecor:small_block_breaker:0
engineersdecor:passive_fluid_accumulator:0
engineersdecor:metal_rung_steps:0
engineersdecor:metal_rung_ladder:0
engineersdecor:labeled_crate:0
engineersdecor:halfslab_treated_wood:0
engineersdecor:halfslab_sheetmetal_steel:0
engineersdecor:halfslab_sheetmetal_iron:0
engineersdecor:halfslab_sheetmetal_gold:0
engineersdecor:halfslab_sheetmetal_copper:0
engineersdecor:halfslab_sheetmetal_aluminum:0
engineersdecor:halfslab_concrete:0
engineersdecor:factory_placer:0
engineersdecor:factory_hopper:0
engineersdecor:factory_dropper:0
engineersdecor:concrete_wall:0
appliedenergistics2:part:222
appliedenergistics2:part:341
appliedenergistics2:material:58
avaritiaio:grindingballneutronium:0
betterp2p:better_memory_card:0:{selectedIndex:-1}
bibliocraft:biblioglasses:1
bibliocraft:biblioglasses:0
bibliocraft:seatback5:1
bibliocraft:seatback2:0
bibliocraft:seatback4:1
bibliocraft:seatback3:1
bibliocraft:seatback2:1
bibliocraft:seatback1:1
bibliocraft:seatback5:0
bibliocraft:seatback4:0
bibliocraft:seatback3:0
bibliocraft:seatback1:0
bibliocraft:biblioglasses:2
bibliocraft:seatback5:3
bibliocraft:seatback4:3
bibliocraft:seatback3:3
bibliocraft:seatback2:3
bibliocraft:seatback1:3
bibliocraft:seatback5:6
bibliocraft:seatback4:6
bibliocraft:seatback3:6
bibliocraft:seatback2:6
bibliocraft:seatback1:6
bibliocraft:seatback5:5
bibliocraft:seatback4:5
bibliocraft:seatback3:5
bibliocraft:seatback2:5
bibliocraft:seatback1:5
bibliocraft:seatback5:2
bibliocraft:seatback4:2
bibliocraft:seatback3:2
bibliocraft:seatback2:2
bibliocraft:seatback1:2
bibliocraft:seatback5:4
bibliocraft:seatback4:4
bibliocraft:seatback3:4
bibliocraft:seatback2:4
bibliocraft:seatback1:4
environmentaltech:laser_lens_colored:0
environmentaltech:laser_lens_colored:4
environmentaltech:laser_lens_colored:14
environmentaltech:laser_lens_colored:10
environmentaltech:laser_lens_colored:6
environmentaltech:laser_lens_colored:1
environmentaltech:laser_lens_colored:2
environmentaltech:laser_lens_colored:5
environmentaltech:laser_lens_colored:8
environmentaltech:laser_lens_colored:3
environmentaltech:laser_lens_colored:13
environmentaltech:laser_lens_colored:7
environmentaltech:laser_lens_colored:9
environmentaltech:laser_lens_colored:12
environmentaltech:laser_lens_colored:11
environmentaltech:laser_lens_colored:15
industrialforegoing:black_hole_label:0
randomthings:diviningrod:7
randomthings:diviningrod:0
randomthings:diviningrod:6
randomthings:diviningrod:1
randomthings:diviningrod:5
randomthings:diviningrod:2
randomthings:diviningrod:3
randomthings:diviningrod:4
randomthings:diviningrod:9
randomthings:diviningrod:10
randomthings:diviningrod:14
randomthings:diviningrod:13
randomthings:diviningrod:16
randomthings:diviningrod:11
randomthings:diviningrod:15
randomthings:diviningrod:17
randomthings:diviningrod:8
randomthings:diviningrod:18
randomthings:diviningrod:21
randomthings:diviningrod:20
randomthings:diviningrod:19
randomthings:diviningrod:12
rftools:storage_terminal:0
rftools:storage_module_tablet:2
rftools:storage_module_tablet:1
rftools:level_emitter:0
rftools:simple_dialer:0
neenergistics:pattern_interface:0
notenoughrtgs:rtg_uranium_dense:0
notenoughrtgs:rtg_uranium_compact:0
notenoughrtgs:rtg_plutonium_dense:0
notenoughrtgs:rtg_plutonium_compact:0
notenoughrtgs:rtg_californium_dense:0
notenoughrtgs:rtg_californium_compact:0
notenoughrtgs:rtg_americium_dense:0
notenoughrtgs:rtg_americium_compact:0
openblocks:flag:9
openblocks:flag:8
openblocks:flag:7
openblocks:flag:6
openblocks:flag:4
openblocks:flag:3
openblocks:flag:2
openblocks:flag:15
openblocks:flag:14
openblocks:flag:13
openblocks:flag:12
openblocks:flag:11
openblocks:flag:10
openblocks:flag:1
openblocks:flag:0
scalingfeast:heartyfeastitem:0
villagenames:lunarinironbrick:0
villagenames:lunaringoldbrick:0
xtones:zyth:0
xtones:base:0
xtones:ztyl:0
xtones:zorg:0
xtones:zone:0
xtones:zome:0
xtones:zoea:0
xtones:zkul:0
xtones:zion:0
xtones:zeta:0
xtones:zest:0
xtones:zech:0
xtones:zane:0
xtones:vena:0
xtones:vect:0
xtones:tank:0
xtones:sync:0
xtones:sols:0
xtones:roen:0
xtones:reed:0
xtones:reds:0
xtones:myst:0
xtones:mint:0
xtones:lave:0
xtones:lamp_flat:0
xtones:lair:0
xtones:kryp:0
xtones:korp:0
xtones:jelt:0
xtones:iszm:0
xtones:glaxx:0
xtones:fort:0
xtones:cray:0
xtones:bitt:0
xtones:azur:0
xtones:agon:0
danknull:dank_null_panel_1:0
danknull:dank_null_panel_0:0
danknull:dank_null_0:0
betteranimalsplus:record_crab_rave:0
betteranimalsplus:hirschgeistskull_1:0
rf-capability-adapter:aecapabilityadapter:0
thaumcraft:label:1:{Aspects:[{key:"aer",amount:1}]}
thaumcraft:label:1:{Aspects:[{key:"terra",amount:1}]}
thaumcraft:label:1:{Aspects:[{key:"ignis",amount:1}]}
thaumcraft:label:1:{Aspects:[{key:"aqua",amount:1}]}
thaumcraft:label:1:{Aspects:[{key:"ordo",amount:1}]}
thaumcraft:label:1:{Aspects:[{key:"perditio",amount:1}]}
thaumcraft:label:1:{Aspects:[{key:"vacuos",amount:1}]}
thaumcraft:label:1:{Aspects:[{key:"lux",amount:1}]}
thaumcraft:label:1:{Aspects:[{key:"motus",amount:1}]}
thaumcraft:label:1:{Aspects:[{key:"gelum",amount:1}]}
thaumcraft:label:1:{Aspects:[{key:"vitreus",amount:1}]}
thaumcraft:label:1:{Aspects:[{key:"metallum",amount:1}]}
thaumcraft:label:1:{Aspects:[{key:"victus",amount:1}]}
thaumcraft:label:1:{Aspects:[{key:"mortuus",amount:1}]}
thaumcraft:label:1:{Aspects:[{key:"potentia",amount:1}]}
thaumcraft:label:1:{Aspects:[{key:"permutatio",amount:1}]}
thaumcraft:label:1:{Aspects:[{key:"praecantatio",amount:1}]}
thaumcraft:label:1:{Aspects:[{key:"auram",amount:1}]}
thaumcraft:label:1:{Aspects:[{key:"alkimia",amount:1}]}
thaumcraft:label:1:{Aspects:[{key:"vitium",amount:1}]}
thaumcraft:label:1:{Aspects:[{key:"tenebrae",amount:1}]}
thaumcraft:label:1:{Aspects:[{key:"alienis",amount:1}]}
thaumcraft:label:1:{Aspects:[{key:"volatus",amount:1}]}
thaumcraft:label:1:{Aspects:[{key:"herba",amount:1}]}
thaumcraft:label:1:{Aspects:[{key:"instrumentum",amount:1}]}
thaumcraft:label:1:{Aspects:[{key:"fabrico",amount:1}]}
thaumcraft:label:1:{Aspects:[{key:"machina",amount:1}]}
thaumcraft:label:1:{Aspects:[{key:"vinculum",amount:1}]}
thaumcraft:label:1:{Aspects:[{key:"spiritus",amount:1}]}
thaumcraft:label:1:{Aspects:[{key:"cognitio",amount:1}]}
thaumcraft:label:1:{Aspects:[{key:"sensus",amount:1}]}
thaumcraft:label:1:{Aspects:[{key:"aversio",amount:1}]}
thaumcraft:label:1:{Aspects:[{key:"praemunio",amount:1}]}
thaumcraft:label:1:{Aspects:[{key:"desiderium",amount:1}]}
thaumcraft:label:1:{Aspects:[{key:"exanimis",amount:1}]}
thaumcraft:label:1:{Aspects:[{key:"bestia",amount:1}]}
thaumcraft:label:1:{Aspects:[{key:"humanus",amount:1}]}
thaumcraft:label:1:{Aspects:[{key:"fluctus",amount:1}]}
thaumcraft:label:1:{Aspects:[{key:"sonus",amount:1}]}
thaumcraft:label:1:{Aspects:[{key:"exitium",amount:1}]}
thaumcraft:label:1:{Aspects:[{key:"caeles",amount:1}]}
thaumcraft:label:1:{Aspects:[{key:"draco",amount:1}]}
thaumcraft:label:1:{Aspects:[{key:"infernum",amount:1}]}
thaumcraft:label:1:{Aspects:[{key:"ventus",amount:1}]}
thaumcraft:label:1:{Aspects:[{key:"visum",amount:1}]}
thaumcraft:label:1:{Aspects:[{key:"imperium",amount:1}]}
thaumcraft:label:1:{Aspects:[{key:"mythus",amount:1}]}
thaumcraft:label:1:{Aspects:[{key:"rattus",amount:1}]}
animania:hamster_ball_colored:15
animania:hamster_ball_colored:14
animania:hamster_ball_colored:13
animania:hamster_ball_colored:12
animania:hamster_ball_colored:11
animania:hamster_ball_colored:10
animania:hamster_ball_colored:9
animania:hamster_ball_colored:8
animania:hamster_ball_colored:7
animania:hamster_ball_colored:6
animania:hamster_ball_colored:5
animania:hamster_ball_colored:4
animania:hamster_ball_colored:3
animania:hamster_ball_colored:2
animania:hamster_ball_colored:1
animania:hamster_ball_colored:0
animania:hamster_ball_clear:0
quark:stone_wall:0
quark:stone_granite_wall:0
quark:stone_diorite_wall:0
quark:stone_andesite_wall:0
quark:sandstone_wall:0
quark:red_sandstone_wall:0
quark:stonebrick_wall:0
quark:brick_wall:0
quark:quartz_wall:0
quark:prismarine_rough_wall:0
quark:prismarine_bricks_wall:0
quark:dark_prismarine_wall:0
quark:purpur_block_wall:0
quark:end_bricks_wall:0
quark:stonebrick_mossy_wall:0
quark:bark_oak_wall:0
quark:bark_oak_stairs:0
quark:bark_oak_slab:0
quark:bark_spruce_wall:0
quark:bark_spruce_stairs:0
quark:bark_spruce_slab:0
quark:bark_birch_wall:0
quark:bark_birch_stairs:0
quark:bark_birch_slab:0
quark:bark_jungle_wall:0
quark:bark_jungle_stairs:0
quark:bark_jungle_slab:0
quark:bark_acacia_wall:0
quark:bark_acacia_stairs:0
quark:bark_acacia_slab:0
quark:bark_dark_oak_wall:0
quark:bark_dark_oak_stairs:0
quark:bark_dark_oak_slab:0
quark:iron_plate_stairs:0
quark:iron_plate_slab:0
quark:sandy_bricks_stairs:0
quark:sandy_bricks_slab:0
quark:sandy_bricks_wall:0
quark:thatch_stairs:0
quark:thatch_slab:0
quark:charred_nether_brick_stairs:0
quark:charred_nether_brick_slab:0
quark:stone_granite_bricks_stairs:0
quark:stone_granite_bricks_slab:0
quark:stone_diorite_bricks_stairs:0
quark:stone_diorite_bricks_slab:0
quark:stone_andesite_bricks_stairs:0
quark:stone_andesite_bricks_slab:0
quark:stone_basalt_bricks_stairs:0
quark:stone_basalt_bricks_slab:0
quark:stone_marble_bricks_stairs:0
quark:stone_marble_bricks_slab:0
quark:stone_limestone_bricks_stairs:0
quark:stone_limestone_bricks_slab:0
quark:stone_jasper_bricks_stairs:0
quark:stone_jasper_bricks_slab:0
quark:stone_slate_bricks_stairs:0
quark:stone_slate_bricks_slab:0
quark:stone_granite_bricks_wall:0
quark:stone_diorite_bricks_wall:0
quark:stone_andesite_bricks_wall:0
quark:stone_basalt_bricks_wall:0
quark:stone_marble_bricks_wall:0
quark:stone_limestone_bricks_wall:0
quark:stone_jasper_bricks_wall:0
quark:stone_slate_bricks_wall:0
quark:midori_block_wall:0
quark:duskbound_block_stairs:0
quark:duskbound_block_slab:0
quark:duskbound_block_wall:0
quark:reed_block_stairs:0
quark:reed_block_slab:0
quark:reed_block_wall:0
quark:snow_bricks_stairs:0
quark:snow_bricks_slab:0
quark:snow_bricks_wall:0
quark:soul_sandstone_stairs:0
quark:soul_sandstone_wall:0
quark:polished_netherrack_bricks_stairs:0
quark:polished_netherrack_bricks_slab:0
quark:polished_netherrack_bricks_wall:0
quark:pickarang:0
mia:white_sandstone_wall_quark:0
openblocks:golden_eye:90
fluid:fluid_quicksilver
danknull:dank_null_1:0
danknull:dank_null_2:0
danknull:dank_null_panel_2:0
danknull:dank_null_3:0
danknull:dank_null_panel_3:0
danknull:dank_null_4:0
danknull:dank_null_panel_4:0
danknull:dank_null_5:0
danknull:dank_null_panel_5:0
redstonerepository:armor.helmet_gelid:0:{Energy:0}
redstonerepository:armor.plate_gelid:0:{Energy:0}
redstonerepository:armor.legs_gelid:0:{Energy:0}
redstonerepository:armor.boots_gelid:0:{Energy:0}
redstonerepository:tool.battlewrench_gelid:0:{Energy:0}
redstonerepository:tool.sword_gelid:0:{Energy:0}
redstonerepository:tool.shovel_gelid:0:{Energy:0}
redstonerepository:tool.pickaxe_gelid:0:{Energy:0}
redstonerepository:tool.axe_gelid:0:{Energy:0}
redstonerepository:tool.sickle_gelid:0:{Energy:0}
forestry:bee_combs_0:1
forestry:bee_combs:1
forestry:bee_combs_0:8
forestry:bee_combs_0:9
forestry:bee_combs:9
forestry:bee_combs_0:10
forestry:bee_combs:10
forestry:bee_combs_0:11
forestry:bee_combs_0:12
forestry:bee_combs_0:13
forestry:bee_combs_0:14
forestry:bee_combs:14
forestry:propolis:2
forestry:candle:1
opencomputers:microcontroller:0
opencomputers:robot:0
opencomputers:chameliumblock:1
opencomputers:chameliumblock:2
opencomputers:chameliumblock:3
opencomputers:chameliumblock:4
opencomputers:chameliumblock:5
opencomputers:chameliumblock:6
opencomputers:chameliumblock:7
opencomputers:chameliumblock:8
opencomputers:chameliumblock:9
opencomputers:chameliumblock:10
opencomputers:chameliumblock:11
opencomputers:chameliumblock:12
opencomputers:chameliumblock:13
opencomputers:chameliumblock:14
opencomputers:chameliumblock:15
opencomputers:print:0:{isButtonMode:0b,redstoneLevel:0,pressurePlate:0b,stateOff:[],stateOn:[],isBeaconBase:1b,lightLevel:0b,noclipOff:0b,noclipOn:0b}
opencomputers:print:0
enderio:item_inventory_remote:1
enderio:item_inventory_remote:0
enderio:item_inventory_remote:2
gendustry:industrial_grafter:100:{charge:0}
gendustry:industrial_scoop:100:{charge:0}
gendustry:gene_template:0
jaopca:item_dusttinytungsten:0
contenttweaker:item_ore_tungsten:2
simple_trophies:trophy:0:{TrophyVariant:"gold",TrophyColorGreen:230,TrophyItem:{id:"mekanism:gastank",Count:1b,Damage:0s},TrophyColorBlue:0,TrophyName:"Creative Gas Tank Frame",TrophyColorRed:255,display:{Lore:["Craft with 9 DIFFERENT gases"]}}
simple_trophies:trophy:0:{TrophyVariant:"gold",TrophyColorGreen:118,TrophyItem:{id:"mekanism:machineblock2",Count:1b,Damage:11s},TrophyColorBlue:151,TrophyName:"Creative Fluid Tank Frame",TrophyColorRed:40}
contenttweaker:compressed_garbage_pile:0
eyeofdragons:eye_of_firedragon:0
eyeofdragons:eye_of_icedragon:0
contenttweaker:nugget_phosphor:0
contenttweaker:dust_tiny_gold:0
contenttweaker:dust_tiny_silver:0
oeintegration:excavatemodifier:0
jaopca:item_crystalabysstungsten:0
jaopca:item_crystalshardtungsten:0
actuallyadditions:item_knife:1900
actuallyadditions:item_knife:1600
actuallyadditions:quartz_paxel:0
actuallyadditions:gold_paxel:0
actuallyadditions:diamond_paxel:0
actuallyadditions:emerald_paxel:0
cyclicmagic:tool_warp_home:16
cyclicmagic:tool_warp_spawn:16
cyclicmagic:ender_eye_orb:100
extrautils2:miner:0
minecraft:written_book:0:{pages:["Moo?","Moam?"],author:"Cow",display:{Name:"§6A book written by a Cow"}}
kirosblocks:dyeable_chain_fence_32grid_block:0
kirosblocks:dyeable_metal_shiny_32grid_block:0
kirosblocks:dyeable_wallpaper_1_32grid_block:0
kirosblocks:default_fire_block:0
kirosblocks:leaves_32grid_block:0
kirosblocks:dyeable_leaves_32grid_block:0
mechanics:burst_seed_grainsofinfinity:0
mechanics:burst_seed_black_iron:0
randomthings:spectrecharger:0
randomthings:spectrecharger:1
randomthings:spectrecharger:2
rftdimtweak:dimension_builder:0
rftdimtweak:dimension_editor:0
immersiveengineering:stone_decoration:9
contenttweaker:item_ore_tungsten:0
fluid:tungsten
contenttweaker:compressed_tallow:0
jaopca:item_clustertungsten:0
jaopca:item_dirtygemtungsten:0
jaopca:item_crushedtungsten:0
tconstruct:spaghetti:1
fluid:electronics
ic2:cf_pack:26:{Fluid:{FluidName:"ic2construction_foam",Amount:1000}}
ic2:jetpack:26:{Fluid:{FluidName:"ic2biogas",Amount:1000}}
aeadditions:fluid.item:0:{Fluid:{FluidName:"depleted_fuel_heu_233",Amount:1000}}
aeadditions:fluid.item:0
ic2:cf_pack:26
ic2:jetpack:26
fluid:seed
fluid:ec.internal.slurrycleantungsten
fluid:ec.internal.slurrytungsten
fe:enderio:energy
mysticalagriculture:chunk:20
mysticalagriculture:chunk:21
mysticalagriculture:chunk:22
mysticalagriculture:chunk:23
mysticalcreations:astral_starmetal_essence:0
mysticalcreations:astral_starmetal_seeds:0
enderio:item_broken_spawner:0:{entityId:"animania:cow_highland"}
enderio:item_broken_spawner:0
thaumcraft:primordial_pearl:7
thaumcraft:primordial_pearl:6
thaumcraft:primordial_pearl:5
thaumcraft:primordial_pearl:3
thaumicwonders:dimensional_ripper:0
thaumicwonders:inspiration_engine:0
thaumicwonders:portal_anchor:0
thaumicwonders:hexamite:0
thaumicwonders:bone_bow:0
thaumicwonders:primal_arrow:0
thaumicwonders:primal_arrow:1
thaumicwonders:primal_arrow:2
thaumicwonders:primal_arrow:3
thaumicwonders:primal_arrow:4
thaumicwonders:primal_arrow:5
thaumicwonders:flux_distiller:0
thaumicwonders:primordial_accelerator_tunnel:0
thaumicwonders:primordial_accelerator_terminus:0
thaumadditions:crystal_lamp:0
thaumtweaks:filler:0
thaumtweaks:crafter:0
thaumicwonders:void_fortress_chest:0
thaumicwonders:void_fortress_helm:0
thaumicwonders:flying_carpet:0
thaumicwonders:meteorb:0
thaumicwonders:shimmerleaf_seed:0
thaumicwonders:timewinder:0
thaumicwonders:structure_diviner:0
thaumicwonders:portal_generator:0
thaumicwonders:void_beacon:0
thaumicwonders:everburning_urn:0
thaumicwonders:night_vision_goggles:0
thaumicwonders:alienist_stone:0
thaumicwonders:alchemist_stone:0
thaumicwonders:cleansing_charm:0
thaumicwonders:ore_diviner:0
thaumicwonders:coalescence_matrix_precursor:0
thaumicwonders:cinderpearl_seed:0
thaumicwonders:vishroom_spore:0
thaumicwonders:flux_capacitor:0
jaopca:item_dustalchtungsten:0
jaopca:item_chunktungsten:0
thaumicwonders:void_fortress_legs:0
thaumicwonders:meaty_orb:0
thaumicwonders:primordial_accelerator:0
thaumicwonders:primal_destroyer:0:{infench:[{id:6s,lvl:3s}]}
thaumicwonders:madness_engine:0
jaopca:item_rockychunktungsten:0
jaopca:item_crushedpurifiedtungsten:0
tconstruct:moms_spaghetti:0
tconstruct:spaghetti:2
contenttweaker:ore_phosphor:0
exnihilocreatio:item_cooked_silkworm:0
gas:gas:oxygen
gas:gas:ethene
gas:gas:hydrogen
contenttweaker:item_ore_tungsten:3
thaumadditions:vis_seeds/lux:0
thaumadditions:vis_seeds/perditio:0
thaumadditions:vis_seeds/terra:0
thaumadditions:vis_seeds/vitreus:0
thaumicwonders:lethe_water:0
thaumadditions:vis_seeds/aversio:0
thaumadditions:vis_seeds/potentia:0
thaumadditions:vis_seeds/aqua:0
thaumadditions:vis_seeds/sensus:0
thaumadditions:vis_seeds/machina:0
thaumadditions:vis_seeds/mortuus:0
thaumicwonders:disjunction_cloth:0
thaumadditions:vis_seeds/infernum:0
thaumadditions:vis_seeds/tenebrae:0
thaumadditions:vis_seeds/metallum:0
thaumadditions:vis_seeds/cognitio:0
thaumadditions:vis_seeds/fluctus:0
thaumicwonders:panacea:1
thaumadditions:vis_seeds/vinculum:0
thaumadditions:vis_seeds/humanus:0
thaumadditions:vis_seeds/bestia:0
thaumadditions:vis_seeds/praecantatio:0
thaumadditions:vis_seeds/vacuos:0
thaumadditions:vis_seeds/spiritus:0
thaumadditions:vis_seeds/ordo:0
thaumadditions:vis_seeds/fabrico:0
thaumadditions:vis_seeds/alienis:0
thaumadditions:vis_seeds/imperium:0
thaumicwonders:alkahest_vat:0
thaumadditions:vis_seeds/sonus:0
thaumadditions:vis_seeds/victus:0
thaumadditions:vis_seeds/volatus:0
thaumadditions:vis_seeds/exanimis:0
thaumadditions:vis_seeds/praemunio:0
thaumadditions:vis_seeds/aer:0
thaumicwonders:transmuter_stone:0
thaumadditions:vis_seeds/permutatio:0
thaumadditions:vis_seeds/auram:0
thaumadditions:vis_seeds/desiderium:0
thaumadditions:vis_seeds/exitium:0
thaumadditions:vis_seeds/visum:0
thaumicwonders:panacea:0
thaumadditions:vis_seeds/herba:0
thaumadditions:vis_seeds/ventus:0
thaumadditions:vis_seeds/instrumentum:0
thaumadditions:vis_seeds/ignis:0
thaumadditions:vis_seeds/caeles:0
thaumadditions:vis_seeds/gelum:0
thaumadditions:vis_seeds/alkimia:0
thaumadditions:vis_seeds/draco:0
thaumadditions:vis_seeds/motus:0
thaumadditions:vis_seeds/vitium:0
jaopca:item_dustdirtytungsten:0
jaopca:item_clumptungsten:0
redstonerepository:armor.helmet_gelid:0:{Energy:20000}
redstonerepository:armor.plate_gelid:0:{Energy:20000}
redstonerepository:armor.legs_gelid:0:{Energy:20000}
redstonerepository:armor.boots_gelid:0:{Energy:20000}
redstonerepository:tool.battlewrench_gelid:0:{Energy:20000}
redstonerepository:tool.sword_gelid:0:{Energy:20000}
redstonerepository:tool.shovel_gelid:0:{Energy:20000}
redstonerepository:tool.pickaxe_gelid:0:{Energy:20000}
redstonerepository:tool.axe_gelid:0:{Energy:20000}
redstonerepository:tool.sickle_gelid:0:{Energy:20000}
gendustry:honey_drop:21
gendustry:honey_drop:22
gendustry:honey_drop:24
gendustry:honey_drop:23
gendustry:honey_drop:19
gendustry:honey_drop:20
gendustry:honey_drop:17
gendustry:honey_drop:25
gendustry:honey_drop:18
gas:gas:hydrogenchloride
gas:gas:water
jaopca:item_shardtungsten:0
jaopca:item_crystaltungsten:0
botania:manaresource:20
forestry:ash_block_1:0
minecraft:mob_spawner:0
avaritiaio:grindingballinfinity:0
gas:gas:slurryTungsten
gas:gas:sulfuricacid
gas:gas:slurryTitanium
gas:gas:lead
gas:gas:slurryDraconium
gas:gas:slurryArdite
gas:gas:slurryMithril
gas:gas:slurryCobalt
gas:gas:slurryMagnesium
gas:gas:silver
gas:gas:tin
gas:gas:slurryUranium
gas:gas:copper
gas:gas:slurryNickel
gas:gas:slurryAluminium
gas:gas:slurryAstralStarmetal
gas:gas:slurryBoron
gas:gas:slurryPlatinum
gas:gas:slurryLithium
gas:gas:slurryIridium
gas:gas:osmium
gas:gas:slurryThorium
gas:gas:iron
gas:gas:gold
minecraft:red_mushroom_block:0
minecraft:brown_mushroom_block:0
netherendingores:block_nether_netherfish:0
biomesoplenty:blue_fire:0
betterquesting:placeholder:0:{display:{Name:"§e§lCondition",Lore:["§eCrafter must see the void"]}}
gas:gas:slurryCleanAluminium
gas:gas:slurryCleanArdite
gas:gas:slurryCleanAstralStarmetal
gas:gas:cleanIron
gas:gas:slurryCleanBoron
gas:gas:slurryCleanCobalt
gas:gas:cleanGold
gas:gas:slurryCleanDraconium
gas:gas:slurryCleanIridium
gas:gas:cleanOsmium
gas:gas:slurryCleanLithium
gas:gas:slurryCleanMagnesium
gas:gas:cleanCopper
gas:gas:slurryCleanMithril
gas:gas:slurryCleanNickel
gas:gas:cleanTin
gas:gas:slurryCleanPlatinum
gas:gas:slurryCleanThorium
gas:gas:cleanSilver
gas:gas:slurryCleanTitanium
gas:gas:slurryCleanTungsten
gas:gas:cleanLead
gas:gas:slurryCleanUranium
jaopca:item_cointungsten:0
minecraft:written_book:0:{pages:["Darkness?","Shhhh?"],author:"Enderman",display:{Name:"§6A book written by a Enderman"}}
minecraft:written_book:0:{pages:["Brains?","Eeehhhahhh?"],author:"Zombie",display:{Name:"§6A book written by a Zombie"}}
minecraft:written_book:0:{pages:["Sssss?","Hsssss?"],author:"Creeper",display:{Name:"§6A book written by a Creeper"}}
minecraft:written_book:0:{pages:["Meeeoow?","Rreraow?"],author:"Cat",display:{Name:"§6A book written by a Cat"}}
minecraft:written_book:0:{pages:["Baa?","Maaaa?"],author:"Sheep",display:{Name:"§6A book written by a Sheep"}}
minecraft:written_book:0:{pages:["Cock A Doodle?","Cluck?"],author:"Chicken",display:{Name:"§6A book written by a Chicken"}}
minecraft:written_book:0:{pages:["Wooof?","Ruff?"],author:"Dog",display:{Name:"§6A book written by a Dog"}}
minecraft:written_book:0:{pages:["Oink?","Weeeet?"],author:"Pig",display:{Name:"§6A book written by a Pig"}}
gas:gas:brine
gas:gas:lithium
fe:energy
gas:gas:chlorine
gas:gas:sulfurdioxide
gas:gas:sulfurtrioxide
gas:gas:sodium
gas:gas:deuterium
gas:gas:tritium
gas:gas:fusionfuel
biomesoplenty:farmland_1:0
packagedauto:package:0:{Input:[{Index:0b,id:"minecraft:diamond",Count:3b,Damage:0s},{Index:1b,id:"minecraft:stick",Count:2b,Damage:0s}],RecipeType:"packagedauto:processing",Output:[{id:"minecraft:diamond_pickaxe",Count:1b,Damage:0s}],Index:0b}
