14     [minecraft__crafting] #90177 colossalchests:colossal_chest:6
13     [THAUMCRAFT_INFUSION] #26449 thaumicwonders:everburning_urn:0
13     [THAUMCRAFT_INFUSION] #26529 thaumadditions:void_elemental_pickaxe:0:{infench:[{id:4s,lvl:1s},{id:3s,lvl:2s}]}
13     [THAUMCRAFT_ARCANE_WORKBENCH] #26738 thaumadditions:jar_eldritch:0
13     [minecraft__crafting] #90171 colossalchests:colossal_chest:4
13     [minecraft__crafting] #90174 colossalchests:colossal_chest:5
13     [minecraft__crafting] #91016 colossalchests:chest_wall:6
12     [inworldcrafting__exploding_blocks] #5606 2x contenttweaker:blasted_coal:0
12     [xu2_machine_extrautils2__enchanter] #6473 extrautils2:decorativesolidwood:1
12     [bdew__jeibees__mutation__rootBees] #10040 forestry:bee_queen_ge:0:{IsAnalyzed:1b,Health:10,MaxH:10,Genome:{Chromosomes:[{Slot:0b,UID0:"forestry.speciesCultivated",UID1:"forestry.speciesCultivated"},{Slot:1b,UID0:"forestry.speedFast",UID1:"forestry.speedFast"},{Slot:2b,UID0:"forestry.lifespanShortest",UID1:"forestry.lifespanShortest"},{Slot:3b,UID0:"forestry.fertilityNormal",UID1:"forestry.fertilityNormal"},{Slot:4b,UID0:"forestry.toleranceNone",UID1:"forestry.toleranceNone"},{Slot:5b,UID0:"forestry.boolFalse",UID1:"forestry.boolFalse"},{Slot:6b,UID0:"forestry.toleranceNone",UID1:"forestry.toleranceNone"},{Slot:7b,UID0:"forestry.boolFalse",UID1:"forestry.boolFalse"},{Slot:8b,UID0:"forestry.boolFalse",UID1:"forestry.boolFalse"},{Slot:9b,UID0:"forestry.flowersVanilla",UID1:"forestry.flowersVanilla"},{Slot:10b,UID0:"forestry.floweringSlowest",UID1:"forestry.floweringSlowest"},{Slot:11b,UID0:"forestry.territoryAverage",UID1:"forestry.territoryAverage"},{Slot:12b,UID0:"forestry.effectNone",UID1:"forestry.effectNone"}]},Mate:{Chromosomes:[{Slot:0b,UID0:"forestry.speciesCultivated",UID1:"forestry.speciesCultivated"},{Slot:1b,UID0:"forestry.speedFast",UID1:"forestry.speedFast"},{Slot:2b,UID0:"forestry.lifespanShortest",UID1:"forestry.lifespanShortest"},{Slot:3b,UID0:"forestry.fertilityNormal",UID1:"forestry.fertilityNormal"},{Slot:4b,UID0:"forestry.toleranceNone",UID1:"forestry.toleranceNone"},{Slot:5b,UID0:"forestry.boolFalse",UID1:"forestry.boolFalse"},{Slot:6b,UID0:"forestry.toleranceNone",UID1:"forestry.toleranceNone"},{Slot:7b,UID0:"forestry.boolFalse",UID1:"forestry.boolFalse"},{Slot:8b,UID0:"forestry.boolFalse",UID1:"forestry.boolFalse"},{Slot:9b,UID0:"forestry.flowersVanilla",UID1:"forestry.flowersVanilla"},{Slot:10b,UID0:"forestry.floweringSlowest",UID1:"forestry.floweringSlowest"},{Slot:11b,UID0:"forestry.territoryAverage",UID1:"forestry.territoryAverage"},{Slot:12b,UID0:"forestry.effectNone",UID1:"forestry.effectNone"}]}}
12     [thermalexpansion__pulverizer_petrotheum] #14174 4x thermalfoundation:material:68, minecraft:netherrack:0
12     [thermalexpansion__pulverizer_petrotheum] #14226 4x minecraft:quartz:0, thermalfoundation:material:771
12     [tcomplement__high_oven_mix] #15373 144x fluid:soularium
12     [THAUMCRAFT_CRUCIBLE] #19473 jaopca:item_clusteraquamarine:0
12     [forestry__fabricator] #21523 forestry:logs.vanilla.fireproof.0:2
12     [forestry__fabricator] #21525 forestry:logs.fireproof.4:1
12     [forestry__fabricator] #21526 forestry:logs.fireproof.4:0
12     [forestry__fabricator] #21531 forestry:logs.fireproof.5:2
12     [forestry__fabricator] #21537 forestry:logs.fireproof.0:1
12     [forestry__fabricator] #21539 forestry:logs.fireproof.3:2
12     [forestry__fabricator] #21541 forestry:logs.fireproof.2:2
12     [forestry__fabricator] #21542 forestry:logs.fireproof.2:3
12     [forestry__fabricator] #21543 forestry:logs.fireproof.4:3
12     [forestry__fabricator] #21544 forestry:logs.vanilla.fireproof.0:1
12     [forestry__fabricator] #21545 forestry:logs.fireproof.5:0
12     [forestry__fabricator] #21546 forestry:logs.fireproof.5:3
12     [forestry__fabricator] #21550 forestry:logs.vanilla.fireproof.0:3
12     [forestry__fabricator] #21551 5x forestry:planks.vanilla.fireproof.0:4
12     [forestry__fabricator] #21553 forestry:logs.fireproof.1:1
12     [forestry__fabricator] #21557 forestry:logs.fireproof.0:3
12     [forestry__fabricator] #21558 forestry:logs.fireproof.5:1
12     [forestry__fabricator] #21566 5x forestry:planks.fireproof.0:2
12     [forestry__fabricator] #21568 forestry:logs.fireproof.6:1
12     [forestry__fabricator] #21569 forestry:logs.fireproof.0:2
12     [forestry__fabricator] #21570 forestry:logs.vanilla.fireproof.1:1
12     [forestry__fabricator] #21571 forestry:logs.fireproof.3:0
12     [forestry__fabricator] #21576 forestry:logs.fireproof.1:2
12     [forestry__fabricator] #21578 forestry:logs.fireproof.6:2
12     [forestry__fabricator] #21583 forestry:logs.fireproof.1:0
12     [forestry__fabricator] #21587 forestry:logs.fireproof.6:0
12     [forestry__fabricator] #21589 forestry:logs.fireproof.2:0
12     [forestry__fabricator] #21593 forestry:logs.fireproof.4:2
12     [forestry__fabricator] #21598 forestry:logs.fireproof.1:3
12     [forestry__fabricator] #21602 forestry:logs.fireproof.7:0
12     [forestry__fabricator] #21605 forestry:logs.fireproof.6:3
12     [forestry__fabricator] #21610 forestry:logs.vanilla.fireproof.1:0
12     [forestry__fabricator] #21611 forestry:logs.fireproof.3:3
12     [forestry__fabricator] #21620 forestry:logs.vanilla.fireproof.0:0
12     [forestry__fabricator] #21622 forestry:logs.fireproof.0:0
12     [forestry__fabricator] #21623 forestry:logs.fireproof.3:1
12     [forestry__fabricator] #21625 forestry:logs.fireproof.2:1
12     [mekanism__precisionsawmill] #21855 6x minecraft:stick:0, thermalfoundation:material:800
12     [mekanism__precisionsawmill] #21856 6x minecraft:stick:0, thermalfoundation:material:800
12     [mekanism__precisionsawmill] #21857 6x minecraft:stick:0, thermalfoundation:material:800
12     [mekanism__precisionsawmill] #21858 6x minecraft:stick:0, thermalfoundation:material:800
12     [mekanism__precisionsawmill] #21859 6x minecraft:stick:0, thermalfoundation:material:800
12     [mekanism__precisionsawmill] #21860 6x minecraft:stick:0, thermalfoundation:material:800
12     [mekanism__precisionsawmill] #21861 6x minecraft:stick:0, thermalfoundation:material:800
12     [mekanism__precisionsawmill] #21862 6x minecraft:stick:0, thermalfoundation:material:800
12     [mekanism__precisionsawmill] #21864 6x minecraft:stick:0, thermalfoundation:material:800
12     [mekanism__precisionsawmill] #21865 6x minecraft:stick:0, thermalfoundation:material:800
12     [mekanism__precisionsawmill] #21866 6x minecraft:stick:0, thermalfoundation:material:800
12     [mekanism__precisionsawmill] #21867 6x minecraft:stick:0, thermalfoundation:material:800
12     [mekanism__precisionsawmill] #21868 6x minecraft:stick:0, thermalfoundation:material:800
12     [mekanism__precisionsawmill] #21869 6x minecraft:stick:0, thermalfoundation:material:800
12     [mekanism__precisionsawmill] #21870 6x minecraft:stick:0, thermalfoundation:material:800
12     [mekanism__precisionsawmill] #21871 6x minecraft:stick:0, thermalfoundation:material:800
12     [mekanism__precisionsawmill] #22165 6x minecraft:stick:0, thermalfoundation:material:800
12     [mekanism__precisionsawmill] #22167 6x minecraft:stick:0, thermalfoundation:material:800
12     [mekanism__precisionsawmill] #22169 6x minecraft:stick:0, thermalfoundation:material:800
12     [mekanism__precisionsawmill] #22171 6x minecraft:stick:0, thermalfoundation:material:800
12     [mekanism__precisionsawmill] #22176 6x minecraft:stick:0, thermalfoundation:material:800
12     [mekanism__precisionsawmill] #22178 6x minecraft:stick:0, thermalfoundation:material:800
12     [mekanism__precisionsawmill] #22211 6x minecraft:stick:0, thermalfoundation:material:800
12     [mekanism__precisionsawmill] #22212 6x minecraft:stick:0, thermalfoundation:material:800
12     [mekanism__precisionsawmill] #22213 6x minecraft:stick:0, thermalfoundation:material:800
12     [mekanism__precisionsawmill] #22214 6x minecraft:stick:0, thermalfoundation:material:800
12     [mekanism__precisionsawmill] #22215 6x minecraft:stick:0, thermalfoundation:material:800
12     [mekanism__precisionsawmill] #22216 6x minecraft:stick:0, thermalfoundation:material:800
12     [mekanism__precisionsawmill] #22217 6x minecraft:stick:0, thermalfoundation:material:800
12     [mekanism__precisionsawmill] #22218 6x minecraft:stick:0, thermalfoundation:material:800
12     [mekanism__precisionsawmill] #22219 6x minecraft:stick:0, thermalfoundation:material:800
12     [mekanism__precisionsawmill] #22223 6x minecraft:stick:0, thermalfoundation:material:800
12     [mekanism__precisionsawmill] #22225 6x minecraft:stick:0, thermalfoundation:material:800
12     [mekanism__precisionsawmill] #22227 6x minecraft:stick:0, thermalfoundation:material:800
12     [mekanism__precisionsawmill] #22229 6x minecraft:stick:0, thermalfoundation:material:800
12     [minecraft__smelting] #25029 bhc:red_heart:0
12     [minecraft__smelting] #25435 7x astralsorcery:itemcraftingcomponent:0
12     [minecraft__smelting] #25480 harvestcraft:calamaricookeditem:0
12     [THAUMCRAFT_INFUSION] #26355 thaumadditions:void_elemental_hoe:0
12     [THAUMCRAFT_INFUSION] #26412 thaumadditions:wormhole_mirror:0
12     [THAUMCRAFT_INFUSION] #26516 thaumadditions:void_elemental_axe:0:{infench:[{id:2s,lvl:1s},{id:0s,lvl:1s}]}
12     [THAUMCRAFT_ARCANE_WORKBENCH] #26692 thaumcraft:smelter_void:0
12     [THAUMCRAFT_ARCANE_WORKBENCH] #26732 thaumadditions:mithrillium_smelter:0
12     [minecraft__brewing] #32229 3x minecraft:lingering_potion:0:{Potion:"potioncore:launch"}
12     [THAUMCRAFT_ASPECT_FROM_ITEMSTACK] #54895 3x aspect:Lux, 157x aspect:Potentia, 42x aspect:Metallum, 56x aspect:Vitreus, 2x aspect:Victus, 72x aspect:Desiderium, 2x aspect:Bestia
12     [THAUMCRAFT_ASPECT_FROM_ITEMSTACK] #54896 3x aspect:Lux, 157x aspect:Potentia, 42x aspect:Metallum, 56x aspect:Vitreus, 2x aspect:Victus, 72x aspect:Desiderium, 2x aspect:Bestia
12     [THAUMCRAFT_ASPECT_FROM_ITEMSTACK] #55476 20x aspect:Motus, 6x aspect:Ordo, 64x aspect:Instrumentum, 292x aspect:Metallum, 15x aspect:Herba
12     [THAUMCRAFT_ASPECT_FROM_ITEMSTACK] #55477 20x aspect:Motus, 6x aspect:Ordo, 64x aspect:Instrumentum, 292x aspect:Metallum, 15x aspect:Herba
12     [THAUMCRAFT_ASPECT_FROM_ITEMSTACK] #55601 12x aspect:Motus, 3x aspect:Potentia, 46x aspect:Metallum, 3x aspect:Sensus, 12x aspect:Machina, aspect:Bestia, 6x aspect:Herba
12     [THAUMCRAFT_ASPECT_FROM_ITEMSTACK] #56296 30x aspect:Ignis, 5x aspect:Fabrico, 36x aspect:Metallum, 3x aspect:Tenebrae, 33x aspect:Terra, 12x aspect:Aqua, 7x aspect:Vacuos
12     [THAUMCRAFT_ASPECT_FROM_ITEMSTACK] #57706 2x aspect:Ordo, 2x aspect:Metallum
12     [THAUMCRAFT_ASPECT_FROM_ITEMSTACK] #61259 500x aspect:Metallum, 99x aspect:Vitreus, 45x aspect:Tenebrae, 66x aspect:Machina, 81x aspect:Praecantatio, 403x aspect:Desiderium, 192x aspect:Herba
12     [tconstruct__smeltery] #71649 144x fluid:void_metal
12     [tconstruct__smeltery] #71995 576x fluid:signalum
12     [tconstruct__smeltery] #74505 576x fluid:signalum
12     [tconstruct__smeltery] #75582 1296x fluid:thaumium
12     [minecraft__crafting] #76126 ic2:te:73
12     [minecraft__crafting] #76209 ic2:jetpack_electric:0
12     [minecraft__crafting] #76779 biomesoplenty:terrarium:11
12     [minecraft__crafting] #76781 biomesoplenty:terrarium:10
12     [minecraft__crafting] #76825 biomesoplenty:terrarium:4
12     [minecraft__crafting] #78618 harvestcraft:fishdinneritem:0
12     [minecraft__crafting] #81855 environmentaltech:structure_panel_clear:0
12     [minecraft__crafting] #82331 randomthings:diviningrod:7
12     [minecraft__crafting] #85251 cyclicmagic:tool_spawn_inspect:0
12     [minecraft__crafting] #85299 cyclicmagic:moon_sensor:0
12     [minecraft__crafting] #85890 thermalinnovation:quiver:3
12     [minecraft__crafting] #90165 colossalchests:colossal_chest:2
12     [minecraft__crafting] #90667 contenttweaker:conglomerate_of_coal:0
12     [minecraft__crafting] #90669 minecraft:potion:0:{enchantmentColor:327880,ench:[{lvl:1s,id:40s}],CustomPotionColor:327691,CustomPotionEffects:[{Duration:600,Id:1,Amplifier:0},{Duration:600,Id:2,Amplifier:0}],display:{Name:"§dCombo Potion",Lore:["Combination of 2 potions with same effects and durations"]},PotionCombined:1}
12     [minecraft__crafting] #91015 colossalchests:chest_wall:5
12     [minecraft__crafting] #91456 industrialforegoing:fluiddictionary_converter:0
12     [minecraft__crafting] #91492 industrialforegoing:pitiful_fuel_generator:0
12     [minecraft__crafting] #91668 mechanics:burst_seed_black_iron:0
12     [minecraft__crafting] #91772 16x mysticalagriculture:witherproof_glass:0
11     [bursting] #5369 extendedcrafting:material:1
11     [astralsorcery__lightTransmutation] #5626 minecraft:obsidian:0
11     [astralsorcery__lightTransmutation] #5627 minecraft:clay:0
11     [astralsorcery__lightTransmutation] #5628 minecraft:emerald_ore:0
11     [astralsorcery__lightTransmutation] #5629 minecraft:soul_sand:0
11     [astralsorcery__lightTransmutation] #5630 minecraft:lapis_block:0
11     [astralsorcery__lightTransmutation] #5631 minecraft:end_stone:0
11     [astralsorcery__lightTransmutation] #5632 minecraft:nether_brick:0
11     [astralsorcery__lightTransmutation] #5634 minecraft:cake:0
11     [requious__beacon_effects] #6343 minecraft:potion:0:{Potion:"potioncore:reach"}
11     [rats__chef_rat] #6378 randomthings:beans:2
11     [canner_BottleSolid] #6520 12x ic2:filled_tin_can:0
11     [ie__alloysmelter] #6652 forestry:phosphor:0, contenttweaker:empowered_phosphor:0
11     [fluid_dictionary] #7363 100x fluid:xpjuice
11     [fluid_dictionary] #7365 100x fluid:experience
11     [fluid_dictionary] #7366 100x fluid:essence
11     [fluid_dictionary] #7368 100x fluid:xpjuice
11     [centrifuge] #10300 112x ic2:nuclear:2, 7x ic2:nuclear:1
11     [mekanism__crusher] #13897 36x appliedenergistics2:material:2
11     [thermalexpansion__pulverizer_petrotheum] #14172 4x mekanism:dust:2, minecraft:netherrack:0
11     [thermalexpansion__pulverizer_petrotheum] #14193 4x appliedenergistics2:material:0, minecraft:netherrack:0
11     [thermalexpansion__pulverizer_petrotheum] #14203 3x thermalfoundation:material:68, thermalfoundation:material:0
11     [thermalexpansion__pulverizer_petrotheum] #14302 4x appliedenergistics2:material:1, minecraft:netherrack:0
11     [thermalexpansion__pulverizer_petrotheum] #14308 4x minecraft:coal:0, minecraft:netherrack:0
11     [thermalexpansion__pulverizer_petrotheum] #14311 4x jaopca:item_dustaquamarine:0, thermalfoundation:material:68
11     [tcomplement__high_oven_mix] #15377 144x fluid:redstone_alloy
11     [xu2_machine_extrautils2__crusher] #17406 4x minecraft:glowstone_dust:0
11     [THAUMCRAFT_CRUCIBLE] #19501 thaumicwonders:transmuter_stone:65406
11     [forestry__fabricator] #21524 10x appliedenergistics2:quartz_glass:0
11     [forestry__fabricator] #21527 5x forestry:planks.fireproof.1:2
11     [forestry__fabricator] #21529 4x minecraft:stained_glass:7
11     [forestry__fabricator] #21530 5x forestry:planks.fireproof.1:0
11     [forestry__fabricator] #21534 5x forestry:planks.vanilla.fireproof.0:1
11     [forestry__fabricator] #21535 5x forestry:planks.fireproof.1:6
11     [forestry__fabricator] #21536 4x minecraft:stained_glass:2
11     [forestry__fabricator] #21538 5x forestry:planks.fireproof.0:9
11     [forestry__fabricator] #21540 4x forestry:thermionic_tubes:10
11     [forestry__fabricator] #21547 forestry:flexible_casing:0
11     [forestry__fabricator] #21548 5x forestry:planks.fireproof.1:5
11     [forestry__fabricator] #21549 4x minecraft:stained_glass:1
11     [forestry__fabricator] #21552 4x minecraft:stained_glass:4
11     [forestry__fabricator] #21554 5x forestry:planks.vanilla.fireproof.0:2
11     [forestry__fabricator] #21555 5x forestry:planks.fireproof.0:1
11     [forestry__fabricator] #21556 5x forestry:planks.fireproof.0:12
11     [forestry__fabricator] #21560 5x forestry:planks.fireproof.0:7
11     [forestry__fabricator] #21561 5x forestry:planks.fireproof.0:0
11     [forestry__fabricator] #21562 4x minecraft:stained_glass:14
11     [forestry__fabricator] #21565 5x forestry:planks.fireproof.0:15
11     [forestry__fabricator] #21567 5x forestry:planks.fireproof.0:13
11     [forestry__fabricator] #21572 4x minecraft:stained_glass:9
11     [forestry__fabricator] #21573 5x forestry:planks.fireproof.1:12
11     [forestry__fabricator] #21574 5x forestry:planks.vanilla.fireproof.0:3
11     [forestry__fabricator] #21575 4x minecraft:stained_glass:6
11     [forestry__fabricator] #21581 4x minecraft:stained_glass:15
11     [forestry__fabricator] #21582 5x forestry:planks.fireproof.0:14
11     [forestry__fabricator] #21584 4x minecraft:stained_glass:13
11     [forestry__fabricator] #21585 5x forestry:planks.fireproof.1:3
11     [forestry__fabricator] #21586 5x forestry:planks.fireproof.0:11
11     [forestry__fabricator] #21588 5x forestry:planks.fireproof.0:6
11     [forestry__fabricator] #21590 5x forestry:planks.fireproof.0:8
11     [forestry__fabricator] #21591 4x minecraft:stained_glass:8
11     [forestry__fabricator] #21592 4x minecraft:stained_glass:10
11     [forestry__fabricator] #21595 5x forestry:planks.fireproof.1:9
11     [forestry__fabricator] #21596 4x minecraft:stained_glass:11
11     [forestry__fabricator] #21599 5x forestry:planks.fireproof.1:11
11     [forestry__fabricator] #21600 4x minecraft:stained_glass:12
11     [forestry__fabricator] #21603 5x forestry:planks.fireproof.0:5
11     [forestry__fabricator] #21604 4x minecraft:stained_glass:0
11     [forestry__fabricator] #21606 5x forestry:planks.fireproof.1:4
11     [forestry__fabricator] #21607 5x forestry:planks.fireproof.1:10
11     [forestry__fabricator] #21609 5x forestry:planks.vanilla.fireproof.0:5
11     [forestry__fabricator] #21612 4x forestry:thermionic_tubes:2
11     [forestry__fabricator] #21613 5x forestry:planks.fireproof.0:4
11     [forestry__fabricator] #21615 4x minecraft:stained_glass:3